2015-07-11 05:28:52,198 CRIT Supervisor running as root (no user in config file)
2015-07-11 05:28:52,302 INFO RPC interface 'supervisor' initialized
2015-07-11 05:28:52,302 CRIT Server 'unix_http_server' running without any HTTP authentication checking
2015-07-11 05:28:52,302 INFO supervisord started with pid 2380
2015-07-11 05:28:53,304 INFO spawned: 'httpd' with pid 2462
2015-07-11 05:28:54,306 INFO success: httpd entered RUNNING state, process has stayed up for > than 1 seconds (startsecs)
2015-07-11 05:36:03,958 INFO stopped: httpd (exit status 0)
2015-07-11 05:36:04,962 INFO spawned: 'httpd' with pid 3141
2015-07-11 05:36:06,026 INFO success: httpd entered RUNNING state, process has stayed up for > than 1 seconds (startsecs)
2015-07-11 05:45:54,771 INFO stopped: httpd (exit status 0)
2015-07-11 05:45:55,775 INFO spawned: 'httpd' with pid 4065
2015-07-11 05:45:56,808 INFO success: httpd entered RUNNING state, process has stayed up for > than 1 seconds (startsecs)
2015-07-11 06:17:01,632 INFO stopped: httpd (exit status 0)
2015-07-11 06:17:01,638 INFO spawned: 'httpd' with pid 4760
2015-07-11 06:17:02,949 INFO success: httpd entered RUNNING state, process has stayed up for > than 1 seconds (startsecs)
2015-07-11 06:21:41,530 INFO stopped: httpd (exit status 0)
2015-07-11 06:21:41,534 INFO spawned: 'httpd' with pid 5176
2015-07-11 06:21:42,567 INFO success: httpd entered RUNNING state, process has stayed up for > than 1 seconds (startsecs)
2015-07-11 06:28:03,435 INFO stopped: httpd (exit status 0)
2015-07-11 06:28:03,438 INFO spawned: 'httpd' with pid 5633
2015-07-11 06:28:04,472 INFO success: httpd entered RUNNING state, process has stayed up for > than 1 seconds (startsecs)
2015-07-11 06:50:40,163 INFO stopped: httpd (exit status 0)
2015-07-11 06:50:40,167 INFO spawned: 'httpd' with pid 29459
2015-07-11 06:50:41,200 INFO success: httpd entered RUNNING state, process has stayed up for > than 1 seconds (startsecs)
2015-07-11 06:53:17,145 INFO stopped: httpd (exit status 0)
2015-07-11 06:53:17,148 INFO spawned: 'httpd' with pid 29875
2015-07-11 06:53:18,180 INFO success: httpd entered RUNNING state, process has stayed up for > than 1 seconds (startsecs)
2015-07-11 07:09:59,561 INFO stopped: httpd (exit status 0)
2015-07-11 07:09:59,564 INFO spawned: 'httpd' with pid 30447
2015-07-11 07:10:00,598 INFO success: httpd entered RUNNING state, process has stayed up for > than 1 seconds (startsecs)
2015-07-11 07:12:05,159 INFO stopped: httpd (exit status 0)
2015-07-11 07:12:05,162 INFO spawned: 'httpd' with pid 30854
2015-07-11 07:12:06,195 INFO success: httpd entered RUNNING state, process has stayed up for > than 1 seconds (startsecs)
2015-07-11 08:56:33,733 INFO stopped: httpd (exit status 0)
2015-07-11 08:56:33,736 INFO spawned: 'httpd' with pid 32280
2015-07-11 08:56:34,770 INFO success: httpd entered RUNNING state, process has stayed up for > than 1 seconds (startsecs)
2015-07-11 10:06:54,872 INFO stopped: httpd (exit status 0)
2015-07-11 10:06:54,875 INFO spawned: 'httpd' with pid 873
2015-07-11 10:06:55,907 INFO success: httpd entered RUNNING state, process has stayed up for > than 1 seconds (startsecs)
2015-07-11 10:12:11,347 INFO stopped: httpd (exit status 0)
2015-07-11 10:12:11,350 INFO spawned: 'httpd' with pid 1295
2015-07-11 10:12:12,382 INFO success: httpd entered RUNNING state, process has stayed up for > than 1 seconds (startsecs)
2015-07-11 11:34:55,712 INFO stopped: httpd (exit status 0)
2015-07-11 11:34:55,715 INFO spawned: 'httpd' with pid 2473
2015-07-11 11:34:56,749 INFO success: httpd entered RUNNING state, process has stayed up for > than 1 seconds (startsecs)
2015-07-11 11:42:59,707 INFO stopped: httpd (exit status 0)
2015-07-11 11:42:59,711 INFO spawned: 'httpd' with pid 2923
2015-07-11 11:43:00,743 INFO success: httpd entered RUNNING state, process has stayed up for > than 1 seconds (startsecs)
2015-07-11 14:32:45,652 INFO stopped: httpd (exit status 0)
2015-07-11 14:32:45,655 INFO spawned: 'httpd' with pid 4643
2015-07-11 14:32:46,688 INFO success: httpd entered RUNNING state, process has stayed up for > than 1 seconds (startsecs)
2015-07-11 14:34:50,741 INFO stopped: httpd (exit status 0)
2015-07-11 14:34:51,745 INFO spawned: 'httpd' with pid 5028
2015-07-11 14:34:52,777 INFO success: httpd entered RUNNING state, process has stayed up for > than 1 seconds (startsecs)
2015-07-11 14:44:24,079 INFO stopped: httpd (exit status 0)
2015-07-11 14:44:24,083 INFO spawned: 'httpd' with pid 5473
2015-07-11 14:44:25,115 INFO success: httpd entered RUNNING state, process has stayed up for > than 1 seconds (startsecs)
2015-07-11 15:24:53,117 INFO stopped: httpd (exit status 0)
2015-07-11 15:24:53,120 INFO spawned: 'httpd' with pid 6223
2015-07-11 15:24:54,153 INFO success: httpd entered RUNNING state, process has stayed up for > than 1 seconds (startsecs)
2015-07-11 15:37:25,321 INFO stopped: httpd (exit status 0)
2015-07-11 15:37:25,325 INFO spawned: 'httpd' with pid 6720
2015-07-11 15:37:26,358 INFO success: httpd entered RUNNING state, process has stayed up for > than 1 seconds (startsecs)
2015-07-11 15:55:58,669 INFO stopped: httpd (exit status 0)
2015-07-11 15:55:58,673 INFO spawned: 'httpd' with pid 7059
2015-07-11 15:55:59,705 INFO success: httpd entered RUNNING state, process has stayed up for > than 1 seconds (startsecs)
2015-07-11 15:58:56,494 INFO stopped: httpd (exit status 0)
2015-07-11 15:58:57,499 INFO spawned: 'httpd' with pid 7452
2015-07-11 15:58:58,534 INFO success: httpd entered RUNNING state, process has stayed up for > than 1 seconds (startsecs)
2015-07-11 16:01:38,895 INFO stopped: httpd (exit status 0)
2015-07-11 16:01:38,899 INFO spawned: 'httpd' with pid 7896
2015-07-11 16:01:39,932 INFO success: httpd entered RUNNING state, process has stayed up for > than 1 seconds (startsecs)
2015-07-11 17:16:14,472 INFO stopped: httpd (exit status 0)
2015-07-11 17:16:14,475 INFO spawned: 'httpd' with pid 8973
2015-07-11 17:16:15,509 INFO success: httpd entered RUNNING state, process has stayed up for > than 1 seconds (startsecs)
2015-07-11 17:19:50,591 INFO stopped: httpd (exit status 0)
2015-07-11 17:19:50,595 INFO spawned: 'httpd' with pid 9389
2015-07-11 17:19:51,627 INFO success: httpd entered RUNNING state, process has stayed up for > than 1 seconds (startsecs)
2015-07-11 17:23:19,533 INFO stopped: httpd (exit status 0)
2015-07-11 17:23:19,536 INFO spawned: 'httpd' with pid 9792
2015-07-11 17:23:20,569 INFO success: httpd entered RUNNING state, process has stayed up for > than 1 seconds (startsecs)
2015-07-11 17:33:13,172 INFO stopped: httpd (exit status 0)
2015-07-11 17:33:13,176 INFO spawned: 'httpd' with pid 10249
2015-07-11 17:33:14,208 INFO success: httpd entered RUNNING state, process has stayed up for > than 1 seconds (startsecs)
2015-07-11 18:42:24,425 INFO stopped: httpd (exit status 0)
2015-07-11 18:42:24,428 INFO spawned: 'httpd' with pid 11195
2015-07-11 18:42:25,460 INFO success: httpd entered RUNNING state, process has stayed up for > than 1 seconds (startsecs)
2015-07-11 18:50:32,136 INFO stopped: httpd (exit status 0)
2015-07-11 18:50:32,139 INFO spawned: 'httpd' with pid 11636
2015-07-11 18:50:33,171 INFO success: httpd entered RUNNING state, process has stayed up for > than 1 seconds (startsecs)
2015-07-11 18:52:31,234 INFO stopped: httpd (exit status 0)
2015-07-11 18:52:31,237 INFO spawned: 'httpd' with pid 12036
2015-07-11 18:52:32,271 INFO success: httpd entered RUNNING state, process has stayed up for > than 1 seconds (startsecs)
2015-07-11 19:12:13,455 INFO stopped: httpd (exit status 0)
2015-07-11 19:12:13,459 INFO spawned: 'httpd' with pid 12609
2015-07-11 19:12:14,490 INFO success: httpd entered RUNNING state, process has stayed up for > than 1 seconds (startsecs)
2015-07-11 19:15:23,336 INFO stopped: httpd (exit status 0)
2015-07-11 19:15:23,339 INFO spawned: 'httpd' with pid 13014
2015-07-11 19:15:24,372 INFO success: httpd entered RUNNING state, process has stayed up for > than 1 seconds (startsecs)
2015-07-11 19:17:15,601 INFO stopped: httpd (exit status 0)
2015-07-11 19:17:15,604 INFO spawned: 'httpd' with pid 13422
2015-07-11 19:17:16,638 INFO success: httpd entered RUNNING state, process has stayed up for > than 1 seconds (startsecs)
2015-07-11 19:24:16,086 INFO stopped: httpd (exit status 0)
2015-07-11 19:24:16,090 INFO spawned: 'httpd' with pid 13863
2015-07-11 19:24:17,123 INFO success: httpd entered RUNNING state, process has stayed up for > than 1 seconds (startsecs)
2015-07-11 19:25:51,571 INFO stopped: httpd (exit status 0)
2015-07-11 19:25:51,576 INFO spawned: 'httpd' with pid 14259
2015-07-11 19:25:52,607 INFO success: httpd entered RUNNING state, process has stayed up for > than 1 seconds (startsecs)
2015-07-11 19:28:04,236 INFO stopped: httpd (exit status 0)
2015-07-11 19:28:04,240 INFO spawned: 'httpd' with pid 14683
2015-07-11 19:28:05,272 INFO success: httpd entered RUNNING state, process has stayed up for > than 1 seconds (startsecs)
2015-07-11 19:32:38,009 INFO stopped: httpd (exit status 0)
2015-07-11 19:32:38,012 INFO spawned: 'httpd' with pid 15110
2015-07-11 19:32:39,045 INFO success: httpd entered RUNNING state, process has stayed up for > than 1 seconds (startsecs)
2015-07-11 19:37:54,612 INFO stopped: httpd (exit status 0)
2015-07-11 19:37:54,616 INFO spawned: 'httpd' with pid 15543
2015-07-11 19:37:55,648 INFO success: httpd entered RUNNING state, process has stayed up for > than 1 seconds (startsecs)
2015-07-11 19:45:37,644 INFO stopped: httpd (exit status 0)
2015-07-11 19:45:37,648 INFO spawned: 'httpd' with pid 15996
2015-07-11 19:45:38,681 INFO success: httpd entered RUNNING state, process has stayed up for > than 1 seconds (startsecs)
2015-07-14 17:59:06,467 INFO stopped: httpd (exit status 0)
2015-07-14 17:59:06,471 INFO spawned: 'httpd' with pid 22742
2015-07-14 17:59:07,698 INFO success: httpd entered RUNNING state, process has stayed up for > than 1 seconds (startsecs)
