2015-07-11 05:28:28,680 [INFO] -----------------------Starting build-----------------------
2015-07-11 05:28:28,716 [INFO] Running configSets: _OnInstanceBoot
2015-07-11 05:28:28,717 [INFO] Running configSet _OnInstanceBoot
2015-07-11 05:28:28,721 [INFO] Running config AWSEBBaseConfig
2015-07-11 05:28:28,726 [INFO] Command clearbackupfiles succeeded
2015-07-11 05:28:28,735 [INFO] Running config AWSEBMessageOfTheDay
2015-07-11 05:28:28,738 [INFO] Command 01clearoriginal succeeded
2015-07-11 05:28:28,744 [INFO] Command 02createbanner succeeded
2015-07-11 05:28:28,755 [INFO] Command 03updatebanner succeeded
2015-07-11 05:28:28,763 [INFO] Running config Infra-InstallBaseHooksPkg
2015-07-11 05:28:28,950 [INFO] Running config Infra-InstallContainerHooksPkg
2015-07-11 05:28:29,727 [INFO] Running config Infra-WriteLeaderTestScript
2015-07-11 05:28:29,734 [INFO] Running config AWSEBLockCfnBootstap
2015-07-11 05:28:29,738 [INFO] Command add_lock succeeded
2015-07-11 05:28:29,746 [INFO] Running config Infra-WriteTailLogsConf
2015-07-11 05:28:29,754 [INFO] Running config Infra-WriteSystemTailLogsConf
2015-07-11 05:28:29,762 [INFO] Running config Infra-WriteBundleLogsConf
2015-07-11 05:28:29,767 [INFO] Running config Infra-WritePublishLogsConf
2015-07-11 05:28:29,771 [INFO] Running config Infra-WritePublishLogsCron
2015-07-11 05:28:29,773 [INFO] ConfigSets completed
2015-07-11 05:28:29,780 [INFO] -----------------------Build complete-----------------------
2015-07-11 05:28:31,636 [INFO] -----------------------Starting build-----------------------
2015-07-11 05:28:31,776 [INFO] Running configSets: Infra-WriteApplication2
2015-07-11 05:28:31,777 [INFO] Running configSet Infra-WriteApplication2
2015-07-11 05:28:31,778 [INFO] Running config Infra-WriteApplication2
2015-07-11 05:28:33,880 [INFO] Command 01downloadVersion succeeded
2015-07-11 05:28:33,883 [INFO] Command 02deleteVersionDownloadScriptFile succeeded
2015-07-11 05:28:33,885 [INFO] ConfigSets completed
2015-07-11 05:28:33,892 [INFO] -----------------------Build complete-----------------------
2015-07-11 05:29:12,402 [INFO] -----------------------Starting build-----------------------
2015-07-11 05:29:12,421 [INFO] Running configSets: Infra-EmbeddedPreBuild
2015-07-11 05:29:12,422 [INFO] Running configSet Infra-EmbeddedPreBuild
2015-07-11 05:29:12,422 [INFO] Running config prebuild_0_ladio_test2
2015-07-11 05:29:55,807 [INFO] Yum installed [u'postgresql93-devel', u'git']
2015-07-11 05:29:55,810 [INFO] ConfigSets completed
2015-07-11 05:29:55,816 [INFO] -----------------------Build complete-----------------------
2015-07-11 05:31:12,137 [INFO] -----------------------Starting build-----------------------
2015-07-11 05:31:13,255 [INFO] Running configSets: Infra-EmbeddedPostBuild
2015-07-11 05:31:13,256 [INFO] Running configSet Infra-EmbeddedPostBuild
2015-07-11 05:31:13,257 [INFO] Running config postbuild_0_ladio_test2
2015-07-11 05:31:14,313 [ERROR] Command 01_migration (source /opt/python/run/venv/bin/activate && python ladio/manage.py makemigrations main) failed
2015-07-11 05:31:14,313 [ERROR] Error encountered during build of postbuild_0_ladio_test2: Command 01_migration failed
Traceback (most recent call last):
  File "/usr/local/lib/python2.7/site-packages/cfnbootstrap/construction.py", line 517, in run_config
    CloudFormationCarpenter(config, self._auth_config).build(worklog)
  File "/usr/local/lib/python2.7/site-packages/cfnbootstrap/construction.py", line 248, in build
    changes['commands'] = CommandTool().apply(self._config.commands)
  File "/usr/local/lib/python2.7/site-packages/cfnbootstrap/command_tool.py", line 113, in apply
    raise ToolError(u"Command %s failed" % name)
ToolError: Command 01_migration failed
2015-07-11 05:31:14,315 [ERROR] -----------------------BUILD FAILED!------------------------
2015-07-11 05:31:14,315 [ERROR] Unhandled exception during build: Command 01_migration failed
Traceback (most recent call last):
  File "/opt/aws/bin/cfn-init", line 123, in <module>
    worklog.build(detail.metadata, configSets)
  File "/usr/local/lib/python2.7/site-packages/cfnbootstrap/construction.py", line 118, in build
    Contractor(metadata).build(configSets, self)
  File "/usr/local/lib/python2.7/site-packages/cfnbootstrap/construction.py", line 505, in build
    self.run_config(config, worklog)
  File "/usr/local/lib/python2.7/site-packages/cfnbootstrap/construction.py", line 517, in run_config
    CloudFormationCarpenter(config, self._auth_config).build(worklog)
  File "/usr/local/lib/python2.7/site-packages/cfnbootstrap/construction.py", line 248, in build
    changes['commands'] = CommandTool().apply(self._config.commands)
  File "/usr/local/lib/python2.7/site-packages/cfnbootstrap/command_tool.py", line 113, in apply
    raise ToolError(u"Command %s failed" % name)
ToolError: Command 01_migration failed
2015-07-11 05:38:37,183 [INFO] -----------------------Starting build-----------------------
2015-07-11 05:38:37,205 [INFO] Running configSets: Infra-WriteApplication2
2015-07-11 05:38:37,205 [INFO] Running configSet Infra-WriteApplication2
2015-07-11 05:38:37,206 [INFO] Running config Infra-WriteApplication2
2015-07-11 05:38:38,386 [INFO] Command 01downloadVersion succeeded
2015-07-11 05:38:38,398 [INFO] Command 02deleteVersionDownloadScriptFile succeeded
2015-07-11 05:38:38,400 [INFO] ConfigSets completed
2015-07-11 05:38:38,408 [INFO] -----------------------Build complete-----------------------
2015-07-11 05:38:38,692 [INFO] -----------------------Starting build-----------------------
2015-07-11 05:38:38,708 [INFO] Running configSets: Infra-EmbeddedPreBuild
2015-07-11 05:38:38,708 [INFO] Running configSet Infra-EmbeddedPreBuild
2015-07-11 05:38:38,709 [INFO] Running config prebuild_0_ladio_test2
2015-07-11 05:38:39,359 [INFO] ConfigSets completed
2015-07-11 05:38:39,366 [INFO] -----------------------Build complete-----------------------
2015-07-11 05:38:43,604 [INFO] -----------------------Starting build-----------------------
2015-07-11 05:38:43,755 [INFO] Running configSets: Infra-EmbeddedPostBuild
2015-07-11 05:38:43,756 [INFO] Running configSet Infra-EmbeddedPostBuild
2015-07-11 05:38:43,756 [INFO] Running config postbuild_0_ladio_test2
2015-07-11 05:38:46,002 [INFO] Command 01_migration succeeded
2015-07-11 05:38:50,236 [INFO] Command 02_migrate succeeded
2015-07-11 05:38:52,078 [ERROR] Command 03_createsu (source /opt/python/run/venv/bin/activate && python ladio/manage.py createsu) failed
2015-07-11 05:38:52,078 [ERROR] Error encountered during build of postbuild_0_ladio_test2: Command 03_createsu failed
Traceback (most recent call last):
  File "/usr/local/lib/python2.7/site-packages/cfnbootstrap/construction.py", line 517, in run_config
    CloudFormationCarpenter(config, self._auth_config).build(worklog)
  File "/usr/local/lib/python2.7/site-packages/cfnbootstrap/construction.py", line 248, in build
    changes['commands'] = CommandTool().apply(self._config.commands)
  File "/usr/local/lib/python2.7/site-packages/cfnbootstrap/command_tool.py", line 113, in apply
    raise ToolError(u"Command %s failed" % name)
ToolError: Command 03_createsu failed
2015-07-11 05:38:52,079 [ERROR] -----------------------BUILD FAILED!------------------------
2015-07-11 05:38:52,079 [ERROR] Unhandled exception during build: Command 03_createsu failed
Traceback (most recent call last):
  File "/opt/aws/bin/cfn-init", line 123, in <module>
    worklog.build(detail.metadata, configSets)
  File "/usr/local/lib/python2.7/site-packages/cfnbootstrap/construction.py", line 118, in build
    Contractor(metadata).build(configSets, self)
  File "/usr/local/lib/python2.7/site-packages/cfnbootstrap/construction.py", line 505, in build
    self.run_config(config, worklog)
  File "/usr/local/lib/python2.7/site-packages/cfnbootstrap/construction.py", line 517, in run_config
    CloudFormationCarpenter(config, self._auth_config).build(worklog)
  File "/usr/local/lib/python2.7/site-packages/cfnbootstrap/construction.py", line 248, in build
    changes['commands'] = CommandTool().apply(self._config.commands)
  File "/usr/local/lib/python2.7/site-packages/cfnbootstrap/command_tool.py", line 113, in apply
    raise ToolError(u"Command %s failed" % name)
ToolError: Command 03_createsu failed
2015-07-11 05:43:36,894 [INFO] -----------------------Starting build-----------------------
2015-07-11 05:43:36,915 [INFO] Running configSets: Infra-WriteApplication2
2015-07-11 05:43:36,915 [INFO] Running configSet Infra-WriteApplication2
2015-07-11 05:43:36,916 [INFO] Running config Infra-WriteApplication2
2015-07-11 05:43:37,935 [INFO] Command 01downloadVersion succeeded
2015-07-11 05:43:37,938 [INFO] Command 02deleteVersionDownloadScriptFile succeeded
2015-07-11 05:43:37,941 [INFO] ConfigSets completed
2015-07-11 05:43:37,949 [INFO] -----------------------Build complete-----------------------
2015-07-11 05:43:38,235 [INFO] -----------------------Starting build-----------------------
2015-07-11 05:43:38,251 [INFO] Running configSets: Infra-EmbeddedPreBuild
2015-07-11 05:43:38,251 [INFO] Running configSet Infra-EmbeddedPreBuild
2015-07-11 05:43:38,252 [INFO] Running config prebuild_0_ladio_test2
2015-07-11 05:43:38,677 [INFO] ConfigSets completed
2015-07-11 05:43:38,684 [INFO] -----------------------Build complete-----------------------
2015-07-11 05:43:42,142 [INFO] -----------------------Starting build-----------------------
2015-07-11 05:43:42,223 [INFO] Running configSets: Infra-EmbeddedPostBuild
2015-07-11 05:43:42,224 [INFO] Running configSet Infra-EmbeddedPostBuild
2015-07-11 05:43:42,225 [INFO] Running config postbuild_0_ladio_test2
2015-07-11 05:43:44,218 [INFO] Command 01_migration succeeded
2015-07-11 05:43:49,471 [INFO] Command 02_migrate succeeded
2015-07-11 05:43:51,328 [ERROR] Command 03_createsu (source /opt/python/run/venv/bin/activate && python ladio/manage.py createsu) failed
2015-07-11 05:43:51,328 [ERROR] Error encountered during build of postbuild_0_ladio_test2: Command 03_createsu failed
Traceback (most recent call last):
  File "/usr/local/lib/python2.7/site-packages/cfnbootstrap/construction.py", line 517, in run_config
    CloudFormationCarpenter(config, self._auth_config).build(worklog)
  File "/usr/local/lib/python2.7/site-packages/cfnbootstrap/construction.py", line 248, in build
    changes['commands'] = CommandTool().apply(self._config.commands)
  File "/usr/local/lib/python2.7/site-packages/cfnbootstrap/command_tool.py", line 113, in apply
    raise ToolError(u"Command %s failed" % name)
ToolError: Command 03_createsu failed
2015-07-11 05:43:51,328 [ERROR] -----------------------BUILD FAILED!------------------------
2015-07-11 05:43:51,328 [ERROR] Unhandled exception during build: Command 03_createsu failed
Traceback (most recent call last):
  File "/opt/aws/bin/cfn-init", line 123, in <module>
    worklog.build(detail.metadata, configSets)
  File "/usr/local/lib/python2.7/site-packages/cfnbootstrap/construction.py", line 118, in build
    Contractor(metadata).build(configSets, self)
  File "/usr/local/lib/python2.7/site-packages/cfnbootstrap/construction.py", line 505, in build
    self.run_config(config, worklog)
  File "/usr/local/lib/python2.7/site-packages/cfnbootstrap/construction.py", line 517, in run_config
    CloudFormationCarpenter(config, self._auth_config).build(worklog)
  File "/usr/local/lib/python2.7/site-packages/cfnbootstrap/construction.py", line 248, in build
    changes['commands'] = CommandTool().apply(self._config.commands)
  File "/usr/local/lib/python2.7/site-packages/cfnbootstrap/command_tool.py", line 113, in apply
    raise ToolError(u"Command %s failed" % name)
ToolError: Command 03_createsu failed
2015-07-11 05:45:03,456 [INFO] -----------------------Starting build-----------------------
2015-07-11 05:45:03,478 [INFO] Running configSets: Infra-WriteApplication2
2015-07-11 05:45:03,479 [INFO] Running configSet Infra-WriteApplication2
2015-07-11 05:45:03,480 [INFO] Running config Infra-WriteApplication2
2015-07-11 05:45:04,586 [INFO] Command 01downloadVersion succeeded
2015-07-11 05:45:04,590 [INFO] Command 02deleteVersionDownloadScriptFile succeeded
2015-07-11 05:45:04,592 [INFO] ConfigSets completed
2015-07-11 05:45:04,602 [INFO] -----------------------Build complete-----------------------
2015-07-11 05:45:04,885 [INFO] -----------------------Starting build-----------------------
2015-07-11 05:45:04,906 [INFO] Running configSets: Infra-EmbeddedPreBuild
2015-07-11 05:45:04,906 [INFO] Running configSet Infra-EmbeddedPreBuild
2015-07-11 05:45:04,907 [INFO] Running config prebuild_0_ladio_test2
2015-07-11 05:45:05,358 [INFO] ConfigSets completed
2015-07-11 05:45:05,367 [INFO] -----------------------Build complete-----------------------
2015-07-11 05:45:08,855 [INFO] -----------------------Starting build-----------------------
2015-07-11 05:45:08,966 [INFO] Running configSets: Infra-EmbeddedPostBuild
2015-07-11 05:45:08,967 [INFO] Running configSet Infra-EmbeddedPostBuild
2015-07-11 05:45:08,967 [INFO] Running config postbuild_0_ladio_test2
2015-07-11 05:45:10,924 [INFO] Command 01_migration succeeded
2015-07-11 05:45:16,072 [INFO] Command 02_migrate succeeded
2015-07-11 05:45:17,934 [INFO] Command 03_createsu succeeded
2015-07-11 05:45:54,088 [INFO] Command 04_collectstatic succeeded
2015-07-11 05:45:54,091 [INFO] ConfigSets completed
2015-07-11 05:45:54,098 [INFO] -----------------------Build complete-----------------------
2015-07-11 06:16:19,805 [INFO] -----------------------Starting build-----------------------
2015-07-11 06:16:19,823 [INFO] Running configSets: Infra-WriteApplication2
2015-07-11 06:16:19,823 [INFO] Running configSet Infra-WriteApplication2
2015-07-11 06:16:19,824 [INFO] Running config Infra-WriteApplication2
2015-07-11 06:16:20,858 [INFO] Command 01downloadVersion succeeded
2015-07-11 06:16:20,861 [INFO] Command 02deleteVersionDownloadScriptFile succeeded
2015-07-11 06:16:20,863 [INFO] ConfigSets completed
2015-07-11 06:16:20,872 [INFO] -----------------------Build complete-----------------------
2015-07-11 06:16:21,155 [INFO] -----------------------Starting build-----------------------
2015-07-11 06:16:21,175 [INFO] Running configSets: Infra-EmbeddedPreBuild
2015-07-11 06:16:21,175 [INFO] Running configSet Infra-EmbeddedPreBuild
2015-07-11 06:16:21,176 [INFO] Running config prebuild_0_ladio_test2
2015-07-11 06:16:21,591 [INFO] ConfigSets completed
2015-07-11 06:16:21,598 [INFO] -----------------------Build complete-----------------------
2015-07-11 06:16:24,948 [INFO] -----------------------Starting build-----------------------
2015-07-11 06:16:25,041 [INFO] Running configSets: Infra-EmbeddedPostBuild
2015-07-11 06:16:25,042 [INFO] Running configSet Infra-EmbeddedPostBuild
2015-07-11 06:16:25,043 [INFO] Running config postbuild_0_ladio_test2
2015-07-11 06:16:26,993 [INFO] Command 01_migration succeeded
2015-07-11 06:16:30,920 [INFO] Command 02_migrate succeeded
2015-07-11 06:16:32,850 [INFO] Command 03_createsu succeeded
2015-07-11 06:17:00,632 [INFO] Command 04_collectstatic succeeded
2015-07-11 06:17:00,635 [INFO] ConfigSets completed
2015-07-11 06:17:00,653 [INFO] -----------------------Build complete-----------------------
2015-07-11 06:20:55,716 [INFO] -----------------------Starting build-----------------------
2015-07-11 06:20:55,739 [INFO] Running configSets: Infra-WriteApplication2
2015-07-11 06:20:55,739 [INFO] Running configSet Infra-WriteApplication2
2015-07-11 06:20:55,740 [INFO] Running config Infra-WriteApplication2
2015-07-11 06:20:56,815 [INFO] Command 01downloadVersion succeeded
2015-07-11 06:20:56,818 [INFO] Command 02deleteVersionDownloadScriptFile succeeded
2015-07-11 06:20:56,821 [INFO] ConfigSets completed
2015-07-11 06:20:56,828 [INFO] -----------------------Build complete-----------------------
2015-07-11 06:20:57,066 [INFO] -----------------------Starting build-----------------------
2015-07-11 06:20:57,083 [INFO] Running configSets: Infra-EmbeddedPreBuild
2015-07-11 06:20:57,084 [INFO] Running configSet Infra-EmbeddedPreBuild
2015-07-11 06:20:57,084 [INFO] Running config prebuild_0_ladio_test2
2015-07-11 06:20:57,782 [INFO] ConfigSets completed
2015-07-11 06:20:57,791 [INFO] -----------------------Build complete-----------------------
2015-07-11 06:21:01,331 [INFO] -----------------------Starting build-----------------------
2015-07-11 06:21:01,455 [INFO] Running configSets: Infra-EmbeddedPostBuild
2015-07-11 06:21:01,456 [INFO] Running configSet Infra-EmbeddedPostBuild
2015-07-11 06:21:01,457 [INFO] Running config postbuild_0_ladio_test2
2015-07-11 06:21:03,998 [INFO] Command 01_migration succeeded
2015-07-11 06:21:08,156 [INFO] Command 02_migrate succeeded
2015-07-11 06:21:10,095 [INFO] Command 03_createsu succeeded
2015-07-11 06:21:40,474 [INFO] Command 04_collectstatic succeeded
2015-07-11 06:21:40,476 [INFO] ConfigSets completed
2015-07-11 06:21:40,483 [INFO] -----------------------Build complete-----------------------
2015-07-11 06:27:18,623 [INFO] -----------------------Starting build-----------------------
2015-07-11 06:27:18,643 [INFO] Running configSets: Infra-WriteApplication2
2015-07-11 06:27:18,643 [INFO] Running configSet Infra-WriteApplication2
2015-07-11 06:27:18,644 [INFO] Running config Infra-WriteApplication2
2015-07-11 06:27:19,635 [INFO] Command 01downloadVersion succeeded
2015-07-11 06:27:19,639 [INFO] Command 02deleteVersionDownloadScriptFile succeeded
2015-07-11 06:27:19,641 [INFO] ConfigSets completed
2015-07-11 06:27:19,652 [INFO] -----------------------Build complete-----------------------
2015-07-11 06:27:19,934 [INFO] -----------------------Starting build-----------------------
2015-07-11 06:27:19,953 [INFO] Running configSets: Infra-EmbeddedPreBuild
2015-07-11 06:27:19,954 [INFO] Running configSet Infra-EmbeddedPreBuild
2015-07-11 06:27:19,954 [INFO] Running config prebuild_0_ladio_test2
2015-07-11 06:27:20,394 [INFO] ConfigSets completed
2015-07-11 06:27:20,408 [INFO] -----------------------Build complete-----------------------
2015-07-11 06:27:23,835 [INFO] -----------------------Starting build-----------------------
2015-07-11 06:27:23,931 [INFO] Running configSets: Infra-EmbeddedPostBuild
2015-07-11 06:27:23,931 [INFO] Running configSet Infra-EmbeddedPostBuild
2015-07-11 06:27:23,932 [INFO] Running config postbuild_0_ladio_test2
2015-07-11 06:27:25,887 [INFO] Command 01_migration succeeded
2015-07-11 06:27:29,980 [INFO] Command 02_migrate succeeded
2015-07-11 06:27:31,872 [INFO] Command 03_createsu succeeded
2015-07-11 06:28:02,420 [INFO] Command 04_collectstatic succeeded
2015-07-11 06:28:02,427 [INFO] ConfigSets completed
2015-07-11 06:28:02,438 [INFO] -----------------------Build complete-----------------------
2015-07-11 06:49:56,725 [INFO] -----------------------Starting build-----------------------
2015-07-11 06:49:56,744 [INFO] Running configSets: Infra-WriteApplication2
2015-07-11 06:49:56,745 [INFO] Running configSet Infra-WriteApplication2
2015-07-11 06:49:56,746 [INFO] Running config Infra-WriteApplication2
2015-07-11 06:49:57,771 [INFO] Command 01downloadVersion succeeded
2015-07-11 06:49:57,774 [INFO] Command 02deleteVersionDownloadScriptFile succeeded
2015-07-11 06:49:57,776 [INFO] ConfigSets completed
2015-07-11 06:49:57,785 [INFO] -----------------------Build complete-----------------------
2015-07-11 06:49:58,070 [INFO] -----------------------Starting build-----------------------
2015-07-11 06:49:58,087 [INFO] Running configSets: Infra-EmbeddedPreBuild
2015-07-11 06:49:58,087 [INFO] Running configSet Infra-EmbeddedPreBuild
2015-07-11 06:49:58,088 [INFO] Running config prebuild_0_ladio_test2
2015-07-11 06:49:58,505 [INFO] ConfigSets completed
2015-07-11 06:49:58,518 [INFO] -----------------------Build complete-----------------------
2015-07-11 06:50:02,873 [INFO] -----------------------Starting build-----------------------
2015-07-11 06:50:02,949 [INFO] Running configSets: Infra-EmbeddedPostBuild
2015-07-11 06:50:02,949 [INFO] Running configSet Infra-EmbeddedPostBuild
2015-07-11 06:50:02,950 [INFO] Running config postbuild_0_ladio_test2
2015-07-11 06:50:04,924 [INFO] Command 01_migration succeeded
2015-07-11 06:50:09,168 [INFO] Command 02_migrate succeeded
2015-07-11 06:50:11,036 [INFO] Command 03_createsu succeeded
2015-07-11 06:50:39,184 [INFO] Command 04_collectstatic succeeded
2015-07-11 06:50:39,187 [INFO] ConfigSets completed
2015-07-11 06:50:39,194 [INFO] -----------------------Build complete-----------------------
2015-07-11 06:52:33,891 [INFO] -----------------------Starting build-----------------------
2015-07-11 06:52:33,915 [INFO] Running configSets: Infra-WriteApplication2
2015-07-11 06:52:33,916 [INFO] Running configSet Infra-WriteApplication2
2015-07-11 06:52:33,917 [INFO] Running config Infra-WriteApplication2
2015-07-11 06:52:34,974 [INFO] Command 01downloadVersion succeeded
2015-07-11 06:52:34,977 [INFO] Command 02deleteVersionDownloadScriptFile succeeded
2015-07-11 06:52:34,980 [INFO] ConfigSets completed
2015-07-11 06:52:34,988 [INFO] -----------------------Build complete-----------------------
2015-07-11 06:52:35,271 [INFO] -----------------------Starting build-----------------------
2015-07-11 06:52:35,287 [INFO] Running configSets: Infra-EmbeddedPreBuild
2015-07-11 06:52:35,288 [INFO] Running configSet Infra-EmbeddedPreBuild
2015-07-11 06:52:35,288 [INFO] Running config prebuild_0_ladio_test2
2015-07-11 06:52:35,723 [INFO] ConfigSets completed
2015-07-11 06:52:35,732 [INFO] -----------------------Build complete-----------------------
2015-07-11 06:52:39,194 [INFO] -----------------------Starting build-----------------------
2015-07-11 06:52:39,297 [INFO] Running configSets: Infra-EmbeddedPostBuild
2015-07-11 06:52:39,298 [INFO] Running configSet Infra-EmbeddedPostBuild
2015-07-11 06:52:39,299 [INFO] Running config postbuild_0_ladio_test2
2015-07-11 06:52:41,236 [INFO] Command 01_migration succeeded
2015-07-11 06:52:45,861 [INFO] Command 02_migrate succeeded
2015-07-11 06:52:47,730 [INFO] Command 03_createsu succeeded
2015-07-11 06:53:16,063 [INFO] Command 04_collectstatic succeeded
2015-07-11 06:53:16,066 [INFO] ConfigSets completed
2015-07-11 06:53:16,075 [INFO] -----------------------Build complete-----------------------
2015-07-11 07:09:15,969 [INFO] -----------------------Starting build-----------------------
2015-07-11 07:09:15,990 [INFO] Running configSets: Infra-WriteApplication2
2015-07-11 07:09:15,991 [INFO] Running configSet Infra-WriteApplication2
2015-07-11 07:09:15,992 [INFO] Running config Infra-WriteApplication2
2015-07-11 07:09:17,080 [INFO] Command 01downloadVersion succeeded
2015-07-11 07:09:17,083 [INFO] Command 02deleteVersionDownloadScriptFile succeeded
2015-07-11 07:09:17,086 [INFO] ConfigSets completed
2015-07-11 07:09:17,094 [INFO] -----------------------Build complete-----------------------
2015-07-11 07:09:17,327 [INFO] -----------------------Starting build-----------------------
2015-07-11 07:09:17,348 [INFO] Running configSets: Infra-EmbeddedPreBuild
2015-07-11 07:09:17,349 [INFO] Running configSet Infra-EmbeddedPreBuild
2015-07-11 07:09:17,350 [INFO] Running config prebuild_0_ladio_test2
2015-07-11 07:09:17,783 [INFO] ConfigSets completed
2015-07-11 07:09:17,790 [INFO] -----------------------Build complete-----------------------
2015-07-11 07:09:21,164 [INFO] -----------------------Starting build-----------------------
2015-07-11 07:09:21,236 [INFO] Running configSets: Infra-EmbeddedPostBuild
2015-07-11 07:09:21,236 [INFO] Running configSet Infra-EmbeddedPostBuild
2015-07-11 07:09:21,237 [INFO] Running config postbuild_0_ladio_test2
2015-07-11 07:09:23,185 [INFO] Command 01_migration succeeded
2015-07-11 07:09:27,708 [INFO] Command 02_migrate succeeded
2015-07-11 07:09:29,560 [INFO] Command 03_createsu succeeded
2015-07-11 07:09:58,583 [INFO] Command 04_collectstatic succeeded
2015-07-11 07:09:58,585 [INFO] ConfigSets completed
2015-07-11 07:09:58,592 [INFO] -----------------------Build complete-----------------------
2015-07-11 07:11:22,127 [INFO] -----------------------Starting build-----------------------
2015-07-11 07:11:22,149 [INFO] Running configSets: Infra-WriteApplication2
2015-07-11 07:11:22,150 [INFO] Running configSet Infra-WriteApplication2
2015-07-11 07:11:22,150 [INFO] Running config Infra-WriteApplication2
2015-07-11 07:11:23,156 [INFO] Command 01downloadVersion succeeded
2015-07-11 07:11:23,159 [INFO] Command 02deleteVersionDownloadScriptFile succeeded
2015-07-11 07:11:23,162 [INFO] ConfigSets completed
2015-07-11 07:11:23,173 [INFO] -----------------------Build complete-----------------------
2015-07-11 07:11:23,456 [INFO] -----------------------Starting build-----------------------
2015-07-11 07:11:23,480 [INFO] Running configSets: Infra-EmbeddedPreBuild
2015-07-11 07:11:23,481 [INFO] Running configSet Infra-EmbeddedPreBuild
2015-07-11 07:11:23,482 [INFO] Running config prebuild_0_ladio_test2
2015-07-11 07:11:23,925 [INFO] ConfigSets completed
2015-07-11 07:11:23,934 [INFO] -----------------------Build complete-----------------------
2015-07-11 07:11:27,269 [INFO] -----------------------Starting build-----------------------
2015-07-11 07:11:27,344 [INFO] Running configSets: Infra-EmbeddedPostBuild
2015-07-11 07:11:27,344 [INFO] Running configSet Infra-EmbeddedPostBuild
2015-07-11 07:11:27,345 [INFO] Running config postbuild_0_ladio_test2
2015-07-11 07:11:29,279 [INFO] Command 01_migration succeeded
2015-07-11 07:11:34,183 [INFO] Command 02_migrate succeeded
2015-07-11 07:11:36,094 [INFO] Command 03_createsu succeeded
2015-07-11 07:12:04,180 [INFO] Command 04_collectstatic succeeded
2015-07-11 07:12:04,182 [INFO] ConfigSets completed
2015-07-11 07:12:04,189 [INFO] -----------------------Build complete-----------------------
2015-07-11 08:41:08,139 [INFO] -----------------------Starting build-----------------------
2015-07-11 08:41:08,159 [INFO] Running configSets: Infra-WriteApplication2
2015-07-11 08:41:08,160 [INFO] Running configSet Infra-WriteApplication2
2015-07-11 08:41:08,161 [INFO] Running config Infra-WriteApplication2
2015-07-11 08:41:09,251 [INFO] Command 01downloadVersion succeeded
2015-07-11 08:41:09,255 [INFO] Command 02deleteVersionDownloadScriptFile succeeded
2015-07-11 08:41:09,257 [INFO] ConfigSets completed
2015-07-11 08:41:09,264 [INFO] -----------------------Build complete-----------------------
2015-07-11 08:41:09,550 [INFO] -----------------------Starting build-----------------------
2015-07-11 08:41:09,566 [INFO] Running configSets: Infra-EmbeddedPreBuild
2015-07-11 08:41:09,566 [INFO] Running configSet Infra-EmbeddedPreBuild
2015-07-11 08:41:09,567 [INFO] Running config prebuild_0_ladio_test2
2015-07-11 08:41:10,011 [INFO] ConfigSets completed
2015-07-11 08:41:10,018 [INFO] -----------------------Build complete-----------------------
2015-07-11 08:41:13,425 [INFO] -----------------------Starting build-----------------------
2015-07-11 08:41:13,484 [INFO] Running configSets: Infra-EmbeddedPostBuild
2015-07-11 08:41:13,485 [INFO] Running configSet Infra-EmbeddedPostBuild
2015-07-11 08:41:13,486 [INFO] Running config postbuild_0_ladio_test2
2015-07-11 08:41:15,485 [INFO] Command 01_migration succeeded
2015-07-11 08:41:18,097 [ERROR] Command 02_migrate (source /opt/python/run/venv/bin/activate && python ladio/manage.py migrate --noinput) failed
2015-07-11 08:41:18,097 [ERROR] Error encountered during build of postbuild_0_ladio_test2: Command 02_migrate failed
Traceback (most recent call last):
  File "/usr/local/lib/python2.7/site-packages/cfnbootstrap/construction.py", line 517, in run_config
    CloudFormationCarpenter(config, self._auth_config).build(worklog)
  File "/usr/local/lib/python2.7/site-packages/cfnbootstrap/construction.py", line 248, in build
    changes['commands'] = CommandTool().apply(self._config.commands)
  File "/usr/local/lib/python2.7/site-packages/cfnbootstrap/command_tool.py", line 113, in apply
    raise ToolError(u"Command %s failed" % name)
ToolError: Command 02_migrate failed
2015-07-11 08:41:18,098 [ERROR] -----------------------BUILD FAILED!------------------------
2015-07-11 08:41:18,098 [ERROR] Unhandled exception during build: Command 02_migrate failed
Traceback (most recent call last):
  File "/opt/aws/bin/cfn-init", line 123, in <module>
    worklog.build(detail.metadata, configSets)
  File "/usr/local/lib/python2.7/site-packages/cfnbootstrap/construction.py", line 118, in build
    Contractor(metadata).build(configSets, self)
  File "/usr/local/lib/python2.7/site-packages/cfnbootstrap/construction.py", line 505, in build
    self.run_config(config, worklog)
  File "/usr/local/lib/python2.7/site-packages/cfnbootstrap/construction.py", line 517, in run_config
    CloudFormationCarpenter(config, self._auth_config).build(worklog)
  File "/usr/local/lib/python2.7/site-packages/cfnbootstrap/construction.py", line 248, in build
    changes['commands'] = CommandTool().apply(self._config.commands)
  File "/usr/local/lib/python2.7/site-packages/cfnbootstrap/command_tool.py", line 113, in apply
    raise ToolError(u"Command %s failed" % name)
ToolError: Command 02_migrate failed
2015-07-11 08:55:48,806 [INFO] -----------------------Starting build-----------------------
2015-07-11 08:55:48,824 [INFO] Running configSets: Infra-WriteApplication2
2015-07-11 08:55:48,825 [INFO] Running configSet Infra-WriteApplication2
2015-07-11 08:55:48,826 [INFO] Running config Infra-WriteApplication2
2015-07-11 08:55:50,157 [INFO] Command 01downloadVersion succeeded
2015-07-11 08:55:50,160 [INFO] Command 02deleteVersionDownloadScriptFile succeeded
2015-07-11 08:55:50,163 [INFO] ConfigSets completed
2015-07-11 08:55:50,170 [INFO] -----------------------Build complete-----------------------
2015-07-11 08:55:50,454 [INFO] -----------------------Starting build-----------------------
2015-07-11 08:55:50,469 [INFO] Running configSets: Infra-EmbeddedPreBuild
2015-07-11 08:55:50,470 [INFO] Running configSet Infra-EmbeddedPreBuild
2015-07-11 08:55:50,471 [INFO] Running config prebuild_0_ladio_test2
2015-07-11 08:55:50,885 [INFO] ConfigSets completed
2015-07-11 08:55:50,892 [INFO] -----------------------Build complete-----------------------
2015-07-11 08:55:54,331 [INFO] -----------------------Starting build-----------------------
2015-07-11 08:55:54,392 [INFO] Running configSets: Infra-EmbeddedPostBuild
2015-07-11 08:55:54,393 [INFO] Running configSet Infra-EmbeddedPostBuild
2015-07-11 08:55:54,393 [INFO] Running config postbuild_0_ladio_test2
2015-07-11 08:55:56,333 [INFO] Command 01_migration succeeded
2015-07-11 08:56:00,128 [INFO] Command 02_migrate succeeded
2015-07-11 08:56:02,680 [INFO] Command 03_createsu succeeded
2015-07-11 08:56:32,762 [INFO] Command 04_collectstatic succeeded
2015-07-11 08:56:32,765 [INFO] ConfigSets completed
2015-07-11 08:56:32,770 [INFO] -----------------------Build complete-----------------------
2015-07-11 10:06:10,176 [INFO] -----------------------Starting build-----------------------
2015-07-11 10:06:10,194 [INFO] Running configSets: Infra-WriteApplication2
2015-07-11 10:06:10,194 [INFO] Running configSet Infra-WriteApplication2
2015-07-11 10:06:10,195 [INFO] Running config Infra-WriteApplication2
2015-07-11 10:06:11,292 [INFO] Command 01downloadVersion succeeded
2015-07-11 10:06:11,296 [INFO] Command 02deleteVersionDownloadScriptFile succeeded
2015-07-11 10:06:11,298 [INFO] ConfigSets completed
2015-07-11 10:06:11,306 [INFO] -----------------------Build complete-----------------------
2015-07-11 10:06:11,589 [INFO] -----------------------Starting build-----------------------
2015-07-11 10:06:11,605 [INFO] Running configSets: Infra-EmbeddedPreBuild
2015-07-11 10:06:11,606 [INFO] Running configSet Infra-EmbeddedPreBuild
2015-07-11 10:06:11,607 [INFO] Running config prebuild_0_ladio_test2
2015-07-11 10:06:12,031 [INFO] ConfigSets completed
2015-07-11 10:06:12,039 [INFO] -----------------------Build complete-----------------------
2015-07-11 10:06:15,420 [INFO] -----------------------Starting build-----------------------
2015-07-11 10:06:15,479 [INFO] Running configSets: Infra-EmbeddedPostBuild
2015-07-11 10:06:15,479 [INFO] Running configSet Infra-EmbeddedPostBuild
2015-07-11 10:06:15,480 [INFO] Running config postbuild_0_ladio_test2
2015-07-11 10:06:17,445 [INFO] Command 01_migration succeeded
2015-07-11 10:06:22,113 [INFO] Command 02_migrate succeeded
2015-07-11 10:06:24,209 [INFO] Command 03_createsu succeeded
2015-07-11 10:06:53,909 [INFO] Command 04_collectstatic succeeded
2015-07-11 10:06:53,912 [INFO] ConfigSets completed
2015-07-11 10:06:53,918 [INFO] -----------------------Build complete-----------------------
2015-07-11 10:11:26,690 [INFO] -----------------------Starting build-----------------------
2015-07-11 10:11:26,709 [INFO] Running configSets: Infra-WriteApplication2
2015-07-11 10:11:26,709 [INFO] Running configSet Infra-WriteApplication2
2015-07-11 10:11:26,710 [INFO] Running config Infra-WriteApplication2
2015-07-11 10:11:27,691 [INFO] Command 01downloadVersion succeeded
2015-07-11 10:11:27,694 [INFO] Command 02deleteVersionDownloadScriptFile succeeded
2015-07-11 10:11:27,697 [INFO] ConfigSets completed
2015-07-11 10:11:27,704 [INFO] -----------------------Build complete-----------------------
2015-07-11 10:11:27,986 [INFO] -----------------------Starting build-----------------------
2015-07-11 10:11:28,001 [INFO] Running configSets: Infra-EmbeddedPreBuild
2015-07-11 10:11:28,002 [INFO] Running configSet Infra-EmbeddedPreBuild
2015-07-11 10:11:28,003 [INFO] Running config prebuild_0_ladio_test2
2015-07-11 10:11:28,427 [INFO] ConfigSets completed
2015-07-11 10:11:28,433 [INFO] -----------------------Build complete-----------------------
2015-07-11 10:11:31,873 [INFO] -----------------------Starting build-----------------------
2015-07-11 10:11:31,934 [INFO] Running configSets: Infra-EmbeddedPostBuild
2015-07-11 10:11:31,935 [INFO] Running configSet Infra-EmbeddedPostBuild
2015-07-11 10:11:31,935 [INFO] Running config postbuild_0_ladio_test2
2015-07-11 10:11:33,907 [INFO] Command 01_migration succeeded
2015-07-11 10:11:38,849 [INFO] Command 02_migrate succeeded
2015-07-11 10:11:40,722 [INFO] Command 03_createsu succeeded
2015-07-11 10:12:10,557 [INFO] Command 04_collectstatic succeeded
2015-07-11 10:12:10,560 [INFO] ConfigSets completed
2015-07-11 10:12:10,566 [INFO] -----------------------Build complete-----------------------
2015-07-11 11:34:12,861 [INFO] -----------------------Starting build-----------------------
2015-07-11 11:34:12,883 [INFO] Running configSets: Infra-WriteApplication2
2015-07-11 11:34:12,884 [INFO] Running configSet Infra-WriteApplication2
2015-07-11 11:34:12,884 [INFO] Running config Infra-WriteApplication2
2015-07-11 11:34:13,972 [INFO] Command 01downloadVersion succeeded
2015-07-11 11:34:13,975 [INFO] Command 02deleteVersionDownloadScriptFile succeeded
2015-07-11 11:34:13,978 [INFO] ConfigSets completed
2015-07-11 11:34:13,987 [INFO] -----------------------Build complete-----------------------
2015-07-11 11:34:14,274 [INFO] -----------------------Starting build-----------------------
2015-07-11 11:34:14,293 [INFO] Running configSets: Infra-EmbeddedPreBuild
2015-07-11 11:34:14,294 [INFO] Running configSet Infra-EmbeddedPreBuild
2015-07-11 11:34:14,295 [INFO] Running config prebuild_0_ladio_test2
2015-07-11 11:34:14,716 [INFO] ConfigSets completed
2015-07-11 11:34:14,724 [INFO] -----------------------Build complete-----------------------
2015-07-11 11:34:18,100 [INFO] -----------------------Starting build-----------------------
2015-07-11 11:34:18,171 [INFO] Running configSets: Infra-EmbeddedPostBuild
2015-07-11 11:34:18,171 [INFO] Running configSet Infra-EmbeddedPostBuild
2015-07-11 11:34:18,172 [INFO] Running config postbuild_0_ladio_test2
2015-07-11 11:34:20,102 [INFO] Command 01_migration succeeded
2015-07-11 11:34:25,214 [INFO] Command 02_migrate succeeded
2015-07-11 11:34:27,130 [INFO] Command 03_createsu succeeded
2015-07-11 11:34:54,741 [INFO] Command 04_collectstatic succeeded
2015-07-11 11:34:54,743 [INFO] ConfigSets completed
2015-07-11 11:34:54,751 [INFO] -----------------------Build complete-----------------------
2015-07-11 11:42:14,257 [INFO] -----------------------Starting build-----------------------
2015-07-11 11:42:14,275 [INFO] Running configSets: Infra-WriteApplication2
2015-07-11 11:42:14,276 [INFO] Running configSet Infra-WriteApplication2
2015-07-11 11:42:14,277 [INFO] Running config Infra-WriteApplication2
2015-07-11 11:42:15,335 [INFO] Command 01downloadVersion succeeded
2015-07-11 11:42:15,339 [INFO] Command 02deleteVersionDownloadScriptFile succeeded
2015-07-11 11:42:15,341 [INFO] ConfigSets completed
2015-07-11 11:42:15,348 [INFO] -----------------------Build complete-----------------------
2015-07-11 11:42:15,631 [INFO] -----------------------Starting build-----------------------
2015-07-11 11:42:15,647 [INFO] Running configSets: Infra-EmbeddedPreBuild
2015-07-11 11:42:15,648 [INFO] Running configSet Infra-EmbeddedPreBuild
2015-07-11 11:42:15,649 [INFO] Running config prebuild_0_ladio_test2
2015-07-11 11:42:16,086 [INFO] ConfigSets completed
2015-07-11 11:42:16,093 [INFO] -----------------------Build complete-----------------------
2015-07-11 11:42:19,495 [INFO] -----------------------Starting build-----------------------
2015-07-11 11:42:19,559 [INFO] Running configSets: Infra-EmbeddedPostBuild
2015-07-11 11:42:19,560 [INFO] Running configSet Infra-EmbeddedPostBuild
2015-07-11 11:42:19,561 [INFO] Running config postbuild_0_ladio_test2
2015-07-11 11:42:21,503 [INFO] Command 01_migration succeeded
2015-07-11 11:42:26,351 [INFO] Command 02_migrate succeeded
2015-07-11 11:42:28,218 [INFO] Command 03_createsu succeeded
2015-07-11 11:42:58,737 [INFO] Command 04_collectstatic succeeded
2015-07-11 11:42:58,740 [INFO] ConfigSets completed
2015-07-11 11:42:58,746 [INFO] -----------------------Build complete-----------------------
2015-07-11 14:34:01,519 [INFO] -----------------------Starting build-----------------------
2015-07-11 14:34:01,561 [INFO] Running configSets: Infra-WriteApplication2
2015-07-11 14:34:01,561 [INFO] Running configSet Infra-WriteApplication2
2015-07-11 14:34:01,571 [INFO] Running config Infra-WriteApplication2
2015-07-11 14:34:03,129 [INFO] Command 01downloadVersion succeeded
2015-07-11 14:34:03,133 [INFO] Command 02deleteVersionDownloadScriptFile succeeded
2015-07-11 14:34:03,135 [INFO] ConfigSets completed
2015-07-11 14:34:03,146 [INFO] -----------------------Build complete-----------------------
2015-07-11 14:34:03,438 [INFO] -----------------------Starting build-----------------------
2015-07-11 14:34:03,774 [INFO] Running configSets: Infra-EmbeddedPreBuild
2015-07-11 14:34:03,775 [INFO] Running configSet Infra-EmbeddedPreBuild
2015-07-11 14:34:03,776 [INFO] Running config prebuild_0_ladio_test2
2015-07-11 14:34:04,224 [INFO] ConfigSets completed
2015-07-11 14:34:04,235 [INFO] -----------------------Build complete-----------------------
2015-07-11 14:34:07,508 [INFO] -----------------------Starting build-----------------------
2015-07-11 14:34:07,580 [INFO] Running configSets: Infra-EmbeddedPostBuild
2015-07-11 14:34:07,581 [INFO] Running configSet Infra-EmbeddedPostBuild
2015-07-11 14:34:07,582 [INFO] Running config postbuild_0_ladio_test2
2015-07-11 14:34:09,499 [INFO] Command 01_migration succeeded
2015-07-11 14:34:11,714 [INFO] Command 02_migrate succeeded
2015-07-11 14:34:13,676 [INFO] Command 03_createsu succeeded
2015-07-11 14:34:50,023 [INFO] Command 04_collectstatic succeeded
2015-07-11 14:34:50,026 [INFO] ConfigSets completed
2015-07-11 14:34:50,032 [INFO] -----------------------Build complete-----------------------
2015-07-11 14:43:54,938 [INFO] -----------------------Starting build-----------------------
2015-07-11 14:43:54,956 [INFO] Running configSets: Infra-WriteApplication2
2015-07-11 14:43:54,956 [INFO] Running configSet Infra-WriteApplication2
2015-07-11 14:43:54,957 [INFO] Running config Infra-WriteApplication2
2015-07-11 14:43:55,886 [INFO] Command 01downloadVersion succeeded
2015-07-11 14:43:55,889 [INFO] Command 02deleteVersionDownloadScriptFile succeeded
2015-07-11 14:43:55,892 [INFO] ConfigSets completed
2015-07-11 14:43:55,900 [INFO] -----------------------Build complete-----------------------
2015-07-11 14:43:56,133 [INFO] -----------------------Starting build-----------------------
2015-07-11 14:43:56,148 [INFO] Running configSets: Infra-EmbeddedPreBuild
2015-07-11 14:43:56,149 [INFO] Running configSet Infra-EmbeddedPreBuild
2015-07-11 14:43:56,150 [INFO] Running config prebuild_0_ladio_test2
2015-07-11 14:43:56,569 [INFO] ConfigSets completed
2015-07-11 14:43:56,580 [INFO] -----------------------Build complete-----------------------
2015-07-11 14:43:59,863 [INFO] -----------------------Starting build-----------------------
2015-07-11 14:43:59,914 [INFO] Running configSets: Infra-EmbeddedPostBuild
2015-07-11 14:43:59,915 [INFO] Running configSet Infra-EmbeddedPostBuild
2015-07-11 14:43:59,916 [INFO] Running config postbuild_0_ladio_test2
2015-07-11 14:44:02,704 [INFO] Command 01_migration succeeded
2015-07-11 14:44:04,786 [INFO] Command 02_migrate succeeded
2015-07-11 14:44:06,669 [INFO] Command 03_createsu succeeded
2015-07-11 14:44:23,097 [INFO] Command 04_collectstatic succeeded
2015-07-11 14:44:23,100 [INFO] ConfigSets completed
2015-07-11 14:44:23,105 [INFO] -----------------------Build complete-----------------------
2015-07-11 15:24:24,344 [INFO] -----------------------Starting build-----------------------
2015-07-11 15:24:24,369 [INFO] Running configSets: Infra-WriteApplication2
2015-07-11 15:24:24,370 [INFO] Running configSet Infra-WriteApplication2
2015-07-11 15:24:24,370 [INFO] Running config Infra-WriteApplication2
2015-07-11 15:24:25,385 [INFO] Command 01downloadVersion succeeded
2015-07-11 15:24:25,388 [INFO] Command 02deleteVersionDownloadScriptFile succeeded
2015-07-11 15:24:25,390 [INFO] ConfigSets completed
2015-07-11 15:24:25,400 [INFO] -----------------------Build complete-----------------------
2015-07-11 15:24:25,633 [INFO] -----------------------Starting build-----------------------
2015-07-11 15:24:25,655 [INFO] Running configSets: Infra-EmbeddedPreBuild
2015-07-11 15:24:25,656 [INFO] Running configSet Infra-EmbeddedPreBuild
2015-07-11 15:24:25,657 [INFO] Running config prebuild_0_ladio_test2
2015-07-11 15:24:26,082 [INFO] ConfigSets completed
2015-07-11 15:24:26,096 [INFO] -----------------------Build complete-----------------------
2015-07-11 15:24:29,353 [INFO] -----------------------Starting build-----------------------
2015-07-11 15:24:29,768 [INFO] Running configSets: Infra-EmbeddedPostBuild
2015-07-11 15:24:29,768 [INFO] Running configSet Infra-EmbeddedPostBuild
2015-07-11 15:24:29,769 [INFO] Running config postbuild_0_ladio_test2
2015-07-11 15:24:31,715 [INFO] Command 01_migration succeeded
2015-07-11 15:24:33,716 [INFO] Command 02_migrate succeeded
2015-07-11 15:24:35,578 [INFO] Command 03_createsu succeeded
2015-07-11 15:24:52,156 [INFO] Command 04_collectstatic succeeded
2015-07-11 15:24:52,159 [INFO] ConfigSets completed
2015-07-11 15:24:52,165 [INFO] -----------------------Build complete-----------------------
2015-07-11 15:36:55,152 [INFO] -----------------------Starting build-----------------------
2015-07-11 15:36:55,170 [INFO] Running configSets: Infra-WriteApplication2
2015-07-11 15:36:55,171 [INFO] Running configSet Infra-WriteApplication2
2015-07-11 15:36:55,172 [INFO] Running config Infra-WriteApplication2
2015-07-11 15:36:56,173 [INFO] Command 01downloadVersion succeeded
2015-07-11 15:36:56,177 [INFO] Command 02deleteVersionDownloadScriptFile succeeded
2015-07-11 15:36:56,179 [INFO] ConfigSets completed
2015-07-11 15:36:56,867 [INFO] -----------------------Build complete-----------------------
2015-07-11 15:36:57,150 [INFO] -----------------------Starting build-----------------------
2015-07-11 15:36:57,166 [INFO] Running configSets: Infra-EmbeddedPreBuild
2015-07-11 15:36:57,167 [INFO] Running configSet Infra-EmbeddedPreBuild
2015-07-11 15:36:57,168 [INFO] Running config prebuild_0_ladio_test2
2015-07-11 15:36:57,605 [INFO] ConfigSets completed
2015-07-11 15:36:57,613 [INFO] -----------------------Build complete-----------------------
2015-07-11 15:37:00,923 [INFO] -----------------------Starting build-----------------------
2015-07-11 15:37:00,978 [INFO] Running configSets: Infra-EmbeddedPostBuild
2015-07-11 15:37:00,979 [INFO] Running configSet Infra-EmbeddedPostBuild
2015-07-11 15:37:00,980 [INFO] Running config postbuild_0_ladio_test2
2015-07-11 15:37:03,847 [INFO] Command 01_migration succeeded
2015-07-11 15:37:05,897 [INFO] Command 02_migrate succeeded
2015-07-11 15:37:07,768 [INFO] Command 03_createsu succeeded
2015-07-11 15:37:24,362 [INFO] Command 04_collectstatic succeeded
2015-07-11 15:37:24,364 [INFO] ConfigSets completed
2015-07-11 15:37:24,370 [INFO] -----------------------Build complete-----------------------
2015-07-11 15:58:24,636 [INFO] -----------------------Starting build-----------------------
2015-07-11 15:58:24,654 [INFO] Running configSets: Infra-WriteApplication2
2015-07-11 15:58:24,654 [INFO] Running configSet Infra-WriteApplication2
2015-07-11 15:58:24,655 [INFO] Running config Infra-WriteApplication2
2015-07-11 15:58:25,706 [INFO] Command 01downloadVersion succeeded
2015-07-11 15:58:25,709 [INFO] Command 02deleteVersionDownloadScriptFile succeeded
2015-07-11 15:58:25,712 [INFO] ConfigSets completed
2015-07-11 15:58:25,718 [INFO] -----------------------Build complete-----------------------
2015-07-11 15:58:26,097 [INFO] -----------------------Starting build-----------------------
2015-07-11 15:58:26,113 [INFO] Running configSets: Infra-EmbeddedPreBuild
2015-07-11 15:58:26,113 [INFO] Running configSet Infra-EmbeddedPreBuild
2015-07-11 15:58:26,114 [INFO] Running config prebuild_0_ladio_test2
2015-07-11 15:58:26,549 [INFO] ConfigSets completed
2015-07-11 15:58:26,559 [INFO] -----------------------Build complete-----------------------
2015-07-11 15:58:29,834 [INFO] -----------------------Starting build-----------------------
2015-07-11 15:58:29,887 [INFO] Running configSets: Infra-EmbeddedPostBuild
2015-07-11 15:58:29,888 [INFO] Running configSet Infra-EmbeddedPostBuild
2015-07-11 15:58:29,889 [INFO] Running config postbuild_0_ladio_test2
2015-07-11 15:58:31,821 [INFO] Command 01_migration succeeded
2015-07-11 15:58:37,449 [INFO] Command 02_migrate succeeded
2015-07-11 15:58:39,382 [INFO] Command 03_createsu succeeded
2015-07-11 15:58:55,819 [INFO] Command 04_collectstatic succeeded
2015-07-11 15:58:55,821 [INFO] ConfigSets completed
2015-07-11 15:58:55,829 [INFO] -----------------------Build complete-----------------------
2015-07-11 16:01:11,459 [INFO] -----------------------Starting build-----------------------
2015-07-11 16:01:11,480 [INFO] Running configSets: Infra-WriteApplication2
2015-07-11 16:01:11,481 [INFO] Running configSet Infra-WriteApplication2
2015-07-11 16:01:11,482 [INFO] Running config Infra-WriteApplication2
2015-07-11 16:01:12,451 [INFO] Command 01downloadVersion succeeded
2015-07-11 16:01:12,455 [INFO] Command 02deleteVersionDownloadScriptFile succeeded
2015-07-11 16:01:12,457 [INFO] ConfigSets completed
2015-07-11 16:01:12,468 [INFO] -----------------------Build complete-----------------------
2015-07-11 16:01:12,700 [INFO] -----------------------Starting build-----------------------
2015-07-11 16:01:12,717 [INFO] Running configSets: Infra-EmbeddedPreBuild
2015-07-11 16:01:12,718 [INFO] Running configSet Infra-EmbeddedPreBuild
2015-07-11 16:01:12,718 [INFO] Running config prebuild_0_ladio_test2
2015-07-11 16:01:13,161 [INFO] ConfigSets completed
2015-07-11 16:01:13,169 [INFO] -----------------------Build complete-----------------------
2015-07-11 16:01:16,488 [INFO] -----------------------Starting build-----------------------
2015-07-11 16:01:16,557 [INFO] Running configSets: Infra-EmbeddedPostBuild
2015-07-11 16:01:16,558 [INFO] Running configSet Infra-EmbeddedPostBuild
2015-07-11 16:01:16,559 [INFO] Running config postbuild_0_ladio_test2
2015-07-11 16:01:18,507 [INFO] Command 01_migration succeeded
2015-07-11 16:01:20,879 [INFO] Command 02_migrate succeeded
2015-07-11 16:01:22,745 [INFO] Command 03_createsu succeeded
2015-07-11 16:01:37,871 [INFO] Command 04_collectstatic succeeded
2015-07-11 16:01:37,873 [INFO] ConfigSets completed
2015-07-11 16:01:37,883 [INFO] -----------------------Build complete-----------------------
2015-07-11 17:15:45,325 [INFO] -----------------------Starting build-----------------------
2015-07-11 17:15:45,344 [INFO] Running configSets: Infra-WriteApplication2
2015-07-11 17:15:45,345 [INFO] Running configSet Infra-WriteApplication2
2015-07-11 17:15:45,345 [INFO] Running config Infra-WriteApplication2
2015-07-11 17:15:46,410 [INFO] Command 01downloadVersion succeeded
2015-07-11 17:15:46,413 [INFO] Command 02deleteVersionDownloadScriptFile succeeded
2015-07-11 17:15:46,416 [INFO] ConfigSets completed
2015-07-11 17:15:46,425 [INFO] -----------------------Build complete-----------------------
2015-07-11 17:15:46,711 [INFO] -----------------------Starting build-----------------------
2015-07-11 17:15:46,729 [INFO] Running configSets: Infra-EmbeddedPreBuild
2015-07-11 17:15:46,730 [INFO] Running configSet Infra-EmbeddedPreBuild
2015-07-11 17:15:46,730 [INFO] Running config prebuild_0_ladio_test2
2015-07-11 17:15:47,151 [INFO] ConfigSets completed
2015-07-11 17:15:47,161 [INFO] -----------------------Build complete-----------------------
2015-07-11 17:15:50,419 [INFO] -----------------------Starting build-----------------------
2015-07-11 17:15:50,482 [INFO] Running configSets: Infra-EmbeddedPostBuild
2015-07-11 17:15:50,483 [INFO] Running configSet Infra-EmbeddedPostBuild
2015-07-11 17:15:50,484 [INFO] Running config postbuild_0_ladio_test2
2015-07-11 17:15:52,397 [INFO] Command 01_migration succeeded
2015-07-11 17:15:54,804 [INFO] Command 02_migrate succeeded
2015-07-11 17:15:56,746 [INFO] Command 03_createsu succeeded
2015-07-11 17:16:13,441 [INFO] Command 04_collectstatic succeeded
2015-07-11 17:16:13,443 [INFO] ConfigSets completed
2015-07-11 17:16:13,453 [INFO] -----------------------Build complete-----------------------
2015-07-11 17:19:21,940 [INFO] -----------------------Starting build-----------------------
2015-07-11 17:19:21,966 [INFO] Running configSets: Infra-WriteApplication2
2015-07-11 17:19:21,967 [INFO] Running configSet Infra-WriteApplication2
2015-07-11 17:19:21,968 [INFO] Running config Infra-WriteApplication2
2015-07-11 17:19:23,069 [INFO] Command 01downloadVersion succeeded
2015-07-11 17:19:23,072 [INFO] Command 02deleteVersionDownloadScriptFile succeeded
2015-07-11 17:19:23,074 [INFO] ConfigSets completed
2015-07-11 17:19:23,085 [INFO] -----------------------Build complete-----------------------
2015-07-11 17:19:23,315 [INFO] -----------------------Starting build-----------------------
2015-07-11 17:19:23,331 [INFO] Running configSets: Infra-EmbeddedPreBuild
2015-07-11 17:19:23,332 [INFO] Running configSet Infra-EmbeddedPreBuild
2015-07-11 17:19:23,333 [INFO] Running config prebuild_0_ladio_test2
2015-07-11 17:19:23,757 [INFO] ConfigSets completed
2015-07-11 17:19:23,768 [INFO] -----------------------Build complete-----------------------
2015-07-11 17:19:27,046 [INFO] -----------------------Starting build-----------------------
2015-07-11 17:19:27,120 [INFO] Running configSets: Infra-EmbeddedPostBuild
2015-07-11 17:19:27,121 [INFO] Running configSet Infra-EmbeddedPostBuild
2015-07-11 17:19:27,121 [INFO] Running config postbuild_0_ladio_test2
2015-07-11 17:19:29,060 [INFO] Command 01_migration succeeded
2015-07-11 17:19:31,383 [INFO] Command 02_migrate succeeded
2015-07-11 17:19:33,289 [INFO] Command 03_createsu succeeded
2015-07-11 17:19:49,562 [INFO] Command 04_collectstatic succeeded
2015-07-11 17:19:49,564 [INFO] ConfigSets completed
2015-07-11 17:19:49,573 [INFO] -----------------------Build complete-----------------------
2015-07-11 17:22:49,452 [INFO] -----------------------Starting build-----------------------
2015-07-11 17:22:49,472 [INFO] Running configSets: Infra-WriteApplication2
2015-07-11 17:22:49,473 [INFO] Running configSet Infra-WriteApplication2
2015-07-11 17:22:49,474 [INFO] Running config Infra-WriteApplication2
2015-07-11 17:22:50,549 [INFO] Command 01downloadVersion succeeded
2015-07-11 17:22:50,553 [INFO] Command 02deleteVersionDownloadScriptFile succeeded
2015-07-11 17:22:50,555 [INFO] ConfigSets completed
2015-07-11 17:22:50,563 [INFO] -----------------------Build complete-----------------------
2015-07-11 17:22:50,847 [INFO] -----------------------Starting build-----------------------
2015-07-11 17:22:50,866 [INFO] Running configSets: Infra-EmbeddedPreBuild
2015-07-11 17:22:50,867 [INFO] Running configSet Infra-EmbeddedPreBuild
2015-07-11 17:22:50,868 [INFO] Running config prebuild_0_ladio_test2
2015-07-11 17:22:51,280 [INFO] ConfigSets completed
2015-07-11 17:22:51,291 [INFO] -----------------------Build complete-----------------------
2015-07-11 17:22:54,586 [INFO] -----------------------Starting build-----------------------
2015-07-11 17:22:54,646 [INFO] Running configSets: Infra-EmbeddedPostBuild
2015-07-11 17:22:54,646 [INFO] Running configSet Infra-EmbeddedPostBuild
2015-07-11 17:22:54,647 [INFO] Running config postbuild_0_ladio_test2
2015-07-11 17:22:56,614 [INFO] Command 01_migration succeeded
2015-07-11 17:22:59,056 [INFO] Command 02_migrate succeeded
2015-07-11 17:23:00,957 [INFO] Command 03_createsu succeeded
2015-07-11 17:23:18,771 [INFO] Command 04_collectstatic succeeded
2015-07-11 17:23:18,774 [INFO] ConfigSets completed
2015-07-11 17:23:18,780 [INFO] -----------------------Build complete-----------------------
2015-07-11 17:32:45,167 [INFO] -----------------------Starting build-----------------------
2015-07-11 17:32:45,190 [INFO] Running configSets: Infra-WriteApplication2
2015-07-11 17:32:45,191 [INFO] Running configSet Infra-WriteApplication2
2015-07-11 17:32:45,191 [INFO] Running config Infra-WriteApplication2
2015-07-11 17:32:46,310 [INFO] Command 01downloadVersion succeeded
2015-07-11 17:32:46,313 [INFO] Command 02deleteVersionDownloadScriptFile succeeded
2015-07-11 17:32:46,316 [INFO] ConfigSets completed
2015-07-11 17:32:46,324 [INFO] -----------------------Build complete-----------------------
2015-07-11 17:32:46,559 [INFO] -----------------------Starting build-----------------------
2015-07-11 17:32:46,580 [INFO] Running configSets: Infra-EmbeddedPreBuild
2015-07-11 17:32:46,581 [INFO] Running configSet Infra-EmbeddedPreBuild
2015-07-11 17:32:46,582 [INFO] Running config prebuild_0_ladio_test2
2015-07-11 17:32:46,995 [INFO] ConfigSets completed
2015-07-11 17:32:47,003 [INFO] -----------------------Build complete-----------------------
2015-07-11 17:32:50,295 [INFO] -----------------------Starting build-----------------------
2015-07-11 17:32:50,368 [INFO] Running configSets: Infra-EmbeddedPostBuild
2015-07-11 17:32:50,369 [INFO] Running configSet Infra-EmbeddedPostBuild
2015-07-11 17:32:50,370 [INFO] Running config postbuild_0_ladio_test2
2015-07-11 17:32:52,313 [INFO] Command 01_migration succeeded
2015-07-11 17:32:54,615 [INFO] Command 02_migrate succeeded
2015-07-11 17:32:56,743 [INFO] Command 03_createsu succeeded
2015-07-11 17:33:12,225 [INFO] Command 04_collectstatic succeeded
2015-07-11 17:33:12,228 [INFO] ConfigSets completed
2015-07-11 17:33:12,234 [INFO] -----------------------Build complete-----------------------
2015-07-11 18:41:56,443 [INFO] -----------------------Starting build-----------------------
2015-07-11 18:41:56,464 [INFO] Running configSets: Infra-WriteApplication2
2015-07-11 18:41:56,464 [INFO] Running configSet Infra-WriteApplication2
2015-07-11 18:41:56,465 [INFO] Running config Infra-WriteApplication2
2015-07-11 18:41:57,678 [INFO] Command 01downloadVersion succeeded
2015-07-11 18:41:57,682 [INFO] Command 02deleteVersionDownloadScriptFile succeeded
2015-07-11 18:41:57,684 [INFO] ConfigSets completed
2015-07-11 18:41:57,691 [INFO] -----------------------Build complete-----------------------
2015-07-11 18:41:57,975 [INFO] -----------------------Starting build-----------------------
2015-07-11 18:41:57,991 [INFO] Running configSets: Infra-EmbeddedPreBuild
2015-07-11 18:41:57,991 [INFO] Running configSet Infra-EmbeddedPreBuild
2015-07-11 18:41:57,992 [INFO] Running config prebuild_0_ladio_test2
2015-07-11 18:41:58,425 [INFO] ConfigSets completed
2015-07-11 18:41:58,432 [INFO] -----------------------Build complete-----------------------
2015-07-11 18:42:01,897 [INFO] -----------------------Starting build-----------------------
2015-07-11 18:42:01,982 [INFO] Running configSets: Infra-EmbeddedPostBuild
2015-07-11 18:42:01,983 [INFO] Running configSet Infra-EmbeddedPostBuild
2015-07-11 18:42:01,983 [INFO] Running config postbuild_0_ladio_test2
2015-07-11 18:42:04,230 [INFO] Command 01_migration succeeded
2015-07-11 18:42:07,005 [INFO] Command 02_migrate succeeded
2015-07-11 18:42:08,849 [INFO] Command 03_createsu succeeded
2015-07-11 18:42:23,674 [INFO] Command 04_collectstatic succeeded
2015-07-11 18:42:23,677 [INFO] ConfigSets completed
2015-07-11 18:42:23,684 [INFO] -----------------------Build complete-----------------------
2015-07-11 18:50:04,063 [INFO] -----------------------Starting build-----------------------
2015-07-11 18:50:04,081 [INFO] Running configSets: Infra-WriteApplication2
2015-07-11 18:50:04,082 [INFO] Running configSet Infra-WriteApplication2
2015-07-11 18:50:04,083 [INFO] Running config Infra-WriteApplication2
2015-07-11 18:50:05,185 [INFO] Command 01downloadVersion succeeded
2015-07-11 18:50:05,189 [INFO] Command 02deleteVersionDownloadScriptFile succeeded
2015-07-11 18:50:05,191 [INFO] ConfigSets completed
2015-07-11 18:50:05,198 [INFO] -----------------------Build complete-----------------------
2015-07-11 18:50:05,436 [INFO] -----------------------Starting build-----------------------
2015-07-11 18:50:05,453 [INFO] Running configSets: Infra-EmbeddedPreBuild
2015-07-11 18:50:05,453 [INFO] Running configSet Infra-EmbeddedPreBuild
2015-07-11 18:50:05,454 [INFO] Running config prebuild_0_ladio_test2
2015-07-11 18:50:05,899 [INFO] ConfigSets completed
2015-07-11 18:50:05,906 [INFO] -----------------------Build complete-----------------------
2015-07-11 18:50:09,223 [INFO] -----------------------Starting build-----------------------
2015-07-11 18:50:09,281 [INFO] Running configSets: Infra-EmbeddedPostBuild
2015-07-11 18:50:09,282 [INFO] Running configSet Infra-EmbeddedPostBuild
2015-07-11 18:50:09,283 [INFO] Running config postbuild_0_ladio_test2
2015-07-11 18:50:11,229 [INFO] Command 01_migration succeeded
2015-07-11 18:50:13,589 [INFO] Command 02_migrate succeeded
2015-07-11 18:50:15,479 [INFO] Command 03_createsu succeeded
2015-07-11 18:50:31,369 [INFO] Command 04_collectstatic succeeded
2015-07-11 18:50:31,371 [INFO] ConfigSets completed
2015-07-11 18:50:31,377 [INFO] -----------------------Build complete-----------------------
2015-07-11 18:52:01,301 [INFO] -----------------------Starting build-----------------------
2015-07-11 18:52:01,318 [INFO] Running configSets: Infra-WriteApplication2
2015-07-11 18:52:01,319 [INFO] Running configSet Infra-WriteApplication2
2015-07-11 18:52:01,320 [INFO] Running config Infra-WriteApplication2
2015-07-11 18:52:03,000 [INFO] Command 01downloadVersion succeeded
2015-07-11 18:52:03,003 [INFO] Command 02deleteVersionDownloadScriptFile succeeded
2015-07-11 18:52:03,006 [INFO] ConfigSets completed
2015-07-11 18:52:03,012 [INFO] -----------------------Build complete-----------------------
2015-07-11 18:52:03,303 [INFO] -----------------------Starting build-----------------------
2015-07-11 18:52:03,319 [INFO] Running configSets: Infra-EmbeddedPreBuild
2015-07-11 18:52:03,320 [INFO] Running configSet Infra-EmbeddedPreBuild
2015-07-11 18:52:03,321 [INFO] Running config prebuild_0_ladio_test2
2015-07-11 18:52:03,764 [INFO] ConfigSets completed
2015-07-11 18:52:03,771 [INFO] -----------------------Build complete-----------------------
2015-07-11 18:52:07,172 [INFO] -----------------------Starting build-----------------------
2015-07-11 18:52:07,231 [INFO] Running configSets: Infra-EmbeddedPostBuild
2015-07-11 18:52:07,232 [INFO] Running configSet Infra-EmbeddedPostBuild
2015-07-11 18:52:07,233 [INFO] Running config postbuild_0_ladio_test2
2015-07-11 18:52:09,267 [INFO] Command 01_migration succeeded
2015-07-11 18:52:11,957 [INFO] Command 02_migrate succeeded
2015-07-11 18:52:13,861 [INFO] Command 03_createsu succeeded
2015-07-11 18:52:30,201 [INFO] Command 04_collectstatic succeeded
2015-07-11 18:52:30,204 [INFO] ConfigSets completed
2015-07-11 18:52:30,209 [INFO] -----------------------Build complete-----------------------
2015-07-11 19:11:44,675 [INFO] -----------------------Starting build-----------------------
2015-07-11 19:11:44,695 [INFO] Running configSets: Infra-WriteApplication2
2015-07-11 19:11:44,695 [INFO] Running configSet Infra-WriteApplication2
2015-07-11 19:11:44,696 [INFO] Running config Infra-WriteApplication2
2015-07-11 19:11:45,731 [INFO] Command 01downloadVersion succeeded
2015-07-11 19:11:45,734 [INFO] Command 02deleteVersionDownloadScriptFile succeeded
2015-07-11 19:11:45,737 [INFO] ConfigSets completed
2015-07-11 19:11:45,744 [INFO] -----------------------Build complete-----------------------
2015-07-11 19:11:45,975 [INFO] -----------------------Starting build-----------------------
2015-07-11 19:11:45,991 [INFO] Running configSets: Infra-EmbeddedPreBuild
2015-07-11 19:11:45,991 [INFO] Running configSet Infra-EmbeddedPreBuild
2015-07-11 19:11:45,992 [INFO] Running config prebuild_0_ladio_test2
2015-07-11 19:11:46,425 [INFO] ConfigSets completed
2015-07-11 19:11:46,432 [INFO] -----------------------Build complete-----------------------
2015-07-11 19:11:49,704 [INFO] -----------------------Starting build-----------------------
2015-07-11 19:11:49,755 [INFO] Running configSets: Infra-EmbeddedPostBuild
2015-07-11 19:11:49,756 [INFO] Running configSet Infra-EmbeddedPostBuild
2015-07-11 19:11:49,757 [INFO] Running config postbuild_0_ladio_test2
2015-07-11 19:11:51,695 [INFO] Command 01_migration succeeded
2015-07-11 19:11:54,021 [INFO] Command 02_migrate succeeded
2015-07-11 19:11:55,888 [INFO] Command 03_createsu succeeded
2015-07-11 19:12:12,443 [INFO] Command 04_collectstatic succeeded
2015-07-11 19:12:12,445 [INFO] ConfigSets completed
2015-07-11 19:12:12,452 [INFO] -----------------------Build complete-----------------------
2015-07-11 19:14:53,522 [INFO] -----------------------Starting build-----------------------
2015-07-11 19:14:53,540 [INFO] Running configSets: Infra-WriteApplication2
2015-07-11 19:14:53,541 [INFO] Running configSet Infra-WriteApplication2
2015-07-11 19:14:53,542 [INFO] Running config Infra-WriteApplication2
2015-07-11 19:14:54,550 [INFO] Command 01downloadVersion succeeded
2015-07-11 19:14:54,553 [INFO] Command 02deleteVersionDownloadScriptFile succeeded
2015-07-11 19:14:54,556 [INFO] ConfigSets completed
2015-07-11 19:14:54,564 [INFO] -----------------------Build complete-----------------------
2015-07-11 19:14:54,850 [INFO] -----------------------Starting build-----------------------
2015-07-11 19:14:54,867 [INFO] Running configSets: Infra-EmbeddedPreBuild
2015-07-11 19:14:54,868 [INFO] Running configSet Infra-EmbeddedPreBuild
2015-07-11 19:14:54,869 [INFO] Running config prebuild_0_ladio_test2
2015-07-11 19:14:55,308 [INFO] ConfigSets completed
2015-07-11 19:14:55,315 [INFO] -----------------------Build complete-----------------------
2015-07-11 19:14:58,588 [INFO] -----------------------Starting build-----------------------
2015-07-11 19:14:58,648 [INFO] Running configSets: Infra-EmbeddedPostBuild
2015-07-11 19:14:58,649 [INFO] Running configSet Infra-EmbeddedPostBuild
2015-07-11 19:14:58,650 [INFO] Running config postbuild_0_ladio_test2
2015-07-11 19:15:00,603 [INFO] Command 01_migration succeeded
2015-07-11 19:15:03,831 [INFO] Command 02_migrate succeeded
2015-07-11 19:15:05,740 [INFO] Command 03_createsu succeeded
2015-07-11 19:15:22,377 [INFO] Command 04_collectstatic succeeded
2015-07-11 19:15:22,379 [INFO] ConfigSets completed
2015-07-11 19:15:22,385 [INFO] -----------------------Build complete-----------------------
2015-07-11 19:16:46,763 [INFO] -----------------------Starting build-----------------------
2015-07-11 19:16:46,781 [INFO] Running configSets: Infra-WriteApplication2
2015-07-11 19:16:46,781 [INFO] Running configSet Infra-WriteApplication2
2015-07-11 19:16:46,782 [INFO] Running config Infra-WriteApplication2
2015-07-11 19:16:47,735 [INFO] Command 01downloadVersion succeeded
2015-07-11 19:16:47,739 [INFO] Command 02deleteVersionDownloadScriptFile succeeded
2015-07-11 19:16:47,741 [INFO] ConfigSets completed
2015-07-11 19:16:47,748 [INFO] -----------------------Build complete-----------------------
2015-07-11 19:16:47,981 [INFO] -----------------------Starting build-----------------------
2015-07-11 19:16:47,996 [INFO] Running configSets: Infra-EmbeddedPreBuild
2015-07-11 19:16:47,997 [INFO] Running configSet Infra-EmbeddedPreBuild
2015-07-11 19:16:47,998 [INFO] Running config prebuild_0_ladio_test2
2015-07-11 19:16:48,412 [INFO] ConfigSets completed
2015-07-11 19:16:48,419 [INFO] -----------------------Build complete-----------------------
2015-07-11 19:16:51,731 [INFO] -----------------------Starting build-----------------------
2015-07-11 19:16:51,810 [INFO] Running configSets: Infra-EmbeddedPostBuild
2015-07-11 19:16:51,810 [INFO] Running configSet Infra-EmbeddedPostBuild
2015-07-11 19:16:51,811 [INFO] Running config postbuild_0_ladio_test2
2015-07-11 19:16:53,774 [INFO] Command 01_migration succeeded
2015-07-11 19:16:56,145 [INFO] Command 02_migrate succeeded
2015-07-11 19:16:58,031 [INFO] Command 03_createsu succeeded
2015-07-11 19:17:14,568 [INFO] Command 04_collectstatic succeeded
2015-07-11 19:17:14,571 [INFO] ConfigSets completed
2015-07-11 19:17:14,580 [INFO] -----------------------Build complete-----------------------
2015-07-11 19:23:47,170 [INFO] -----------------------Starting build-----------------------
2015-07-11 19:23:47,188 [INFO] Running configSets: Infra-WriteApplication2
2015-07-11 19:23:47,188 [INFO] Running configSet Infra-WriteApplication2
2015-07-11 19:23:47,189 [INFO] Running config Infra-WriteApplication2
2015-07-11 19:23:48,180 [INFO] Command 01downloadVersion succeeded
2015-07-11 19:23:48,183 [INFO] Command 02deleteVersionDownloadScriptFile succeeded
2015-07-11 19:23:48,186 [INFO] ConfigSets completed
2015-07-11 19:23:48,195 [INFO] -----------------------Build complete-----------------------
2015-07-11 19:23:48,478 [INFO] -----------------------Starting build-----------------------
2015-07-11 19:23:48,495 [INFO] Running configSets: Infra-EmbeddedPreBuild
2015-07-11 19:23:48,496 [INFO] Running configSet Infra-EmbeddedPreBuild
2015-07-11 19:23:48,497 [INFO] Running config prebuild_0_ladio_test2
2015-07-11 19:23:48,949 [INFO] ConfigSets completed
2015-07-11 19:23:48,956 [INFO] -----------------------Build complete-----------------------
2015-07-11 19:23:52,267 [INFO] -----------------------Starting build-----------------------
2015-07-11 19:23:52,318 [INFO] Running configSets: Infra-EmbeddedPostBuild
2015-07-11 19:23:52,319 [INFO] Running configSet Infra-EmbeddedPostBuild
2015-07-11 19:23:52,320 [INFO] Running config postbuild_0_ladio_test2
2015-07-11 19:23:54,330 [INFO] Command 01_migration succeeded
2015-07-11 19:23:56,689 [INFO] Command 02_migrate succeeded
2015-07-11 19:23:58,565 [INFO] Command 03_createsu succeeded
2015-07-11 19:24:15,119 [INFO] Command 04_collectstatic succeeded
2015-07-11 19:24:15,122 [INFO] ConfigSets completed
2015-07-11 19:24:15,128 [INFO] -----------------------Build complete-----------------------
2015-07-11 19:25:22,242 [INFO] -----------------------Starting build-----------------------
2015-07-11 19:25:22,260 [INFO] Running configSets: Infra-WriteApplication2
2015-07-11 19:25:22,261 [INFO] Running configSet Infra-WriteApplication2
2015-07-11 19:25:22,261 [INFO] Running config Infra-WriteApplication2
2015-07-11 19:25:23,239 [INFO] Command 01downloadVersion succeeded
2015-07-11 19:25:23,242 [INFO] Command 02deleteVersionDownloadScriptFile succeeded
2015-07-11 19:25:23,245 [INFO] ConfigSets completed
2015-07-11 19:25:23,253 [INFO] -----------------------Build complete-----------------------
2015-07-11 19:25:23,536 [INFO] -----------------------Starting build-----------------------
2015-07-11 19:25:23,552 [INFO] Running configSets: Infra-EmbeddedPreBuild
2015-07-11 19:25:23,553 [INFO] Running configSet Infra-EmbeddedPreBuild
2015-07-11 19:25:23,554 [INFO] Running config prebuild_0_ladio_test2
2015-07-11 19:25:23,996 [INFO] ConfigSets completed
2015-07-11 19:25:24,003 [INFO] -----------------------Build complete-----------------------
2015-07-11 19:25:27,391 [INFO] -----------------------Starting build-----------------------
2015-07-11 19:25:27,442 [INFO] Running configSets: Infra-EmbeddedPostBuild
2015-07-11 19:25:27,443 [INFO] Running configSet Infra-EmbeddedPostBuild
2015-07-11 19:25:27,443 [INFO] Running config postbuild_0_ladio_test2
2015-07-11 19:25:29,393 [INFO] Command 01_migration succeeded
2015-07-11 19:25:31,787 [INFO] Command 02_migrate succeeded
2015-07-11 19:25:33,602 [INFO] Command 03_createsu succeeded
2015-07-11 19:25:50,616 [INFO] Command 04_collectstatic succeeded
2015-07-11 19:25:50,619 [INFO] ConfigSets completed
2015-07-11 19:25:50,625 [INFO] -----------------------Build complete-----------------------
2015-07-11 19:27:36,079 [INFO] -----------------------Starting build-----------------------
2015-07-11 19:27:36,097 [INFO] Running configSets: Infra-WriteApplication2
2015-07-11 19:27:36,098 [INFO] Running configSet Infra-WriteApplication2
2015-07-11 19:27:36,099 [INFO] Running config Infra-WriteApplication2
2015-07-11 19:27:37,409 [INFO] Command 01downloadVersion succeeded
2015-07-11 19:27:37,413 [INFO] Command 02deleteVersionDownloadScriptFile succeeded
2015-07-11 19:27:37,415 [INFO] ConfigSets completed
2015-07-11 19:27:37,423 [INFO] -----------------------Build complete-----------------------
2015-07-11 19:27:37,709 [INFO] -----------------------Starting build-----------------------
2015-07-11 19:27:37,725 [INFO] Running configSets: Infra-EmbeddedPreBuild
2015-07-11 19:27:37,726 [INFO] Running configSet Infra-EmbeddedPreBuild
2015-07-11 19:27:37,726 [INFO] Running config prebuild_0_ladio_test2
2015-07-11 19:27:38,133 [INFO] ConfigSets completed
2015-07-11 19:27:38,139 [INFO] -----------------------Build complete-----------------------
2015-07-11 19:27:41,396 [INFO] -----------------------Starting build-----------------------
2015-07-11 19:27:41,446 [INFO] Running configSets: Infra-EmbeddedPostBuild
2015-07-11 19:27:41,446 [INFO] Running configSet Infra-EmbeddedPostBuild
2015-07-11 19:27:41,447 [INFO] Running config postbuild_0_ladio_test2
2015-07-11 19:27:43,354 [INFO] Command 01_migration succeeded
2015-07-11 19:27:45,669 [INFO] Command 02_migrate succeeded
2015-07-11 19:27:47,534 [INFO] Command 03_createsu succeeded
2015-07-11 19:28:03,403 [INFO] Command 04_collectstatic succeeded
2015-07-11 19:28:03,405 [INFO] ConfigSets completed
2015-07-11 19:28:03,411 [INFO] -----------------------Build complete-----------------------
2015-07-11 19:32:10,505 [INFO] -----------------------Starting build-----------------------
2015-07-11 19:32:10,525 [INFO] Running configSets: Infra-WriteApplication2
2015-07-11 19:32:10,525 [INFO] Running configSet Infra-WriteApplication2
2015-07-11 19:32:10,526 [INFO] Running config Infra-WriteApplication2
2015-07-11 19:32:11,485 [INFO] Command 01downloadVersion succeeded
2015-07-11 19:32:11,488 [INFO] Command 02deleteVersionDownloadScriptFile succeeded
2015-07-11 19:32:11,491 [INFO] ConfigSets completed
2015-07-11 19:32:11,498 [INFO] -----------------------Build complete-----------------------
2015-07-11 19:32:11,788 [INFO] -----------------------Starting build-----------------------
2015-07-11 19:32:11,804 [INFO] Running configSets: Infra-EmbeddedPreBuild
2015-07-11 19:32:11,804 [INFO] Running configSet Infra-EmbeddedPreBuild
2015-07-11 19:32:11,805 [INFO] Running config prebuild_0_ladio_test2
2015-07-11 19:32:12,236 [INFO] ConfigSets completed
2015-07-11 19:32:12,243 [INFO] -----------------------Build complete-----------------------
2015-07-11 19:32:15,490 [INFO] -----------------------Starting build-----------------------
2015-07-11 19:32:15,541 [INFO] Running configSets: Infra-EmbeddedPostBuild
2015-07-11 19:32:15,542 [INFO] Running configSet Infra-EmbeddedPostBuild
2015-07-11 19:32:15,542 [INFO] Running config postbuild_0_ladio_test2
2015-07-11 19:32:17,519 [INFO] Command 01_migration succeeded
2015-07-11 19:32:19,835 [INFO] Command 02_migrate succeeded
2015-07-11 19:32:21,683 [INFO] Command 03_createsu succeeded
2015-07-11 19:32:37,039 [INFO] Command 04_collectstatic succeeded
2015-07-11 19:32:37,042 [INFO] ConfigSets completed
2015-07-11 19:32:37,048 [INFO] -----------------------Build complete-----------------------
2015-07-11 19:37:26,129 [INFO] -----------------------Starting build-----------------------
2015-07-11 19:37:26,150 [INFO] Running configSets: Infra-WriteApplication2
2015-07-11 19:37:26,150 [INFO] Running configSet Infra-WriteApplication2
2015-07-11 19:37:26,151 [INFO] Running config Infra-WriteApplication2
2015-07-11 19:37:27,092 [INFO] Command 01downloadVersion succeeded
2015-07-11 19:37:27,096 [INFO] Command 02deleteVersionDownloadScriptFile succeeded
2015-07-11 19:37:27,098 [INFO] ConfigSets completed
2015-07-11 19:37:27,106 [INFO] -----------------------Build complete-----------------------
2015-07-11 19:37:27,390 [INFO] -----------------------Starting build-----------------------
2015-07-11 19:37:27,406 [INFO] Running configSets: Infra-EmbeddedPreBuild
2015-07-11 19:37:27,406 [INFO] Running configSet Infra-EmbeddedPreBuild
2015-07-11 19:37:27,407 [INFO] Running config prebuild_0_ladio_test2
2015-07-11 19:37:27,846 [INFO] ConfigSets completed
2015-07-11 19:37:27,853 [INFO] -----------------------Build complete-----------------------
2015-07-11 19:37:31,131 [INFO] -----------------------Starting build-----------------------
2015-07-11 19:37:31,187 [INFO] Running configSets: Infra-EmbeddedPostBuild
2015-07-11 19:37:31,188 [INFO] Running configSet Infra-EmbeddedPostBuild
2015-07-11 19:37:31,188 [INFO] Running config postbuild_0_ladio_test2
2015-07-11 19:37:33,134 [INFO] Command 01_migration succeeded
2015-07-11 19:37:35,444 [INFO] Command 02_migrate succeeded
2015-07-11 19:37:37,346 [INFO] Command 03_createsu succeeded
2015-07-11 19:37:53,592 [INFO] Command 04_collectstatic succeeded
2015-07-11 19:37:53,595 [INFO] ConfigSets completed
2015-07-11 19:37:53,601 [INFO] -----------------------Build complete-----------------------
2015-07-11 19:45:08,810 [INFO] -----------------------Starting build-----------------------
2015-07-11 19:45:08,827 [INFO] Running configSets: Infra-WriteApplication2
2015-07-11 19:45:08,827 [INFO] Running configSet Infra-WriteApplication2
2015-07-11 19:45:08,828 [INFO] Running config Infra-WriteApplication2
2015-07-11 19:45:09,770 [INFO] Command 01downloadVersion succeeded
2015-07-11 19:45:09,773 [INFO] Command 02deleteVersionDownloadScriptFile succeeded
2015-07-11 19:45:09,775 [INFO] ConfigSets completed
2015-07-11 19:45:09,785 [INFO] -----------------------Build complete-----------------------
2015-07-11 19:45:10,067 [INFO] -----------------------Starting build-----------------------
2015-07-11 19:45:10,086 [INFO] Running configSets: Infra-EmbeddedPreBuild
2015-07-11 19:45:10,086 [INFO] Running configSet Infra-EmbeddedPreBuild
2015-07-11 19:45:10,087 [INFO] Running config prebuild_0_ladio_test2
2015-07-11 19:45:10,553 [INFO] ConfigSets completed
2015-07-11 19:45:10,562 [INFO] -----------------------Build complete-----------------------
2015-07-11 19:45:13,882 [INFO] -----------------------Starting build-----------------------
2015-07-11 19:45:13,953 [INFO] Running configSets: Infra-EmbeddedPostBuild
2015-07-11 19:45:13,954 [INFO] Running configSet Infra-EmbeddedPostBuild
2015-07-11 19:45:13,954 [INFO] Running config postbuild_0_ladio_test2
2015-07-11 19:45:15,913 [INFO] Command 01_migration succeeded
2015-07-11 19:45:18,233 [INFO] Command 02_migrate succeeded
2015-07-11 19:45:20,199 [INFO] Command 03_createsu succeeded
2015-07-11 19:45:36,682 [INFO] Command 04_collectstatic succeeded
2015-07-11 19:45:36,685 [INFO] ConfigSets completed
2015-07-11 19:45:36,693 [INFO] -----------------------Build complete-----------------------
2015-07-14 17:58:33,104 [INFO] -----------------------Starting build-----------------------
2015-07-14 17:58:33,122 [INFO] Running configSets: Infra-WriteApplication2
2015-07-14 17:58:33,123 [INFO] Running configSet Infra-WriteApplication2
2015-07-14 17:58:33,124 [INFO] Running config Infra-WriteApplication2
2015-07-14 17:58:34,231 [INFO] Command 01downloadVersion succeeded
2015-07-14 17:58:34,235 [INFO] Command 02deleteVersionDownloadScriptFile succeeded
2015-07-14 17:58:34,237 [INFO] ConfigSets completed
2015-07-14 17:58:34,244 [INFO] -----------------------Build complete-----------------------
2015-07-14 17:58:34,531 [INFO] -----------------------Starting build-----------------------
2015-07-14 17:58:34,547 [INFO] Running configSets: Infra-EmbeddedPreBuild
2015-07-14 17:58:34,547 [INFO] Running configSet Infra-EmbeddedPreBuild
2015-07-14 17:58:34,548 [INFO] Running config prebuild_0_ladio_test2
2015-07-14 17:58:35,046 [INFO] ConfigSets completed
2015-07-14 17:58:35,054 [INFO] -----------------------Build complete-----------------------
2015-07-14 17:58:40,509 [INFO] -----------------------Starting build-----------------------
2015-07-14 17:58:40,551 [INFO] Running configSets: Infra-EmbeddedPostBuild
2015-07-14 17:58:40,551 [INFO] Running configSet Infra-EmbeddedPostBuild
2015-07-14 17:58:40,552 [INFO] Running config postbuild_0_ladio_test2
2015-07-14 17:58:43,836 [INFO] Command 01_migration succeeded
2015-07-14 17:58:47,738 [INFO] Command 02_migrate succeeded
2015-07-14 17:58:49,642 [INFO] Command 03_createsu succeeded
2015-07-14 17:59:05,477 [INFO] Command 04_collectstatic succeeded
2015-07-14 17:59:05,480 [INFO] ConfigSets completed
2015-07-14 17:59:05,487 [INFO] -----------------------Build complete-----------------------
