2015-07-11 05:28:28,717 P2226 [INFO] ************************************************************
2015-07-11 05:28:28,717 P2226 [INFO] ConfigSet _OnInstanceBoot
2015-07-11 05:28:28,721 P2226 [INFO] ++++++++++++++++++++++++++++++++++++++++++++++++++++++++++++
2015-07-11 05:28:28,722 P2226 [INFO] Config AWSEBBaseConfig
2015-07-11 05:28:28,723 P2226 [INFO] ============================================================
2015-07-11 05:28:28,723 P2226 [INFO] Command clearbackupfiles
2015-07-11 05:28:28,726 P2226 [INFO] Completed successfully.
2015-07-11 05:28:28,735 P2226 [INFO] ++++++++++++++++++++++++++++++++++++++++++++++++++++++++++++
2015-07-11 05:28:28,735 P2226 [INFO] Config AWSEBMessageOfTheDay
2015-07-11 05:28:28,735 P2226 [INFO] ============================================================
2015-07-11 05:28:28,736 P2226 [INFO] Command 01clearoriginal
2015-07-11 05:28:28,738 P2226 [INFO] Completed successfully.
2015-07-11 05:28:28,739 P2226 [INFO] ============================================================
2015-07-11 05:28:28,739 P2226 [INFO] Command 02createbanner
2015-07-11 05:28:28,744 P2226 [INFO] Completed successfully.
2015-07-11 05:28:28,744 P2226 [INFO] ============================================================
2015-07-11 05:28:28,744 P2226 [INFO] Command 03updatebanner
2015-07-11 05:28:28,755 P2226 [INFO] Completed successfully.
2015-07-11 05:28:28,764 P2226 [INFO] ++++++++++++++++++++++++++++++++++++++++++++++++++++++++++++
2015-07-11 05:28:28,764 P2226 [INFO] Config Infra-InstallBaseHooksPkg
2015-07-11 05:28:28,950 P2226 [INFO] ++++++++++++++++++++++++++++++++++++++++++++++++++++++++++++
2015-07-11 05:28:28,950 P2226 [INFO] Config Infra-InstallContainerHooksPkg
2015-07-11 05:28:29,727 P2226 [INFO] ++++++++++++++++++++++++++++++++++++++++++++++++++++++++++++
2015-07-11 05:28:29,727 P2226 [INFO] Config Infra-WriteLeaderTestScript
2015-07-11 05:28:29,734 P2226 [INFO] ++++++++++++++++++++++++++++++++++++++++++++++++++++++++++++
2015-07-11 05:28:29,735 P2226 [INFO] Config AWSEBLockCfnBootstap
2015-07-11 05:28:29,735 P2226 [INFO] ============================================================
2015-07-11 05:28:29,735 P2226 [INFO] Command add_lock
2015-07-11 05:28:29,738 P2226 [INFO] Completed successfully.
2015-07-11 05:28:29,746 P2226 [INFO] ++++++++++++++++++++++++++++++++++++++++++++++++++++++++++++
2015-07-11 05:28:29,746 P2226 [INFO] Config Infra-WriteTailLogsConf
2015-07-11 05:28:29,754 P2226 [INFO] ++++++++++++++++++++++++++++++++++++++++++++++++++++++++++++
2015-07-11 05:28:29,754 P2226 [INFO] Config Infra-WriteSystemTailLogsConf
2015-07-11 05:28:29,762 P2226 [INFO] ++++++++++++++++++++++++++++++++++++++++++++++++++++++++++++
2015-07-11 05:28:29,762 P2226 [INFO] Config Infra-WriteBundleLogsConf
2015-07-11 05:28:29,767 P2226 [INFO] ++++++++++++++++++++++++++++++++++++++++++++++++++++++++++++
2015-07-11 05:28:29,767 P2226 [INFO] Config Infra-WritePublishLogsConf
2015-07-11 05:28:29,771 P2226 [INFO] ++++++++++++++++++++++++++++++++++++++++++++++++++++++++++++
2015-07-11 05:28:29,771 P2226 [INFO] Config Infra-WritePublishLogsCron
2015-07-11 05:28:31,777 P2290 [INFO] ************************************************************
2015-07-11 05:28:31,777 P2290 [INFO] ConfigSet Infra-WriteApplication2
2015-07-11 05:28:31,778 P2290 [INFO] ++++++++++++++++++++++++++++++++++++++++++++++++++++++++++++
2015-07-11 05:28:31,778 P2290 [INFO] Config Infra-WriteApplication2
2015-07-11 05:28:31,833 P2290 [INFO] ============================================================
2015-07-11 05:28:31,833 P2290 [INFO] Command 01downloadVersion
2015-07-11 05:28:33,879 P2290 [INFO] Completed successfully.
2015-07-11 05:28:33,880 P2290 [INFO] ============================================================
2015-07-11 05:28:33,880 P2290 [INFO] Command 02deleteVersionDownloadScriptFile
2015-07-11 05:28:33,883 P2290 [INFO] Completed successfully.
2015-07-11 05:29:12,422 P2484 [INFO] ************************************************************
2015-07-11 05:29:12,422 P2484 [INFO] ConfigSet Infra-EmbeddedPreBuild
2015-07-11 05:29:12,423 P2484 [INFO] ++++++++++++++++++++++++++++++++++++++++++++++++++++++++++++
2015-07-11 05:29:12,423 P2484 [INFO] Config prebuild_0_ladio_test2
2015-07-11 05:29:44,100 P2484 [INFO] ============================================================
2015-07-11 05:29:44,100 P2484 [INFO] yum install postgresql93-devel git
2015-07-11 05:29:55,801 P2484 [INFO] -----------------------Command Output-----------------------
2015-07-11 05:29:55,801 P2484 [INFO] 	Loaded plugins: priorities, update-motd, upgrade-helper
2015-07-11 05:29:55,801 P2484 [INFO] 	Resolving Dependencies
2015-07-11 05:29:55,801 P2484 [INFO] 	--> Running transaction check
2015-07-11 05:29:55,801 P2484 [INFO] 	---> Package git.x86_64 0:2.1.0-1.38.amzn1 will be installed
2015-07-11 05:29:55,801 P2484 [INFO] 	--> Processing Dependency: perl-Git = 2.1.0-1.38.amzn1 for package: git-2.1.0-1.38.amzn1.x86_64
2015-07-11 05:29:55,801 P2484 [INFO] 	--> Processing Dependency: perl(Term::ReadKey) for package: git-2.1.0-1.38.amzn1.x86_64
2015-07-11 05:29:55,802 P2484 [INFO] 	--> Processing Dependency: perl(Git) for package: git-2.1.0-1.38.amzn1.x86_64
2015-07-11 05:29:55,802 P2484 [INFO] 	--> Processing Dependency: perl(Error) for package: git-2.1.0-1.38.amzn1.x86_64
2015-07-11 05:29:55,802 P2484 [INFO] 	---> Package postgresql93-devel.x86_64 0:9.3.6-1.59.amzn1 will be installed
2015-07-11 05:29:55,802 P2484 [INFO] 	--> Processing Dependency: postgresql93-libs(x86-64) = 9.3.6-1.59.amzn1 for package: postgresql93-devel-9.3.6-1.59.amzn1.x86_64
2015-07-11 05:29:55,802 P2484 [INFO] 	--> Processing Dependency: postgresql93(x86-64) = 9.3.6-1.59.amzn1 for package: postgresql93-devel-9.3.6-1.59.amzn1.x86_64
2015-07-11 05:29:55,802 P2484 [INFO] 	--> Running transaction check
2015-07-11 05:29:55,802 P2484 [INFO] 	---> Package perl-Error.noarch 1:0.17020-2.9.amzn1 will be installed
2015-07-11 05:29:55,802 P2484 [INFO] 	---> Package perl-Git.noarch 0:2.1.0-1.38.amzn1 will be installed
2015-07-11 05:29:55,802 P2484 [INFO] 	---> Package perl-TermReadKey.x86_64 0:2.30-20.9.amzn1 will be installed
2015-07-11 05:29:55,802 P2484 [INFO] 	---> Package postgresql93.x86_64 0:9.3.6-1.59.amzn1 will be installed
2015-07-11 05:29:55,802 P2484 [INFO] 	---> Package postgresql93-libs.x86_64 0:9.3.6-1.59.amzn1 will be installed
2015-07-11 05:29:55,803 P2484 [INFO] 	--> Finished Dependency Resolution
2015-07-11 05:29:55,803 P2484 [INFO] 	
2015-07-11 05:29:55,803 P2484 [INFO] 	Dependencies Resolved
2015-07-11 05:29:55,803 P2484 [INFO] 	
2015-07-11 05:29:55,803 P2484 [INFO] 	================================================================================
2015-07-11 05:29:55,803 P2484 [INFO] 	 Package                Arch       Version                  Repository     Size
2015-07-11 05:29:55,803 P2484 [INFO] 	================================================================================
2015-07-11 05:29:55,803 P2484 [INFO] 	Installing:
2015-07-11 05:29:55,803 P2484 [INFO] 	 git                    x86_64     2.1.0-1.38.amzn1         amzn-main     9.2 M
2015-07-11 05:29:55,803 P2484 [INFO] 	 postgresql93-devel     x86_64     9.3.6-1.59.amzn1         amzn-main     1.1 M
2015-07-11 05:29:55,803 P2484 [INFO] 	Installing for dependencies:
2015-07-11 05:29:55,803 P2484 [INFO] 	 perl-Error             noarch     1:0.17020-2.9.amzn1      amzn-main      33 k
2015-07-11 05:29:55,804 P2484 [INFO] 	 perl-Git               noarch     2.1.0-1.38.amzn1         amzn-main      57 k
2015-07-11 05:29:55,804 P2484 [INFO] 	 perl-TermReadKey       x86_64     2.30-20.9.amzn1          amzn-main      33 k
2015-07-11 05:29:55,804 P2484 [INFO] 	 postgresql93           x86_64     9.3.6-1.59.amzn1         amzn-main     4.2 M
2015-07-11 05:29:55,804 P2484 [INFO] 	 postgresql93-libs      x86_64     9.3.6-1.59.amzn1         amzn-main     258 k
2015-07-11 05:29:55,804 P2484 [INFO] 	
2015-07-11 05:29:55,804 P2484 [INFO] 	Transaction Summary
2015-07-11 05:29:55,804 P2484 [INFO] 	================================================================================
2015-07-11 05:29:55,804 P2484 [INFO] 	Install  2 Packages (+5 Dependent packages)
2015-07-11 05:29:55,804 P2484 [INFO] 	
2015-07-11 05:29:55,804 P2484 [INFO] 	Total download size: 15 M
2015-07-11 05:29:55,804 P2484 [INFO] 	Installed size: 43 M
2015-07-11 05:29:55,804 P2484 [INFO] 	Downloading packages:
2015-07-11 05:29:55,805 P2484 [INFO] 	--------------------------------------------------------------------------------
2015-07-11 05:29:55,805 P2484 [INFO] 	Total                                               23 MB/s |  15 MB  00:00     
2015-07-11 05:29:55,805 P2484 [INFO] 	Running transaction check
2015-07-11 05:29:55,805 P2484 [INFO] 	Running transaction test
2015-07-11 05:29:55,805 P2484 [INFO] 	Transaction test succeeded
2015-07-11 05:29:55,805 P2484 [INFO] 	Running transaction
2015-07-11 05:29:55,805 P2484 [INFO] 	  Installing : postgresql93-libs-9.3.6-1.59.amzn1.x86_64                    1/7 
2015-07-11 05:29:55,805 P2484 [INFO] 	  Installing : 1:perl-Error-0.17020-2.9.amzn1.noarch                        2/7 
2015-07-11 05:29:55,805 P2484 [INFO] 	  Installing : postgresql93-9.3.6-1.59.amzn1.x86_64                         3/7 
2015-07-11 05:29:55,805 P2484 [INFO] 	  Installing : perl-TermReadKey-2.30-20.9.amzn1.x86_64                      4/7 
2015-07-11 05:29:55,805 P2484 [INFO] 	  Installing : git-2.1.0-1.38.amzn1.x86_64                                  5/7 
2015-07-11 05:29:55,805 P2484 [INFO] 	  Installing : perl-Git-2.1.0-1.38.amzn1.noarch                             6/7 
2015-07-11 05:29:55,806 P2484 [INFO] 	  Installing : postgresql93-devel-9.3.6-1.59.amzn1.x86_64                   7/7 
2015-07-11 05:29:55,806 P2484 [INFO] 	  Verifying  : 1:perl-Error-0.17020-2.9.amzn1.noarch                        1/7 
2015-07-11 05:29:55,806 P2484 [INFO] 	  Verifying  : perl-TermReadKey-2.30-20.9.amzn1.x86_64                      2/7 
2015-07-11 05:29:55,806 P2484 [INFO] 	  Verifying  : git-2.1.0-1.38.amzn1.x86_64                                  3/7 
2015-07-11 05:29:55,806 P2484 [INFO] 	  Verifying  : postgresql93-9.3.6-1.59.amzn1.x86_64                         4/7 
2015-07-11 05:29:55,806 P2484 [INFO] 	  Verifying  : postgresql93-devel-9.3.6-1.59.amzn1.x86_64                   5/7 
2015-07-11 05:29:55,806 P2484 [INFO] 	  Verifying  : perl-Git-2.1.0-1.38.amzn1.noarch                             6/7 
2015-07-11 05:29:55,806 P2484 [INFO] 	  Verifying  : postgresql93-libs-9.3.6-1.59.amzn1.x86_64                    7/7 
2015-07-11 05:29:55,806 P2484 [INFO] 	
2015-07-11 05:29:55,806 P2484 [INFO] 	Installed:
2015-07-11 05:29:55,806 P2484 [INFO] 	  git.x86_64 0:2.1.0-1.38.amzn1   postgresql93-devel.x86_64 0:9.3.6-1.59.amzn1  
2015-07-11 05:29:55,806 P2484 [INFO] 	
2015-07-11 05:29:55,807 P2484 [INFO] 	Dependency Installed:
2015-07-11 05:29:55,807 P2484 [INFO] 	  perl-Error.noarch 1:0.17020-2.9.amzn1                                         
2015-07-11 05:29:55,807 P2484 [INFO] 	  perl-Git.noarch 0:2.1.0-1.38.amzn1                                            
2015-07-11 05:29:55,807 P2484 [INFO] 	  perl-TermReadKey.x86_64 0:2.30-20.9.amzn1                                     
2015-07-11 05:29:55,807 P2484 [INFO] 	  postgresql93.x86_64 0:9.3.6-1.59.amzn1                                        
2015-07-11 05:29:55,807 P2484 [INFO] 	  postgresql93-libs.x86_64 0:9.3.6-1.59.amzn1                                   
2015-07-11 05:29:55,807 P2484 [INFO] 	
2015-07-11 05:29:55,807 P2484 [INFO] 	Complete!
2015-07-11 05:29:55,807 P2484 [INFO] ------------------------------------------------------------
2015-07-11 05:29:55,807 P2484 [INFO] Completed successfully.
2015-07-11 05:31:13,256 P2992 [INFO] ************************************************************
2015-07-11 05:31:13,256 P2992 [INFO] ConfigSet Infra-EmbeddedPostBuild
2015-07-11 05:31:13,257 P2992 [INFO] ++++++++++++++++++++++++++++++++++++++++++++++++++++++++++++
2015-07-11 05:31:13,257 P2992 [INFO] Config postbuild_0_ladio_test2
2015-07-11 05:31:14,149 P2992 [INFO] ============================================================
2015-07-11 05:31:14,149 P2992 [INFO] Test for Command 01_migration
2015-07-11 05:31:14,154 P2992 [INFO] Completed successfully.
2015-07-11 05:31:14,154 P2992 [INFO] ============================================================
2015-07-11 05:31:14,154 P2992 [INFO] Command 01_migration
2015-07-11 05:31:14,310 P2992 [INFO] -----------------------Command Output-----------------------
2015-07-11 05:31:14,310 P2992 [INFO] 	Traceback (most recent call last):
2015-07-11 05:31:14,310 P2992 [INFO] 	  File "ladio/manage.py", line 10, in <module>
2015-07-11 05:31:14,310 P2992 [INFO] 	    execute_from_command_line(sys.argv)
2015-07-11 05:31:14,310 P2992 [INFO] 	  File "/opt/python/run/venv/local/lib/python3.4/site-packages/django/core/management/__init__.py", line 338, in execute_from_command_line
2015-07-11 05:31:14,310 P2992 [INFO] 	    utility.execute()
2015-07-11 05:31:14,310 P2992 [INFO] 	  File "/opt/python/run/venv/local/lib/python3.4/site-packages/django/core/management/__init__.py", line 303, in execute
2015-07-11 05:31:14,310 P2992 [INFO] 	    settings.INSTALLED_APPS
2015-07-11 05:31:14,311 P2992 [INFO] 	  File "/opt/python/run/venv/local/lib/python3.4/site-packages/django/conf/__init__.py", line 48, in __getattr__
2015-07-11 05:31:14,311 P2992 [INFO] 	    self._setup(name)
2015-07-11 05:31:14,311 P2992 [INFO] 	  File "/opt/python/run/venv/local/lib/python3.4/site-packages/django/conf/__init__.py", line 44, in _setup
2015-07-11 05:31:14,311 P2992 [INFO] 	    self._wrapped = Settings(settings_module)
2015-07-11 05:31:14,311 P2992 [INFO] 	  File "/opt/python/run/venv/local/lib/python3.4/site-packages/django/conf/__init__.py", line 92, in __init__
2015-07-11 05:31:14,311 P2992 [INFO] 	    mod = importlib.import_module(self.SETTINGS_MODULE)
2015-07-11 05:31:14,311 P2992 [INFO] 	  File "/opt/python/run/venv/lib64/python3.4/importlib/__init__.py", line 109, in import_module
2015-07-11 05:31:14,311 P2992 [INFO] 	    return _bootstrap._gcd_import(name[level:], package, level)
2015-07-11 05:31:14,311 P2992 [INFO] 	  File "<frozen importlib._bootstrap>", line 2254, in _gcd_import
2015-07-11 05:31:14,311 P2992 [INFO] 	  File "<frozen importlib._bootstrap>", line 2237, in _find_and_load
2015-07-11 05:31:14,311 P2992 [INFO] 	  File "<frozen importlib._bootstrap>", line 2226, in _find_and_load_unlocked
2015-07-11 05:31:14,312 P2992 [INFO] 	  File "<frozen importlib._bootstrap>", line 1200, in _load_unlocked
2015-07-11 05:31:14,312 P2992 [INFO] 	  File "<frozen importlib._bootstrap>", line 1129, in _exec
2015-07-11 05:31:14,312 P2992 [INFO] 	  File "<frozen importlib._bootstrap>", line 1471, in exec_module
2015-07-11 05:31:14,312 P2992 [INFO] 	  File "<frozen importlib._bootstrap>", line 321, in _call_with_frames_removed
2015-07-11 05:31:14,312 P2992 [INFO] 	  File "/opt/python/bundle/2/app/ladio/ladio/settings.py", line 187, in <module>
2015-07-11 05:31:14,312 P2992 [INFO] 	    AWS_ACCESS_KEY_ID = os.environ['AWS_ACCESS_KEY_ID']
2015-07-11 05:31:14,312 P2992 [INFO] 	  File "/opt/python/run/venv/lib64/python3.4/os.py", line 633, in __getitem__
2015-07-11 05:31:14,312 P2992 [INFO] 	    raise KeyError(key) from None
2015-07-11 05:31:14,312 P2992 [INFO] 	KeyError: 'AWS_ACCESS_KEY_ID'
2015-07-11 05:31:14,312 P2992 [INFO] ------------------------------------------------------------
2015-07-11 05:31:14,312 P2992 [ERROR] Exited with error code 1
2015-07-11 05:38:37,205 P3261 [INFO] ************************************************************
2015-07-11 05:38:37,205 P3261 [INFO] ConfigSet Infra-WriteApplication2
2015-07-11 05:38:37,206 P3261 [INFO] ++++++++++++++++++++++++++++++++++++++++++++++++++++++++++++
2015-07-11 05:38:37,206 P3261 [INFO] Config Infra-WriteApplication2
2015-07-11 05:38:37,258 P3261 [INFO] ============================================================
2015-07-11 05:38:37,258 P3261 [INFO] Command 01downloadVersion
2015-07-11 05:38:38,386 P3261 [INFO] Completed successfully.
2015-07-11 05:38:38,386 P3261 [INFO] ============================================================
2015-07-11 05:38:38,386 P3261 [INFO] Command 02deleteVersionDownloadScriptFile
2015-07-11 05:38:38,398 P3261 [INFO] Completed successfully.
2015-07-11 05:38:38,708 P3273 [INFO] ************************************************************
2015-07-11 05:38:38,709 P3273 [INFO] ConfigSet Infra-EmbeddedPreBuild
2015-07-11 05:38:38,709 P3273 [INFO] ++++++++++++++++++++++++++++++++++++++++++++++++++++++++++++
2015-07-11 05:38:38,709 P3273 [INFO] Config prebuild_0_ladio_test2
2015-07-11 05:38:43,756 P3359 [INFO] ************************************************************
2015-07-11 05:38:43,756 P3359 [INFO] ConfigSet Infra-EmbeddedPostBuild
2015-07-11 05:38:43,757 P3359 [INFO] ++++++++++++++++++++++++++++++++++++++++++++++++++++++++++++
2015-07-11 05:38:43,757 P3359 [INFO] Config postbuild_0_ladio_test2
2015-07-11 05:38:44,625 P3359 [INFO] ============================================================
2015-07-11 05:38:44,625 P3359 [INFO] Test for Command 01_migration
2015-07-11 05:38:44,628 P3359 [INFO] Completed successfully.
2015-07-11 05:38:44,629 P3359 [INFO] ============================================================
2015-07-11 05:38:44,629 P3359 [INFO] Command 01_migration
2015-07-11 05:38:46,001 P3359 [INFO] -----------------------Command Output-----------------------
2015-07-11 05:38:46,001 P3359 [INFO] 	/opt/python/run/venv/lib64/python3.4/importlib/_bootstrap.py:321: RemovedInDjango19Warning: django.utils.importlib will be removed in Django 1.9.
2015-07-11 05:38:46,001 P3359 [INFO] 	  return f(*args, **kwds)
2015-07-11 05:38:46,001 P3359 [INFO] 	
2015-07-11 05:38:46,001 P3359 [INFO] 	No changes detected in app 'main'
2015-07-11 05:38:46,001 P3359 [INFO] ------------------------------------------------------------
2015-07-11 05:38:46,002 P3359 [INFO] Completed successfully.
2015-07-11 05:38:46,893 P3359 [INFO] ============================================================
2015-07-11 05:38:46,893 P3359 [INFO] Test for Command 02_migrate
2015-07-11 05:38:46,896 P3359 [INFO] Completed successfully.
2015-07-11 05:38:46,897 P3359 [INFO] ============================================================
2015-07-11 05:38:46,897 P3359 [INFO] Command 02_migrate
2015-07-11 05:38:50,233 P3359 [INFO] -----------------------Command Output-----------------------
2015-07-11 05:38:50,233 P3359 [INFO] 	/opt/python/run/venv/lib64/python3.4/importlib/_bootstrap.py:321: RemovedInDjango19Warning: django.utils.importlib will be removed in Django 1.9.
2015-07-11 05:38:50,233 P3359 [INFO] 	  return f(*args, **kwds)
2015-07-11 05:38:50,233 P3359 [INFO] 	
2015-07-11 05:38:50,234 P3359 [INFO] 	Operations to perform:
2015-07-11 05:38:50,234 P3359 [INFO] 	  Synchronize unmigrated apps: facebook, storages, rest_framework, debug_toolbar, registration, staticfiles, messages, rest_auth, allauth, corsheaders, django_summernote
2015-07-11 05:38:50,234 P3359 [INFO] 	  Apply all migrations: main, sessions, auth, contenttypes, sites, account, socialaccount, authtoken, admin
2015-07-11 05:38:50,234 P3359 [INFO] 	Synchronizing apps without migrations:
2015-07-11 05:38:50,234 P3359 [INFO] 	  Creating tables...
2015-07-11 05:38:50,234 P3359 [INFO] 	    Creating table corsheaders_corsmodel
2015-07-11 05:38:50,234 P3359 [INFO] 	    Creating table django_summernote_attachment
2015-07-11 05:38:50,234 P3359 [INFO] 	    Running deferred SQL...
2015-07-11 05:38:50,234 P3359 [INFO] 	  Installing custom SQL...
2015-07-11 05:38:50,234 P3359 [INFO] 	Running migrations:
2015-07-11 05:38:50,234 P3359 [INFO] 	  Rendering model states... DONE
2015-07-11 05:38:50,235 P3359 [INFO] 	  Applying main.0001_initial... OK
2015-07-11 05:38:50,235 P3359 [INFO] 	  Applying account.0001_initial... OK
2015-07-11 05:38:50,235 P3359 [INFO] 	  Applying account.0002_email_max_length... OK
2015-07-11 05:38:50,235 P3359 [INFO] 	  Applying contenttypes.0001_initial... OK
2015-07-11 05:38:50,235 P3359 [INFO] 	  Applying admin.0001_initial... OK
2015-07-11 05:38:50,235 P3359 [INFO] 	  Applying contenttypes.0002_remove_content_type_name... OK
2015-07-11 05:38:50,235 P3359 [INFO] 	  Applying auth.0001_initial... OK
2015-07-11 05:38:50,235 P3359 [INFO] 	  Applying auth.0002_alter_permission_name_max_length... OK
2015-07-11 05:38:50,235 P3359 [INFO] 	  Applying auth.0003_alter_user_email_max_length... OK
2015-07-11 05:38:50,235 P3359 [INFO] 	  Applying auth.0004_alter_user_username_opts... OK
2015-07-11 05:38:50,235 P3359 [INFO] 	  Applying auth.0005_alter_user_last_login_null... OK
2015-07-11 05:38:50,235 P3359 [INFO] 	  Applying auth.0006_require_contenttypes_0002... OK
2015-07-11 05:38:50,235 P3359 [INFO] 	  Applying authtoken.0001_initial... OK
2015-07-11 05:38:50,236 P3359 [INFO] 	  Applying main.0002_auto_20150708_2138... OK
2015-07-11 05:38:50,236 P3359 [INFO] 	  Applying sessions.0001_initial... OK
2015-07-11 05:38:50,236 P3359 [INFO] 	  Applying sites.0001_initial... OK
2015-07-11 05:38:50,236 P3359 [INFO] 	  Applying socialaccount.0001_initial... OK
2015-07-11 05:38:50,236 P3359 [INFO] ------------------------------------------------------------
2015-07-11 05:38:50,236 P3359 [INFO] Completed successfully.
2015-07-11 05:38:51,101 P3359 [INFO] ============================================================
2015-07-11 05:38:51,101 P3359 [INFO] Test for Command 03_createsu
2015-07-11 05:38:51,104 P3359 [INFO] Completed successfully.
2015-07-11 05:38:51,104 P3359 [INFO] ============================================================
2015-07-11 05:38:51,105 P3359 [INFO] Command 03_createsu
2015-07-11 05:38:52,076 P3359 [INFO] -----------------------Command Output-----------------------
2015-07-11 05:38:52,076 P3359 [INFO] 	/opt/python/run/venv/lib64/python3.4/importlib/_bootstrap.py:321: RemovedInDjango19Warning: django.utils.importlib will be removed in Django 1.9.
2015-07-11 05:38:52,076 P3359 [INFO] 	  return f(*args, **kwds)
2015-07-11 05:38:52,076 P3359 [INFO] 	
2015-07-11 05:38:52,076 P3359 [INFO] 	Traceback (most recent call last):
2015-07-11 05:38:52,077 P3359 [INFO] 	  File "ladio/manage.py", line 10, in <module>
2015-07-11 05:38:52,077 P3359 [INFO] 	    execute_from_command_line(sys.argv)
2015-07-11 05:38:52,077 P3359 [INFO] 	  File "/opt/python/run/venv/local/lib/python3.4/site-packages/django/core/management/__init__.py", line 338, in execute_from_command_line
2015-07-11 05:38:52,077 P3359 [INFO] 	    utility.execute()
2015-07-11 05:38:52,077 P3359 [INFO] 	  File "/opt/python/run/venv/local/lib/python3.4/site-packages/django/core/management/__init__.py", line 330, in execute
2015-07-11 05:38:52,077 P3359 [INFO] 	    self.fetch_command(subcommand).run_from_argv(self.argv)
2015-07-11 05:38:52,077 P3359 [INFO] 	  File "/opt/python/run/venv/local/lib/python3.4/site-packages/django/core/management/base.py", line 390, in run_from_argv
2015-07-11 05:38:52,077 P3359 [INFO] 	    self.execute(*args, **cmd_options)
2015-07-11 05:38:52,077 P3359 [INFO] 	  File "/opt/python/run/venv/local/lib/python3.4/site-packages/django/core/management/base.py", line 441, in execute
2015-07-11 05:38:52,077 P3359 [INFO] 	    output = self.handle(*args, **options)
2015-07-11 05:38:52,077 P3359 [INFO] 	  File "/opt/python/bundle/2/app/ladio/main/management/commands/createsu.py", line 8, in handle
2015-07-11 05:38:52,077 P3359 [INFO] 	    if not User.objects.filter(username="admin").exists():
2015-07-11 05:38:52,078 P3359 [INFO] 	  File "/opt/python/run/venv/local/lib/python3.4/site-packages/django/db/models/manager.py", line 276, in __get__
2015-07-11 05:38:52,078 P3359 [INFO] 	    self.model._meta.object_name, self.model._meta.swapped
2015-07-11 05:38:52,078 P3359 [INFO] 	AttributeError: Manager isn't available; User has been swapped for 'main.User'
2015-07-11 05:38:52,078 P3359 [INFO] ------------------------------------------------------------
2015-07-11 05:38:52,078 P3359 [ERROR] Exited with error code 1
