[2015-07-11T05:28:31.323Z] DEBUG [2283]  : Reading config file: /etc/elasticbeanstalk/.aws-eb-stack.properties
[2015-07-11T05:28:31.323Z] INFO  [2283]  : Received command CMD-PreInit: 
{
  "api_version" : "1.0",
  "request_id": "0",
  "command_name": "CMD-PreInit"
}

[2015-07-11T05:28:31.323Z] DEBUG [2283]  : Checking if the command processor should execute...
[2015-07-11T05:28:31.351Z] DEBUG [2283]  : Checking whether the command is applicable to instance (i-05c5aff0)..
[2015-07-11T05:28:31.351Z] INFO  [2283]  : Command is applicable to this instance (i-05c5aff0)..
[2015-07-11T05:28:31.351Z] DEBUG [2283]  : Checking if the received command stage is valid..
[2015-07-11T05:28:31.351Z] INFO  [2283]  : No stage_num in command. Valid stage..
[2015-07-11T05:28:31.351Z] INFO  [2283]  : Command processor should execute command.
[2015-07-11T05:28:31.351Z] DEBUG [2283]  : Storing current stage..
[2015-07-11T05:28:31.351Z] DEBUG [2283]  : Stage_num does not exist. Not saving null stage. Returning..
[2015-07-11T05:28:31.352Z] INFO  [2283]  : Executing command: CMD-PreInit...
[2015-07-11T05:28:31.352Z] DEBUG [2283]  : Reading config file: /etc/elasticbeanstalk/.aws-eb-stack.properties
[2015-07-11T05:28:31.352Z] DEBUG [2283]  : Refreshing metadata..
[2015-07-11T05:28:31.352Z] DEBUG [2283]  : Refreshed environment metadata.
[2015-07-11T05:28:31.352Z] DEBUG [2283]  : Retrieving metadata for key: AWS::ElasticBeanstalk::Ext||_ContainerConfigFileContent||commands..
[2015-07-11T05:28:31.353Z] DEBUG [2283]  : Retrieving metadata for key: AWS::ElasticBeanstalk::Ext||_API||_Commands..
[2015-07-11T05:28:31.355Z] INFO  [2283]  : Found enabled addons: ["logpublish"].
[2015-07-11T05:28:31.356Z] INFO  [2283]  : Updating Command definition of addon logpublish.
[2015-07-11T05:28:31.356Z] DEBUG [2283]  : Loaded definition of Command CMD-PreInit.
[2015-07-11T05:28:31.356Z] INFO  [2283]  : Executing command CMD-PreInit activities...
[2015-07-11T05:28:31.356Z] DEBUG [2283]  : Setting environment variables..
[2015-07-11T05:28:31.356Z] INFO  [2283]  : Running AddonsBefore for command CMD-PreInit...
[2015-07-11T05:28:31.356Z] DEBUG [2283]  : Running stages of Command CMD-PreInit from stage 0 to stage 0...
[2015-07-11T05:28:31.356Z] INFO  [2283]  : Running stage 0 of command CMD-PreInit...
[2015-07-11T05:28:31.356Z] DEBUG [2283]  : Loaded 4 actions for stage 0.
[2015-07-11T05:28:31.356Z] INFO  [2283]  : Running 1 of 4 actions: InfraWriteConfig...
[2015-07-11T05:28:31.360Z] INFO  [2283]  : Running 2 of 4 actions: InfraWriteApp1...
[2015-07-11T05:28:31.361Z] INFO  [2283]  : Running 3 of 4 actions: InfraWriteApp2...
[2015-07-11T05:28:33.904Z] INFO  [2283]  : Running 4 of 4 actions: PreInitHook...
[2015-07-11T05:28:51.940Z] INFO  [2283]  : Running AddonsAfter for command CMD-PreInit...
[2015-07-11T05:28:51.940Z] INFO  [2283]  : Command CMD-PreInit succeeded!
[2015-07-11T05:28:51.940Z] INFO  [2283]  : Command processor returning results: 
{"status":"SUCCESS","api_version":"1.0","results":[{"status":"SUCCESS","msg":"","returncode":0,"events":[]}]}
[2015-07-11T05:29:11.574Z] DEBUG [2470]  : Reading config file: /etc/elasticbeanstalk/.aws-eb-stack.properties
[2015-07-11T05:29:11.575Z] INFO  [2470]  : Received command CMD-Startup(stage 0): {"command_name":"CMD-Startup","stage_num":0,"request_id":"49d90747-278d-11e5-a229-63cdb93765f3","stage_name":"01_pre","resource_name":"AWSEBAutoScalingGroup","instance_ids":["i-05c5aff0"],"command_timeout":"600","api_version":"1.0"}
[2015-07-11T05:29:11.575Z] DEBUG [2470]  : Checking if the command processor should execute...
[2015-07-11T05:29:11.576Z] DEBUG [2470]  : Checking whether the command is applicable to instance (i-05c5aff0)..
[2015-07-11T05:29:11.576Z] INFO  [2470]  : Command is applicable to this instance (i-05c5aff0)..
[2015-07-11T05:29:11.576Z] DEBUG [2470]  : Checking if the received command stage is valid..
[2015-07-11T05:29:11.576Z] INFO  [2470]  : Stage_num=0. Valid stage..
[2015-07-11T05:29:11.576Z] INFO  [2470]  : Command processor should execute command.
[2015-07-11T05:29:11.576Z] DEBUG [2470]  : Storing current stage..
[2015-07-11T05:29:11.576Z] INFO  [2470]  : Saving stage 0..
[2015-07-11T05:29:11.577Z] INFO  [2470]  : Executing command: CMD-Startup(stage 0)...
[2015-07-11T05:29:11.577Z] DEBUG [2470]  : Reading config file: /etc/elasticbeanstalk/.aws-eb-stack.properties
[2015-07-11T05:29:11.577Z] DEBUG [2470]  : Refreshing metadata..
[2015-07-11T05:29:11.853Z] DEBUG [2470]  : Refreshed environment metadata.
[2015-07-11T05:29:11.853Z] DEBUG [2470]  : Retrieving metadata for key: AWS::ElasticBeanstalk::Ext||_ContainerConfigFileContent||commands..
[2015-07-11T05:29:11.854Z] DEBUG [2470]  : Retrieving metadata for key: AWS::ElasticBeanstalk::Ext||_API||_Commands..
[2015-07-11T05:29:11.854Z] INFO  [2470]  : Found enabled addons: ["logpublish"].
[2015-07-11T05:29:11.855Z] INFO  [2470]  : Updating Command definition of addon logpublish.
[2015-07-11T05:29:11.855Z] DEBUG [2470]  : Loaded definition of Command CMD-Startup.
[2015-07-11T05:29:11.855Z] INFO  [2470]  : Executing command CMD-Startup activities...
[2015-07-11T05:29:11.855Z] DEBUG [2470]  : Setting environment variables..
[2015-07-11T05:29:11.856Z] INFO  [2470]  : Running AddonsBefore for command CMD-Startup...
[2015-07-11T05:29:11.856Z] DEBUG [2470]  : Running stages of Command CMD-Startup from stage 0 to stage 0...
[2015-07-11T05:29:11.856Z] INFO  [2470]  : Running stage 0 of command CMD-Startup...
[2015-07-11T05:29:11.856Z] INFO  [2470]  : Running leader election...
[2015-07-11T05:29:12.127Z] INFO  [2470]  : Instance is Leader.
[2015-07-11T05:29:12.127Z] DEBUG [2470]  : Loaded 4 actions for stage 0.
[2015-07-11T05:29:12.127Z] INFO  [2470]  : Running 1 of 4 actions: EbExtensionPreBuild...
[2015-07-11T05:29:55.831Z] INFO  [2470]  : Running 2 of 4 actions: AppDeployPreHook...
[2015-07-11T05:31:11.854Z] INFO  [2470]  : Running 3 of 4 actions: EbExtensionPostBuild...
[2015-07-11T05:31:14.330Z] ERROR [2470]  : Command execution failed: Activity failed. (ElasticBeanstalk::ActivityFatalError)
caused by: Traceback (most recent call last):
  File "ladio/manage.py", line 10, in <module>
  execute_from_command_line(sys.argv)
  File "/opt/python/run/venv/local/lib/python3.4/site-packages/django/core/management/__init__.py", line 338, in execute_from_command_line
  utility.execute()
  File "/opt/python/run/venv/local/lib/python3.4/site-packages/django/core/management/__init__.py", line 303, in execute
  settings.INSTALLED_APPS
  File "/opt/python/run/venv/local/lib/python3.4/site-packages/django/conf/__init__.py", line 48, in __getattr__
  self._setup(name)
  File "/opt/python/run/venv/local/lib/python3.4/site-packages/django/conf/__init__.py", line 44, in _setup
  self._wrapped = Settings(settings_module)
  File "/opt/python/run/venv/local/lib/python3.4/site-packages/django/conf/__init__.py", line 92, in __init__
  mod = importlib.import_module(self.SETTINGS_MODULE)
  File "/opt/python/run/venv/lib64/python3.4/importlib/__init__.py", line 109, in import_module
  return _bootstrap._gcd_import(name[level:], package, level)
  File "<frozen importlib._bootstrap>", line 2254, in _gcd_import
  File "<frozen importlib._bootstrap>", line 2237, in _find_and_load
  File "<frozen importlib._bootstrap>", line 2226, in _find_and_load_unlocked
  File "<frozen importlib._bootstrap>", line 1200, in _load_unlocked
  File "<frozen importlib._bootstrap>", line 1129, in _exec
  File "<frozen importlib._bootstrap>", line 1471, in exec_module
  File "<frozen importlib._bootstrap>", line 321, in _call_with_frames_removed
  File "/opt/python/bundle/2/app/ladio/ladio/settings.py", line 187, in <module>
  AWS_ACCESS_KEY_ID = os.environ['AWS_ACCESS_KEY_ID']
  File "/opt/python/run/venv/lib64/python3.4/os.py", line 633, in __getitem__
  raise KeyError(key) from None
  KeyError: 'AWS_ACCESS_KEY_ID'
   (ElasticBeanstalk::ExternalInvocationError)


[2015-07-11T05:31:14.330Z] ERROR [2470]  : Command CMD-Startup(stage 0) failed!
[2015-07-11T05:31:14.330Z] INFO  [2470]  : Command processor returning results: 
{"status":"FAILURE","api_version":"1.0","results":[{"status":"FAILURE","msg":"(TRUNCATED)...python/bundle/2/app/ladio/ladio/settings.py\", line 187, in <module>\nAWS_ACCESS_KEY_ID = os.environ['AWS_ACCESS_KEY_ID']\nFile \"/opt/python/run/venv/lib64/python3.4/os.py\", line 633, in __getitem__\nraise KeyError(key) from None\nKeyError: 'AWS_ACCESS_KEY_ID'. \ncontainer_command 01_migration in .ebextensions/02_python.config failed. For more detail, check /var/log/eb-activity.log using console or EB CLI","returncode":1,"events":[]}],"truncated":"true"}
[2015-07-11T05:36:00.543Z] DEBUG [3066]  : Reading config file: /etc/elasticbeanstalk/.aws-eb-stack.properties
[2015-07-11T05:36:00.544Z] INFO  [3066]  : Received command CMD-ConfigDeploy: {"command_name":"CMD-ConfigDeploy","request_id":"9c9e2fa9-278e-11e5-83ae-f1315dec93e2","resource_name":"AWSEBAutoScalingGroup","instance_ids":["i-05c5aff0"],"command_timeout":"600","api_version":"1.0"}
[2015-07-11T05:36:00.545Z] DEBUG [3066]  : Checking if the command processor should execute...
[2015-07-11T05:36:00.547Z] DEBUG [3066]  : Checking whether the command is applicable to instance (i-05c5aff0)..
[2015-07-11T05:36:00.547Z] INFO  [3066]  : Command is applicable to this instance (i-05c5aff0)..
[2015-07-11T05:36:00.547Z] DEBUG [3066]  : Checking if the received command stage is valid..
[2015-07-11T05:36:00.547Z] INFO  [3066]  : No stage_num in command. Valid stage..
[2015-07-11T05:36:00.547Z] INFO  [3066]  : Command processor should execute command.
[2015-07-11T05:36:00.547Z] DEBUG [3066]  : Storing current stage..
[2015-07-11T05:36:00.547Z] DEBUG [3066]  : Stage_num does not exist. Not saving null stage. Returning..
[2015-07-11T05:36:00.547Z] INFO  [3066]  : Executing command: CMD-ConfigDeploy...
[2015-07-11T05:36:00.547Z] DEBUG [3066]  : Reading config file: /etc/elasticbeanstalk/.aws-eb-stack.properties
[2015-07-11T05:36:00.548Z] DEBUG [3066]  : Refreshing metadata..
[2015-07-11T05:36:00.821Z] DEBUG [3066]  : Refreshed environment metadata.
[2015-07-11T05:36:00.821Z] DEBUG [3066]  : Retrieving metadata for key: AWS::ElasticBeanstalk::Ext||_ContainerConfigFileContent||commands..
[2015-07-11T05:36:00.821Z] DEBUG [3066]  : Retrieving metadata for key: AWS::ElasticBeanstalk::Ext||_API||_Commands..
[2015-07-11T05:36:00.822Z] INFO  [3066]  : Found enabled addons: ["logpublish"].
[2015-07-11T05:36:00.823Z] INFO  [3066]  : Updating Command definition of addon logpublish.
[2015-07-11T05:36:00.823Z] DEBUG [3066]  : Loaded definition of Command CMD-ConfigDeploy.
[2015-07-11T05:36:00.823Z] INFO  [3066]  : Executing command CMD-ConfigDeploy activities...
[2015-07-11T05:36:00.823Z] DEBUG [3066]  : Setting environment variables..
[2015-07-11T05:36:00.823Z] INFO  [3066]  : Running AddonsBefore for command CMD-ConfigDeploy...
[2015-07-11T05:36:00.823Z] DEBUG [3066]  : Running stages of Command CMD-ConfigDeploy from stage 0 to stage 1...
[2015-07-11T05:36:00.823Z] INFO  [3066]  : Running stage 0 of command CMD-ConfigDeploy...
[2015-07-11T05:36:00.823Z] DEBUG [3066]  : Loaded 2 actions for stage 0.
[2015-07-11T05:36:00.823Z] INFO  [3066]  : Running 1 of 2 actions: InfraWriteConfig...
[2015-07-11T05:36:00.836Z] INFO  [3066]  : Running 2 of 2 actions: ConfigDeployPreHook...
[2015-07-11T05:36:03.050Z] INFO  [3066]  : Running stage 1 of command CMD-ConfigDeploy...
[2015-07-11T05:36:03.050Z] DEBUG [3066]  : Loaded 2 actions for stage 1.
[2015-07-11T05:36:03.050Z] INFO  [3066]  : Running 1 of 2 actions: ConfigDeployEnactHook...
[2015-07-11T05:36:07.732Z] INFO  [3066]  : Running 2 of 2 actions: ConfigDeployPostHook...
[2015-07-11T05:36:07.732Z] INFO  [3066]  : Running AddonsAfter for command CMD-ConfigDeploy...
[2015-07-11T05:36:07.880Z] INFO  [3066]  : Command CMD-ConfigDeploy succeeded!
[2015-07-11T05:36:07.881Z] INFO  [3066]  : Command processor returning results: 
{"status":"SUCCESS","api_version":"1.0","results":[{"status":"SUCCESS","msg":"","returncode":0,"events":[{"msg":"Your WSGIPath refers to a file that does not exist.","severity":"ERROR","timestamp":1436592963}]}]}
[2015-07-11T05:38:36.338Z] DEBUG [3247]  : Reading config file: /etc/elasticbeanstalk/.aws-eb-stack.properties
[2015-07-11T05:38:36.338Z] INFO  [3247]  : Received command CMD-AppDeploy: {"command_name":"CMD-AppDeploy","request_id":"0deb02ad-278f-11e5-8e4d-cda3024498f0","resource_name":"AWSEBAutoScalingGroup","data":"manifest_1436593113019","instance_ids":["i-05c5aff0"],"command_timeout":"600","api_version":"1.0"}
[2015-07-11T05:38:36.338Z] DEBUG [3247]  : Checking if the command processor should execute...
[2015-07-11T05:38:36.340Z] DEBUG [3247]  : Checking whether the command is applicable to instance (i-05c5aff0)..
[2015-07-11T05:38:36.340Z] INFO  [3247]  : Command is applicable to this instance (i-05c5aff0)..
[2015-07-11T05:38:36.340Z] DEBUG [3247]  : Checking if the received command stage is valid..
[2015-07-11T05:38:36.340Z] INFO  [3247]  : No stage_num in command. Valid stage..
[2015-07-11T05:38:36.340Z] INFO  [3247]  : Command processor should execute command.
[2015-07-11T05:38:36.340Z] DEBUG [3247]  : Storing current stage..
[2015-07-11T05:38:36.340Z] DEBUG [3247]  : Stage_num does not exist. Not saving null stage. Returning..
[2015-07-11T05:38:36.340Z] INFO  [3247]  : Executing command: CMD-AppDeploy...
[2015-07-11T05:38:36.340Z] DEBUG [3247]  : Reading config file: /etc/elasticbeanstalk/.aws-eb-stack.properties
[2015-07-11T05:38:36.340Z] DEBUG [3247]  : Refreshing metadata..
[2015-07-11T05:38:36.616Z] DEBUG [3247]  : Refreshed environment metadata.
[2015-07-11T05:38:36.617Z] DEBUG [3247]  : Retrieving metadata for key: AWS::ElasticBeanstalk::Ext||_ContainerConfigFileContent||commands..
[2015-07-11T05:38:36.617Z] DEBUG [3247]  : Retrieving metadata for key: AWS::ElasticBeanstalk::Ext||_API||_Commands..
[2015-07-11T05:38:36.618Z] INFO  [3247]  : Found enabled addons: ["logpublish"].
[2015-07-11T05:38:36.619Z] INFO  [3247]  : Updating Command definition of addon logpublish.
[2015-07-11T05:38:36.619Z] DEBUG [3247]  : Loaded definition of Command CMD-AppDeploy.
[2015-07-11T05:38:36.619Z] INFO  [3247]  : Executing command CMD-AppDeploy activities...
[2015-07-11T05:38:36.619Z] DEBUG [3247]  : Setting environment variables..
[2015-07-11T05:38:36.619Z] INFO  [3247]  : Running AddonsBefore for command CMD-AppDeploy...
[2015-07-11T05:38:36.619Z] DEBUG [3247]  : Running stages of Command CMD-AppDeploy from stage 0 to stage 1...
[2015-07-11T05:38:36.619Z] INFO  [3247]  : Running stage 0 of command CMD-AppDeploy...
[2015-07-11T05:38:36.619Z] INFO  [3247]  : Running leader election...
[2015-07-11T05:38:36.891Z] INFO  [3247]  : Instance is Leader.
[2015-07-11T05:38:36.892Z] DEBUG [3247]  : Loaded 7 actions for stage 0.
[2015-07-11T05:38:36.892Z] INFO  [3247]  : Running 1 of 7 actions: InfraWriteConfig...
[2015-07-11T05:38:36.894Z] INFO  [3247]  : Running 2 of 7 actions: InfraWriteApp1...
[2015-07-11T05:38:36.911Z] INFO  [3247]  : Running 3 of 7 actions: InfraWriteApp2...
[2015-07-11T05:38:38.419Z] INFO  [3247]  : Running 4 of 7 actions: EbExtensionPreBuild...
[2015-07-11T05:38:39.377Z] INFO  [3247]  : Running 5 of 7 actions: AppDeployPreHook...
[2015-07-11T05:38:43.330Z] INFO  [3247]  : Running 6 of 7 actions: EbExtensionPostBuild...
[2015-07-11T05:38:52.096Z] ERROR [3247]  : Command execution failed: Activity failed. (ElasticBeanstalk::ActivityFatalError)
caused by: /opt/python/run/venv/lib64/python3.4/importlib/_bootstrap.py:321: RemovedInDjango19Warning: django.utils.importlib will be removed in Django 1.9.
  return f(*args, **kwds)
  
  Traceback (most recent call last):
  File "ladio/manage.py", line 10, in <module>
  execute_from_command_line(sys.argv)
  File "/opt/python/run/venv/local/lib/python3.4/site-packages/django/core/management/__init__.py", line 338, in execute_from_command_line
  utility.execute()
  File "/opt/python/run/venv/local/lib/python3.4/site-packages/django/core/management/__init__.py", line 330, in execute
  self.fetch_command(subcommand).run_from_argv(self.argv)
  File "/opt/python/run/venv/local/lib/python3.4/site-packages/django/core/management/base.py", line 390, in run_from_argv
  self.execute(*args, **cmd_options)
  File "/opt/python/run/venv/local/lib/python3.4/site-packages/django/core/management/base.py", line 441, in execute
  output = self.handle(*args, **options)
  File "/opt/python/bundle/2/app/ladio/main/management/commands/createsu.py", line 8, in handle
  if not User.objects.filter(username="admin").exists():
  File "/opt/python/run/venv/local/lib/python3.4/site-packages/django/db/models/manager.py", line 276, in __get__
  self.model._meta.object_name, self.model._meta.swapped
  AttributeError: Manager isn't available; User has been swapped for 'main.User'
   (ElasticBeanstalk::ExternalInvocationError)


[2015-07-11T05:38:52.096Z] ERROR [3247]  : Command CMD-AppDeploy failed!
[2015-07-11T05:38:52.097Z] INFO  [3247]  : Command processor returning results: 
{"status":"FAILURE","api_version":"1.0","results":[{"status":"FAILURE","msg":"(TRUNCATED)...exists():\nFile \"/opt/python/run/venv/local/lib/python3.4/site-packages/django/db/models/manager.py\", line 276, in __get__\nself.model._meta.object_name, self.model._meta.swapped\nAttributeError: Manager isn't available; User has been swapped for 'main.User'. \ncontainer_command 03_createsu in .ebextensions/02_python.config failed. For more detail, check /var/log/eb-activity.log using console or EB CLI","returncode":1,"events":[]}],"truncated":"true"}
[2015-07-11T05:40:59.686Z] DEBUG [3498]  : Reading config file: /etc/elasticbeanstalk/.aws-eb-stack.properties
[2015-07-11T05:40:59.686Z] INFO  [3498]  : Received command CMD-BundleLogs: {"command_name":"CMD-BundleLogs","execution_data":"{\"aws_access_key_id\":\"ASIAJ5XLAGAQNGKBFECQ\",\"policy\":\"eyJjb25kaXRpb25zIjpbWyJzdGFydHMtd2l0aCIsIiR4LWFtei1tZXRhLXB1Ymxpc2hfbWVjaGFuaXNtIiwiIl0sWyJlcSIsIiRhY2wiLCJwcml2YXRlIl0sWyJzdGFydHMtd2l0aCIsIiRrZXkiLCJyZXNvdXJjZXNcL2Vudmlyb25tZW50c1wvbG9nc1wvIl0sWyJlcSIsIiRidWNrZXQiLCJlbGFzdGljYmVhbnN0YWxrLWFwLW5vcnRoZWFzdC0xLTA4NTMyNjkwMTY3OCJdLFsic3RhcnRzLXdpdGgiLCIkeC1hbXotc2VjdXJpdHktdG9rZW4iLCIiXSxbInN0YXJ0cy13aXRoIiwiJHgtYW16LW1ldGEtZmlsZV9uYW1lIiwiIl0sWyJzdGFydHMtd2l0aCIsIiR4LWFtei1tZXRhLXRpbWVfc3RhbXAiLCIiXSxbInN0YXJ0cy13aXRoIiwiJHgtYW16LW1ldGEtYmF0Y2hfaWQiLCIiXSxbInN0YXJ0cy13aXRoIiwiJENvbnRlbnQtVHlwZSIsIiJdXSwiZXhwaXJhdGlvbiI6IjIwMTUtMDctMTFUMDY6MTA6NTcuNDU2WiJ9\",\"security_token\":\"AQoDYXdzEIf\\\/\\\/\\\/\\\/\\\/\\\/\\\/\\\/\\\/\\\/wEawAJXV9SZYNNSjo9ToZniJDx3AssvijeJE0l+oaghfgvJRGwHsC44mssTqw4CdhHZKxFUPofiwJ74GvB6VDVV6HApXkqR9pXtm6p3mM5hD5aoNImFKF4L2C0REjaAMumXx6UtDYZosprXunPjMkUKjRaqCyyAAlDIgb4KqC35bt9q7\\\/A9ZAZYr0OpYE6aDivY8JFopp+ChPs1UoC\\\/89upuYplloVL1ve4kyUwNbnIh4YmWfeK9EC2PX\\\/vupzLILwOIEtpxzK6HbmgpcRqUUCQb\\\/BwfF58aIN99B7cYHfvFOSEY\\\/LeOGTZBQKnzcRyHI30LWPsdnzuh40fWMy4rc+gKrRYJN31+uox5XMQ8j\\\/V49XpUQwAGrI4pk8D5xiMv5WnRkqt5i6YfU7saXObvZ\\\/w4uDHWVunPYRGoUpxtMItRZdXbyDp2IKtBQ==\",\"signature\":\"MvmkCMQdm33I0SZgGuyB\\\/DN5cpU=\"}","request_id":"675c0b16-278f-11e5-b4d8-9b8ef429365e","resource_name":"AWSEBAutoScalingGroup","data":"675c0b16-278f-11e5-b4d8-9b8ef429365e","instance_ids":["i-05c5aff0"],"command_timeout":"600","api_version":"1.0"}
[2015-07-11T05:40:59.686Z] DEBUG [3498]  : Checking if the command processor should execute...
[2015-07-11T05:40:59.688Z] DEBUG [3498]  : Checking whether the command is applicable to instance (i-05c5aff0)..
[2015-07-11T05:40:59.688Z] INFO  [3498]  : Command is applicable to this instance (i-05c5aff0)..
[2015-07-11T05:40:59.688Z] DEBUG [3498]  : Checking if the received command stage is valid..
[2015-07-11T05:40:59.688Z] INFO  [3498]  : No stage_num in command. Valid stage..
[2015-07-11T05:40:59.688Z] INFO  [3498]  : Command processor should execute command.
[2015-07-11T05:40:59.688Z] DEBUG [3498]  : Storing current stage..
[2015-07-11T05:40:59.688Z] DEBUG [3498]  : Stage_num does not exist. Not saving null stage. Returning..
[2015-07-11T05:40:59.688Z] INFO  [3498]  : Executing command: CMD-BundleLogs...
[2015-07-11T05:40:59.688Z] DEBUG [3498]  : Reading config file: /etc/elasticbeanstalk/.aws-eb-stack.properties
[2015-07-11T05:40:59.689Z] DEBUG [3498]  : Refreshing metadata..
[2015-07-11T05:40:59.962Z] DEBUG [3498]  : Refreshed environment metadata.
[2015-07-11T05:40:59.962Z] DEBUG [3498]  : Retrieving metadata for key: AWS::ElasticBeanstalk::Ext||_ContainerConfigFileContent||commands..
[2015-07-11T05:40:59.963Z] DEBUG [3498]  : Retrieving metadata for key: AWS::ElasticBeanstalk::Ext||_API||_Commands..
[2015-07-11T05:40:59.963Z] INFO  [3498]  : Found enabled addons: ["logpublish"].
[2015-07-11T05:40:59.964Z] INFO  [3498]  : Updating Command definition of addon logpublish.
[2015-07-11T05:40:59.964Z] DEBUG [3498]  : Loaded definition of Command CMD-BundleLogs.
[2015-07-11T05:40:59.964Z] INFO  [3498]  : Executing command CMD-BundleLogs activities...
[2015-07-11T05:40:59.964Z] DEBUG [3498]  : Setting environment variables..
[2015-07-11T05:40:59.964Z] INFO  [3498]  : Running AddonsBefore for command CMD-BundleLogs...
[2015-07-11T05:40:59.965Z] DEBUG [3498]  : Running stages of Command CMD-BundleLogs from stage 0 to stage 0...
[2015-07-11T05:40:59.965Z] INFO  [3498]  : Running stage 0 of command CMD-BundleLogs...
[2015-07-11T05:40:59.965Z] DEBUG [3498]  : Loaded 1 actions for stage 0.
[2015-07-11T05:40:59.965Z] INFO  [3498]  : Running 1 of 1 actions: BundleLogs...
