[2015-07-11T05:28:20Z] Started EB User Data
+ SLEEP_TIME=10
+ SLEEP_TIME_MAX=3600
+ true
+ curl https://s3-ap-northeast-1.amazonaws.com/elasticbeanstalk-env-resources-ap-northeast-1/stalks/eb_python_3.18.1/lib/UserDataScript.sh
  % Total    % Received % Xferd  Average Speed   Time    Time     Time  Current
                                 Dload  Upload   Total   Spent    Left  Speed
  0     0    0     0    0     0      0      0 --:--:-- --:--:-- --:--:--     0100  8393  100  8393    0     0  21251      0 --:--:-- --:--:-- --:--:-- 21302
+ RESULT=0
+ [[ 0 -ne 0 ]]
+ /bin/bash /tmp/ebbootstrap.sh 'https://s3-ap-northeast-1.amazonaws.com/elasticbeanstalk-env-resources-ap-northeast-1/stalks/eb_python_3.18.1/lib/aws-cfn-bootstrap-1.4-7_eb.noarch.rpm https://s3-ap-northeast-1.amazonaws.com/elasticbeanstalk-env-resources-ap-northeast-1/stalks/eb_python_3.18.1/lib/aws-elasticbeanstalk-tools-1.15-1.noarch.rpm' https://s3-ap-northeast-1.amazonaws.com/elasticbeanstalk-env-resources-ap-northeast-1/stalks/eb_python_3.18.1/lib/awseb-ruby-2.1.5-x86_64-20141120_2028.tar.gz 'https://s3-ap-northeast-1.amazonaws.com/elasticbeanstalk-env-resources-ap-northeast-1/stalks/eb_python_3.18.1/lib/beanstalk-core-1.6.gem https://s3-ap-northeast-1.amazonaws.com/elasticbeanstalk-env-resources-ap-northeast-1/stalks/eb_python_3.18.1/lib/executor-1.1.gem' 'https://cloudformation-waitcondition-ap-northeast-1.s3-ap-northeast-1.amazonaws.com/arn%3Aaws%3Acloudformation%3Aap-northeast-1%3A085326901678%3Astack/awseb-e-ih6mc5erwn-stack/4fdca380-278d-11e5-99f1-50a676d45896/AWSEBInstanceLaunchWaitHandle?AWSAccessKeyId=AKIAIZ6TP2XVEMTYTWLQ&Expires=1436678763&Signature=a9lC5ApvYKC3Uq3FDl2qK2pkUik%3D' arn:aws:cloudformation:ap-northeast-1:085326901678:stack/awseb-e-ih6mc5erwn-stack/4fdca380-278d-11e5-99f1-50a676d45896 ap-northeast-1 5853392f6602
[2015-07-11T05:28:20.703Z] Started EB Bootstrapping Script.
[2015-07-11T05:28:20.710Z] Received parameters:
 RPMS = https://s3-ap-northeast-1.amazonaws.com/elasticbeanstalk-env-resources-ap-northeast-1/stalks/eb_python_3.18.1/lib/aws-cfn-bootstrap-1.4-7_eb.noarch.rpm https://s3-ap-northeast-1.amazonaws.com/elasticbeanstalk-env-resources-ap-northeast-1/stalks/eb_python_3.18.1/lib/aws-elasticbeanstalk-tools-1.15-1.noarch.rpm
 TARBALLS = https://s3-ap-northeast-1.amazonaws.com/elasticbeanstalk-env-resources-ap-northeast-1/stalks/eb_python_3.18.1/lib/awseb-ruby-2.1.5-x86_64-20141120_2028.tar.gz
 EB_GEMS = https://s3-ap-northeast-1.amazonaws.com/elasticbeanstalk-env-resources-ap-northeast-1/stalks/eb_python_3.18.1/lib/beanstalk-core-1.6.gem https://s3-ap-northeast-1.amazonaws.com/elasticbeanstalk-env-resources-ap-northeast-1/stalks/eb_python_3.18.1/lib/executor-1.1.gem
 SIGNAL_URL = https://cloudformation-waitcondition-ap-northeast-1.s3-ap-northeast-1.amazonaws.com/arn%3Aaws%3Acloudformation%3Aap-northeast-1%3A085326901678%3Astack/awseb-e-ih6mc5erwn-stack/4fdca380-278d-11e5-99f1-50a676d45896/AWSEBInstanceLaunchWaitHandle?AWSAccessKeyId=AKIAIZ6TP2XVEMTYTWLQ&Expires=1436678763&Signature=a9lC5ApvYKC3Uq3FDl2qK2pkUik%3D
 STACK_ID = arn:aws:cloudformation:ap-northeast-1:085326901678:stack/awseb-e-ih6mc5erwn-stack/4fdca380-278d-11e5-99f1-50a676d45896
 REGION = ap-northeast-1
 GUID = 5853392f6602
[2015-07-11T05:28:20.733Z] yum repo has already been locked to 5853392f6602.
[2015-07-11T05:28:20.735Z] yum update has already been done.
[2015-07-11T05:28:20.798Z] Completed creating AWS EB users and groups.
[2015-07-11T05:28:20.803Z] Started executing install_rpms https://s3-ap-northeast-1.amazonaws.com/elasticbeanstalk-env-resources-ap-northeast-1/stalks/eb_python_3.18.1/lib/aws-cfn-bootstrap-1.4-7_eb.noarch.rpm https://s3-ap-northeast-1.amazonaws.com/elasticbeanstalk-env-resources-ap-northeast-1/stalks/eb_python_3.18.1/lib/aws-elasticbeanstalk-tools-1.15-1.noarch.rpm.
[2015-07-11T05:28:20.817Z] Installing RPM: https://s3-ap-northeast-1.amazonaws.com/elasticbeanstalk-env-resources-ap-northeast-1/stalks/eb_python_3.18.1/lib/aws-cfn-bootstrap-1.4-7_eb.noarch.rpm.
[2015-07-11T05:28:21.918Z] aws-cfn-bootstrap-1.4-7_eb.noarch has already been installed. Skip installing.
[2015-07-11T05:28:21.924Z] Installing RPM: https://s3-ap-northeast-1.amazonaws.com/elasticbeanstalk-env-resources-ap-northeast-1/stalks/eb_python_3.18.1/lib/aws-elasticbeanstalk-tools-1.15-1.noarch.rpm.
[2015-07-11T05:28:22.117Z] aws-elasticbeanstalk-tools-1.15-1.noarch has already been installed. Skip installing.
[2015-07-11T05:28:22.123Z] Command Returned: 
[2015-07-11T05:28:22.127Z] Completed executing install_rpms.
[2015-07-11T05:28:22.131Z] Started executing install_tarballs https://s3-ap-northeast-1.amazonaws.com/elasticbeanstalk-env-resources-ap-northeast-1/stalks/eb_python_3.18.1/lib/awseb-ruby-2.1.5-x86_64-20141120_2028.tar.gz.
[2015-07-11T05:28:22.141Z] Installing tarball: https://s3-ap-northeast-1.amazonaws.com/elasticbeanstalk-env-resources-ap-northeast-1/stalks/eb_python_3.18.1/lib/awseb-ruby-2.1.5-x86_64-20141120_2028.tar.gz.
[2015-07-11T05:28:22.150Z] awseb-ruby-2.1.5-x86_64-20141120_2028.tar.gz has already been installed. Skip installing.
[2015-07-11T05:28:22.151Z] Command Returned: 
[2015-07-11T05:28:22.157Z] Completed executing install_tarballs.
[2015-07-11T05:28:22.164Z] Started executing install_eb_gems https://s3-ap-northeast-1.amazonaws.com/elasticbeanstalk-env-resources-ap-northeast-1/stalks/eb_python_3.18.1/lib/beanstalk-core-1.6.gem https://s3-ap-northeast-1.amazonaws.com/elasticbeanstalk-env-resources-ap-northeast-1/stalks/eb_python_3.18.1/lib/executor-1.1.gem.
[2015-07-11T05:28:22.364Z] Installing EB Gem: https://s3-ap-northeast-1.amazonaws.com/elasticbeanstalk-env-resources-ap-northeast-1/stalks/eb_python_3.18.1/lib/beanstalk-core-1.6.gem.
[2015-07-11T05:28:26.460Z] beanstalk-core-1.6 has already been installed. Skip installing.
[2015-07-11T05:28:26.465Z] Installing EB Gem: https://s3-ap-northeast-1.amazonaws.com/elasticbeanstalk-env-resources-ap-northeast-1/stalks/eb_python_3.18.1/lib/executor-1.1.gem.
[2015-07-11T05:28:26.625Z] executor-1.1 has already been installed. Skip installing.
[2015-07-11T05:28:26.631Z] Command Returned: 
[2015-07-11T05:28:26.635Z] Completed executing install_eb_gems.
[2015-07-11T05:28:26.640Z] First init of system.
[2015-07-11T05:28:26.644Z] Started executing cfn_init _OnInstanceBoot.
[2015-07-11T05:28:26.649Z] Running cfn-init ConfigSet: _OnInstanceBoot.
[2015-07-11T05:28:29.790Z] Command Returned: 
[2015-07-11T05:28:29.794Z] Completed executing cfn_init.
[2015-07-11T05:28:29.799Z] Check whether controlled by launch workflow...
[2015-07-11T05:28:31.060Z] Worflow running.
[2015-07-11T05:28:31.065Z] Workflow controlled instance. Running container provisioning...
[2015-07-11T05:28:31.073Z] Started executing start_cfn_hup.
[2015-07-11T05:28:31.078Z] Starting cfn-hup.
[2015-07-11T05:28:31.085Z] Command Returned: cfn-hup start/running, process 2273
[2015-07-11T05:28:31.098Z] Completed executing start_cfn_hup.
[2015-07-11T05:28:31.105Z] Started executing run_eb_command { "api_version" : "1.0", "request_id": "0", "command_name": "CMD-PreInit" } .
[2015-07-11T05:28:31.116Z] Running EB Command: { "api_version" : "1.0", "request_id": "0", "command_name": "CMD-PreInit" } .
[2015-07-11T05:28:51.947Z] Command Returned: {"status":"SUCCESS","api_version":"1.0","results":[{"status":"SUCCESS","msg":"","returncode":0,"events":[]}]}
[2015-07-11T05:28:51.955Z] Completed executing run_eb_command.
[2015-07-11T05:28:51.959Z] Synchronizing network time in background.
[2015-07-11T05:28:51.965Z] Successfully bootstrapped instance.
[2015-07-11T05:28:51.971Z] Sending success signal to CFN wait condition.
CloudFormation signaled successfully with SUCCESS.
[2015-07-11T05:28:52.341Z] Tailing /var/log/eb-commandprocessor.log

******************* eb-commandprocessor taillog *******************
[2015-07-11T05:28:31.323Z] DEBUG [2283]  : Reading config file: /etc/elasticbeanstalk/.aws-eb-stack.properties
[2015-07-11T05:28:31.323Z] INFO  [2283]  : Received command CMD-PreInit: 
{
  "api_version" : "1.0",
  "request_id": "0",
  "command_name": "CMD-PreInit"
}

[2015-07-11T05:28:31.323Z] DEBUG [2283]  : Checking if the command processor should execute...
[2015-07-11T05:28:31.351Z] DEBUG [2283]  : Checking whether the command is applicable to instance (i-05c5aff0)..
[2015-07-11T05:28:31.351Z] INFO  [2283]  : Command is applicable to this instance (i-05c5aff0)..
[2015-07-11T05:28:31.351Z] DEBUG [2283]  : Checking if the received command stage is valid..
[2015-07-11T05:28:31.351Z] INFO  [2283]  : No stage_num in command. Valid stage..
[2015-07-11T05:28:31.351Z] INFO  [2283]  : Command processor should execute command.
[2015-07-11T05:28:31.351Z] DEBUG [2283]  : Storing current stage..
[2015-07-11T05:28:31.351Z] DEBUG [2283]  : Stage_num does not exist. Not saving null stage. Returning..
[2015-07-11T05:28:31.352Z] INFO  [2283]  : Executing command: CMD-PreInit...
[2015-07-11T05:28:31.352Z] DEBUG [2283]  : Reading config file: /etc/elasticbeanstalk/.aws-eb-stack.properties
[2015-07-11T05:28:31.352Z] DEBUG [2283]  : Refreshing metadata..
[2015-07-11T05:28:31.352Z] DEBUG [2283]  : Refreshed environment metadata.
[2015-07-11T05:28:31.352Z] DEBUG [2283]  : Retrieving metadata for key: AWS::ElasticBeanstalk::Ext||_ContainerConfigFileContent||commands..
[2015-07-11T05:28:31.353Z] DEBUG [2283]  : Retrieving metadata for key: AWS::ElasticBeanstalk::Ext||_API||_Commands..
[2015-07-11T05:28:31.355Z] INFO  [2283]  : Found enabled addons: ["logpublish"].
[2015-07-11T05:28:31.356Z] INFO  [2283]  : Updating Command definition of addon logpublish.
[2015-07-11T05:28:31.356Z] DEBUG [2283]  : Loaded definition of Command CMD-PreInit.
[2015-07-11T05:28:31.356Z] INFO  [2283]  : Executing command CMD-PreInit activities...
[2015-07-11T05:28:31.356Z] DEBUG [2283]  : Setting environment variables..
[2015-07-11T05:28:31.356Z] INFO  [2283]  : Running AddonsBefore for command CMD-PreInit...
[2015-07-11T05:28:31.356Z] DEBUG [2283]  : Running stages of Command CMD-PreInit from stage 0 to stage 0...
[2015-07-11T05:28:31.356Z] INFO  [2283]  : Running stage 0 of command CMD-PreInit...
[2015-07-11T05:28:31.356Z] DEBUG [2283]  : Loaded 4 actions for stage 0.
[2015-07-11T05:28:31.356Z] INFO  [2283]  : Running 1 of 4 actions: InfraWriteConfig...
[2015-07-11T05:28:31.360Z] INFO  [2283]  : Running 2 of 4 actions: InfraWriteApp1...
[2015-07-11T05:28:31.361Z] INFO  [2283]  : Running 3 of 4 actions: InfraWriteApp2...
[2015-07-11T05:28:33.904Z] INFO  [2283]  : Running 4 of 4 actions: PreInitHook...
[2015-07-11T05:28:51.940Z] INFO  [2283]  : Running AddonsAfter for command CMD-PreInit...
[2015-07-11T05:28:51.940Z] INFO  [2283]  : Command CMD-PreInit succeeded!
[2015-07-11T05:28:51.940Z] INFO  [2283]  : Command processor returning results: 
{"status":"SUCCESS","api_version":"1.0","results":[{"status":"SUCCESS","msg":"","returncode":0,"events":[]}]}
******************* End of taillog *******************


[2015-07-11T05:28:52.355Z] Tailing /var/log/eb-activity.log

******************* eb-activity taillog *******************
  Using base prefix '/usr'
  New python executable in /opt/python/run/venv/bin/python3.4
  Also creating executable in /opt/python/run/venv/bin/python
  Installing setuptools, pip...done.
  Running virtualenv with interpreter /usr/bin/python3.4
  Ignoring indexes: https://pypi.python.org/simple
  Processing /opt/elasticbeanstalk/containerfiles/packages/pip-7.0.3-py2.py3-none-any.whl
  Installing collected packages: pip
    Found existing installation: pip 6.0.8
      Uninstalling pip-6.0.8:
        Successfully uninstalled pip-6.0.8
  
  Successfully installed pip-7.0.3
  Ignoring indexes: https://pypi.python.org/simple
  Collecting setuptools
  Installing collected packages: setuptools
    Found existing installation: setuptools 12.0.5
      Uninstalling setuptools-12.0.5:
        Successfully uninstalled setuptools-12.0.5
  Successfully installed setuptools-17.1.1
[2015-07-11T05:28:51.314Z] INFO  [2283]  - [CMD-PreInit/PreInitStage0/PreInitHook/05wsgiuser.sh] : Starting activity...
[2015-07-11T05:28:51.702Z] INFO  [2283]  - [CMD-PreInit/PreInitStage0/PreInitHook/05wsgiuser.sh] : Completed activity. Result:
  ++ /opt/elasticbeanstalk/bin/get-config container -k app_user
  + APP_USER=wsgi
  + id -u wsgi
  id: wsgi: no such user
  + adduser --system --user-group wsgi -s /sbin/nologin
[2015-07-11T05:28:51.703Z] INFO  [2283]  - [CMD-PreInit/PreInitStage0/PreInitHook/06startsupervisor.sh] : Starting activity...
[2015-07-11T05:28:51.770Z] INFO  [2283]  - [CMD-PreInit/PreInitStage0/PreInitHook/06startsupervisor.sh] : Completed activity. Result:
  ++ pgrep supervisord
  + '[' '!' ']'
  + start supervisord
  supervisord start/running, process 2380
[2015-07-11T05:28:51.770Z] INFO  [2283]  - [CMD-PreInit/PreInitStage0/PreInitHook/07updatepermissions.sh] : Starting activity...
[2015-07-11T05:28:51.938Z] INFO  [2283]  - [CMD-PreInit/PreInitStage0/PreInitHook/07updatepermissions.sh] : Completed activity. Result:
  ++ /opt/elasticbeanstalk/bin/get-config container -k app_user
  + APP_USER=wsgi
  + chgrp wsgi /opt/python/log
  + chmod 775 /opt/python/log
[2015-07-11T05:28:51.938Z] INFO  [2283]  - [CMD-PreInit/PreInitStage0/PreInitHook/99cleanup.sh] : Starting activity...
[2015-07-11T05:28:51.940Z] INFO  [2283]  - [CMD-PreInit/PreInitStage0/PreInitHook/99cleanup.sh] : Completed activity. Result:
  + rm -f /etc/logrotate.d/httpd
[2015-07-11T05:28:51.940Z] INFO  [2283]  - [CMD-PreInit/PreInitStage0/PreInitHook] : Completed activity. Result:
  Successfully execute hooks in directory /opt/elasticbeanstalk/hooks/preinit.
[2015-07-11T05:28:51.940Z] INFO  [2283]  - [CMD-PreInit/PreInitStage0] : Completed activity. Result:
  Command CMD-PreInit stage 0 completed.
[2015-07-11T05:28:51.940Z] INFO  [2283]  - [CMD-PreInit/AddonsAfter] : Starting activity...
[2015-07-11T05:28:51.940Z] INFO  [2283]  - [CMD-PreInit/AddonsAfter] : Completed activity.
[2015-07-11T05:28:51.940Z] INFO  [2283]  - [CMD-PreInit] : Completed activity. Result:
  Command CMD-PreInit succeeded.
******************* End of taillog *******************


[2015-07-11T05:28:52.364Z] Tailing /var/log/eb-tools.log

******************* eb-tools taillog *******************
***eb-tools is not available yet.***
******************* End of taillog *******************


[2015-07-11T05:28:52.370Z] Tailing /var/log/eb-version-deployment.log

******************* eb-version-deployment taillog *******************
2015-07-11 05:28:32,696 [INFO] Found the latest version manifest file <Key: elasticbeanstalk-ap-northeast-1-085326901678,resources/environments/e-ih6mc5erwn/_runtime/versions/manifest_1436592357898> from bucket elasticbeanstalk-ap-northeast-1-085326901678 and prefix resources/environments/e-ih6mc5erwn/_runtime/versions/
2015-07-11 05:28:32,759 [INFO] Downloaded the manifest file to /tmp/version_file_manifest
2015-07-11 05:28:33,868 [INFO] Downloaded version label app-150711_142532 from s3 key <Key: elasticbeanstalk-ap-northeast-1-085326901678,resources/environments/e-ih6mc5erwn/_runtime/_versions/ladio_test2/app-150711_142532>
******************* End of taillog *******************


[2015-07-11T05:28:52.380Z] Tailing /var/log/cfn-init.log

******************* cfn-init taillog *******************
2015-07-11 05:28:28,680 [INFO] -----------------------Starting build-----------------------
2015-07-11 05:28:28,716 [INFO] Running configSets: _OnInstanceBoot
2015-07-11 05:28:28,717 [INFO] Running configSet _OnInstanceBoot
2015-07-11 05:28:28,721 [INFO] Running config AWSEBBaseConfig
2015-07-11 05:28:28,726 [INFO] Command clearbackupfiles succeeded
2015-07-11 05:28:28,735 [INFO] Running config AWSEBMessageOfTheDay
2015-07-11 05:28:28,738 [INFO] Command 01clearoriginal succeeded
2015-07-11 05:28:28,744 [INFO] Command 02createbanner succeeded
2015-07-11 05:28:28,755 [INFO] Command 03updatebanner succeeded
2015-07-11 05:28:28,763 [INFO] Running config Infra-InstallBaseHooksPkg
2015-07-11 05:28:28,950 [INFO] Running config Infra-InstallContainerHooksPkg
2015-07-11 05:28:29,727 [INFO] Running config Infra-WriteLeaderTestScript
2015-07-11 05:28:29,734 [INFO] Running config AWSEBLockCfnBootstap
2015-07-11 05:28:29,738 [INFO] Command add_lock succeeded
2015-07-11 05:28:29,746 [INFO] Running config Infra-WriteTailLogsConf
2015-07-11 05:28:29,754 [INFO] Running config Infra-WriteSystemTailLogsConf
2015-07-11 05:28:29,762 [INFO] Running config Infra-WriteBundleLogsConf
2015-07-11 05:28:29,767 [INFO] Running config Infra-WritePublishLogsConf
2015-07-11 05:28:29,771 [INFO] Running config Infra-WritePublishLogsCron
2015-07-11 05:28:29,773 [INFO] ConfigSets completed
2015-07-11 05:28:29,780 [INFO] -----------------------Build complete-----------------------
2015-07-11 05:28:31,636 [INFO] -----------------------Starting build-----------------------
2015-07-11 05:28:31,776 [INFO] Running configSets: Infra-WriteApplication2
2015-07-11 05:28:31,777 [INFO] Running configSet Infra-WriteApplication2
2015-07-11 05:28:31,778 [INFO] Running config Infra-WriteApplication2
2015-07-11 05:28:33,880 [INFO] Command 01downloadVersion succeeded
2015-07-11 05:28:33,883 [INFO] Command 02deleteVersionDownloadScriptFile succeeded
2015-07-11 05:28:33,885 [INFO] ConfigSets completed
2015-07-11 05:28:33,892 [INFO] -----------------------Build complete-----------------------
******************* End of taillog *******************


[2015-07-11T05:28:52.391Z] Tailing /var/log/cfn-hup.log

******************* cfn-hup taillog *******************
2015-07-11 05:28:31,315 [DEBUG] CloudFormation client initialized with endpoint https://cloudformation.ap-northeast-1.amazonaws.com
2015-07-11 05:28:31,316 [DEBUG] SQS client initialized with endpoint https://ap-northeast-1.queue.amazonaws.com
2015-07-11 05:28:31,316 [DEBUG] CloudFormation client initialized with endpoint https://cloudformation.ap-northeast-1.amazonaws.com
2015-07-11 05:28:31,316 [DEBUG] Enabled single threading mode.
2015-07-11 05:28:31,316 [DEBUG] Creating /var/lib/cfn-hup/data
2015-07-11 05:28:31,321 [DEBUG] Registering listener i-05c5aff0 for stack arn:aws:cloudformation:ap-northeast-1:085326901678:stack/awseb-e-ih6mc5erwn-stack/4fdca380-278d-11e5-99f1-50a676d45896
2015-07-11 05:28:32,138 [INFO] Refreshing listener credentials
2015-07-11 05:28:32,139 [DEBUG] Get listener credentials for listener i-05c5aff0 in stack arn:aws:cloudformation:ap-northeast-1:085326901678:stack/awseb-e-ih6mc5erwn-stack/4fdca380-278d-11e5-99f1-50a676d45896
2015-07-11 05:28:32,357 [INFO] Scheduling next credential refresh in 7200 seconds
2015-07-11 05:28:32,357 [DEBUG] Receiving messages for queue https://ap-northeast-1.queue.amazonaws.com/958028992997/6d60c3d0f37e735cbda51673e49f6f0b8509bb9e6f740039ba5baf2a05c89180
******************* End of taillog *******************


[2015-07-11T05:28:52.400Z] Completed EB Bootstrapping Script.
+ exit 0
11 Jul 05:29:01 ntpdate[2395]: adjust time server 157.7.153.56 offset 0.001516 sec
