[2015-07-15T11:17:36.523Z] DEBUG [2272]  : Reading config file: /etc/elasticbeanstalk/.aws-eb-stack.properties
[2015-07-15T11:17:36.523Z] INFO  [2272]  : Received command CMD-PreInit: 
{
  "api_version" : "1.0",
  "request_id": "0",
  "command_name": "CMD-PreInit"
}

[2015-07-15T11:17:36.523Z] DEBUG [2272]  : Checking if the command processor should execute...
[2015-07-15T11:17:36.538Z] DEBUG [2272]  : Checking whether the command is applicable to instance (i-14f62fe6)..
[2015-07-15T11:17:36.539Z] INFO  [2272]  : Command is applicable to this instance (i-14f62fe6)..
[2015-07-15T11:17:36.539Z] DEBUG [2272]  : Checking if the received command stage is valid..
[2015-07-15T11:17:36.539Z] INFO  [2272]  : No stage_num in command. Valid stage..
[2015-07-15T11:17:36.539Z] INFO  [2272]  : Command processor should execute command.
[2015-07-15T11:17:36.539Z] DEBUG [2272]  : Storing current stage..
[2015-07-15T11:17:36.539Z] DEBUG [2272]  : Stage_num does not exist. Not saving null stage. Returning..
[2015-07-15T11:17:36.539Z] INFO  [2272]  : Executing command: CMD-PreInit...
[2015-07-15T11:17:36.539Z] DEBUG [2272]  : Reading config file: /etc/elasticbeanstalk/.aws-eb-stack.properties
[2015-07-15T11:17:36.539Z] DEBUG [2272]  : Refreshing metadata..
[2015-07-15T11:17:36.540Z] DEBUG [2272]  : Refreshed environment metadata.
[2015-07-15T11:17:36.540Z] DEBUG [2272]  : Retrieving metadata for key: AWS::ElasticBeanstalk::Ext||_ContainerConfigFileContent||commands..
[2015-07-15T11:17:36.540Z] DEBUG [2272]  : Retrieving metadata for key: AWS::ElasticBeanstalk::Ext||_API||_Commands..
[2015-07-15T11:17:36.541Z] INFO  [2272]  : Found enabled addons: ["logpublish"].
[2015-07-15T11:17:36.542Z] INFO  [2272]  : Updating Command definition of addon logpublish.
[2015-07-15T11:17:36.542Z] DEBUG [2272]  : Loaded definition of Command CMD-PreInit.
[2015-07-15T11:17:36.542Z] INFO  [2272]  : Executing command CMD-PreInit activities...
[2015-07-15T11:17:36.542Z] DEBUG [2272]  : Setting environment variables..
[2015-07-15T11:17:36.542Z] INFO  [2272]  : Running AddonsBefore for command CMD-PreInit...
[2015-07-15T11:17:36.542Z] DEBUG [2272]  : Running stages of Command CMD-PreInit from stage 0 to stage 0...
[2015-07-15T11:17:36.542Z] INFO  [2272]  : Running stage 0 of command CMD-PreInit...
[2015-07-15T11:17:36.542Z] DEBUG [2272]  : Loaded 4 actions for stage 0.
[2015-07-15T11:17:36.542Z] INFO  [2272]  : Running 1 of 4 actions: InfraWriteConfig...
[2015-07-15T11:17:36.545Z] INFO  [2272]  : Running 2 of 4 actions: InfraWriteApp1...
[2015-07-15T11:17:36.545Z] INFO  [2272]  : Running 3 of 4 actions: InfraWriteApp2...
[2015-07-15T11:17:40.575Z] INFO  [2272]  : Running 4 of 4 actions: PreInitHook...
[2015-07-15T11:18:09.234Z] INFO  [2272]  : Running AddonsAfter for command CMD-PreInit...
[2015-07-15T11:18:09.234Z] INFO  [2272]  : Command CMD-PreInit succeeded!
[2015-07-15T11:18:09.234Z] INFO  [2272]  : Command processor returning results: 
{"status":"SUCCESS","api_version":"1.0","results":[{"status":"SUCCESS","msg":"","returncode":0,"events":[]}]}
[2015-07-15T11:18:09.380Z] DEBUG [2379]  : Reading config file: /etc/elasticbeanstalk/.aws-eb-stack.properties
[2015-07-15T11:18:09.380Z] INFO  [2379]  : Received command CMD-SelfStartup: 
{
  "api_version" : "1.0",
  "request_id": "0",
  "command_name": "CMD-SelfStartup"
}

[2015-07-15T11:18:09.380Z] DEBUG [2379]  : Checking if the command processor should execute...
[2015-07-15T11:18:09.400Z] DEBUG [2379]  : Checking whether the command is applicable to instance (i-14f62fe6)..
[2015-07-15T11:18:09.400Z] INFO  [2379]  : Command is applicable to this instance (i-14f62fe6)..
[2015-07-15T11:18:09.400Z] DEBUG [2379]  : Checking if the received command stage is valid..
[2015-07-15T11:18:09.400Z] INFO  [2379]  : No stage_num in command. Valid stage..
[2015-07-15T11:18:09.400Z] INFO  [2379]  : Command processor should execute command.
[2015-07-15T11:18:09.400Z] DEBUG [2379]  : Storing current stage..
[2015-07-15T11:18:09.400Z] DEBUG [2379]  : Stage_num does not exist. Not saving null stage. Returning..
[2015-07-15T11:18:09.401Z] INFO  [2379]  : Executing command: CMD-SelfStartup...
[2015-07-15T11:18:09.401Z] DEBUG [2379]  : Reading config file: /etc/elasticbeanstalk/.aws-eb-stack.properties
[2015-07-15T11:18:09.401Z] DEBUG [2379]  : Refreshing metadata..
[2015-07-15T11:18:09.401Z] DEBUG [2379]  : Refreshed environment metadata.
[2015-07-15T11:18:09.401Z] DEBUG [2379]  : Retrieving metadata for key: AWS::ElasticBeanstalk::Ext||_ContainerConfigFileContent||commands..
[2015-07-15T11:18:09.402Z] DEBUG [2379]  : Retrieving metadata for key: AWS::ElasticBeanstalk::Ext||_API||_Commands..
[2015-07-15T11:18:09.403Z] INFO  [2379]  : Found enabled addons: ["logpublish"].
[2015-07-15T11:18:09.403Z] INFO  [2379]  : Updating Command definition of addon logpublish.
[2015-07-15T11:18:09.404Z] DEBUG [2379]  : Loaded definition of Command CMD-SelfStartup.
[2015-07-15T11:18:09.404Z] INFO  [2379]  : Executing command CMD-SelfStartup activities...
[2015-07-15T11:18:09.404Z] DEBUG [2379]  : Setting environment variables..
[2015-07-15T11:18:09.404Z] INFO  [2379]  : Running AddonsBefore for command CMD-SelfStartup...
[2015-07-15T11:18:09.404Z] DEBUG [2379]  : Running stages of Command CMD-SelfStartup from stage 0 to stage 1...
[2015-07-15T11:18:09.404Z] INFO  [2379]  : Running stage 0 of command CMD-SelfStartup...
[2015-07-15T11:18:09.404Z] DEBUG [2379]  : Loaded 4 actions for stage 0.
[2015-07-15T11:18:09.404Z] INFO  [2379]  : Running 1 of 4 actions: EbExtensionPreBuild...
[2015-07-15T11:19:02.104Z] INFO  [2379]  : Running 2 of 4 actions: AppDeployPreHook...
[2015-07-15T11:20:17.677Z] INFO  [2379]  : Running 3 of 4 actions: EbExtensionPostBuild...
[2015-07-15T11:20:52.136Z] INFO  [2379]  : Running 4 of 4 actions: InfraCleanEbextension...
[2015-07-15T11:20:52.139Z] INFO  [2379]  : Running stage 1 of command CMD-SelfStartup...
[2015-07-15T11:20:52.139Z] DEBUG [2379]  : Loaded 3 actions for stage 1.
[2015-07-15T11:20:52.139Z] INFO  [2379]  : Running 1 of 3 actions: AppDeployEnactHook...
[2015-07-15T11:20:57.457Z] INFO  [2379]  : Running 2 of 3 actions: AppDeployPostHook...
[2015-07-15T11:20:57.458Z] INFO  [2379]  : Running 3 of 3 actions: PostInitHook...
[2015-07-15T11:20:57.462Z] INFO  [2379]  : Running AddonsAfter for command CMD-SelfStartup...
[2015-07-15T11:20:57.552Z] INFO  [2379]  : Command CMD-SelfStartup succeeded!
[2015-07-15T11:20:57.553Z] INFO  [2379]  : Command processor returning results: 
{"status":"SUCCESS","api_version":"1.0","results":[{"status":"SUCCESS","msg":"","returncode":0,"events":[]}]}
[2015-07-15T16:09:56.070Z] DEBUG [28775] : Reading config file: /etc/elasticbeanstalk/.aws-eb-stack.properties
[2015-07-15T16:09:56.070Z] INFO  [28775] : Received command CMD-AppDeploy: {"command_name":"CMD-AppDeploy","execution_data":"{\"leader_election\":\"true\"}","request_id":"e9fb8e4b-2b0b-11e5-835a-31522bae2a77","resource_name":"AWSEBAutoScalingGroup","data":"manifest_1436976593028","instance_ids":["i-14f62fe6"],"command_timeout":"600","api_version":"1.0"}
[2015-07-15T16:09:56.070Z] DEBUG [28775] : Checking if the command processor should execute...
[2015-07-15T16:09:56.072Z] DEBUG [28775] : Checking whether the command is applicable to instance (i-14f62fe6)..
[2015-07-15T16:09:56.072Z] INFO  [28775] : Command is applicable to this instance (i-14f62fe6)..
[2015-07-15T16:09:56.072Z] DEBUG [28775] : Checking if the received command stage is valid..
[2015-07-15T16:09:56.072Z] INFO  [28775] : No stage_num in command. Valid stage..
[2015-07-15T16:09:56.072Z] INFO  [28775] : Command processor should execute command.
[2015-07-15T16:09:56.072Z] DEBUG [28775] : Storing current stage..
[2015-07-15T16:09:56.072Z] DEBUG [28775] : Stage_num does not exist. Not saving null stage. Returning..
[2015-07-15T16:09:56.073Z] INFO  [28775] : Executing command: CMD-AppDeploy...
[2015-07-15T16:09:56.073Z] DEBUG [28775] : Reading config file: /etc/elasticbeanstalk/.aws-eb-stack.properties
[2015-07-15T16:09:56.073Z] DEBUG [28775] : Refreshing metadata..
[2015-07-15T16:09:56.334Z] DEBUG [28775] : Refreshed environment metadata.
[2015-07-15T16:09:56.334Z] DEBUG [28775] : Retrieving metadata for key: AWS::ElasticBeanstalk::Ext||_ContainerConfigFileContent||commands..
[2015-07-15T16:09:56.335Z] DEBUG [28775] : Retrieving metadata for key: AWS::ElasticBeanstalk::Ext||_API||_Commands..
[2015-07-15T16:09:56.336Z] INFO  [28775] : Found enabled addons: ["logpublish"].
[2015-07-15T16:09:56.336Z] INFO  [28775] : Updating Command definition of addon logpublish.
[2015-07-15T16:09:56.337Z] DEBUG [28775] : Loaded definition of Command CMD-AppDeploy.
[2015-07-15T16:09:56.337Z] INFO  [28775] : Executing command CMD-AppDeploy activities...
[2015-07-15T16:09:56.337Z] DEBUG [28775] : Setting environment variables..
[2015-07-15T16:09:56.337Z] INFO  [28775] : Running AddonsBefore for command CMD-AppDeploy...
[2015-07-15T16:09:56.337Z] DEBUG [28775] : Running stages of Command CMD-AppDeploy from stage 0 to stage 1...
[2015-07-15T16:09:56.337Z] INFO  [28775] : Running stage 0 of command CMD-AppDeploy...
[2015-07-15T16:09:56.337Z] INFO  [28775] : Running leader election...
[2015-07-15T16:09:56.618Z] INFO  [28775] : Instance is Leader.
[2015-07-15T16:09:56.618Z] DEBUG [28775] : Loaded 7 actions for stage 0.
[2015-07-15T16:09:56.618Z] INFO  [28775] : Running 1 of 7 actions: InfraWriteConfig...
[2015-07-15T16:09:56.621Z] INFO  [28775] : Running 2 of 7 actions: InfraWriteApp1...
[2015-07-15T16:09:56.625Z] INFO  [28775] : Running 3 of 7 actions: InfraWriteApp2...
[2015-07-15T16:09:59.286Z] INFO  [28775] : Running 4 of 7 actions: EbExtensionPreBuild...
[2015-07-15T16:10:00.385Z] INFO  [28775] : Running 5 of 7 actions: AppDeployPreHook...
[2015-07-15T16:10:06.937Z] INFO  [28775] : Running 6 of 7 actions: EbExtensionPostBuild...
[2015-07-15T16:10:46.738Z] INFO  [28775] : Running 7 of 7 actions: InfraCleanEbextension...
[2015-07-15T16:10:46.740Z] INFO  [28775] : Running stage 1 of command CMD-AppDeploy...
[2015-07-15T16:10:46.740Z] DEBUG [28775] : Loaded 2 actions for stage 1.
[2015-07-15T16:10:46.740Z] INFO  [28775] : Running 1 of 2 actions: AppDeployEnactHook...
[2015-07-15T16:10:51.320Z] INFO  [28775] : Running 2 of 2 actions: AppDeployPostHook...
[2015-07-15T16:10:51.320Z] INFO  [28775] : Running AddonsAfter for command CMD-AppDeploy...
[2015-07-15T16:10:51.399Z] INFO  [28775] : Command CMD-AppDeploy succeeded!
[2015-07-15T16:10:51.399Z] INFO  [28775] : Command processor returning results: 
{"status":"SUCCESS","api_version":"1.0","results":[{"status":"SUCCESS","msg":"","returncode":0,"events":[]}]}
[2015-07-15T16:12:06.807Z] DEBUG [29176] : Reading config file: /etc/elasticbeanstalk/.aws-eb-stack.properties
[2015-07-15T16:12:06.807Z] INFO  [29176] : Received command CMD-AppDeploy: {"command_name":"CMD-AppDeploy","execution_data":"{\"leader_election\":\"true\"}","request_id":"37131f55-2b0c-11e5-a0d4-ed5239282cab","resource_name":"AWSEBAutoScalingGroup","data":"manifest_1436976723047","instance_ids":["i-14f62fe6"],"command_timeout":"600","api_version":"1.0"}
[2015-07-15T16:12:06.807Z] DEBUG [29176] : Checking if the command processor should execute...
[2015-07-15T16:12:06.809Z] DEBUG [29176] : Checking whether the command is applicable to instance (i-14f62fe6)..
[2015-07-15T16:12:06.809Z] INFO  [29176] : Command is applicable to this instance (i-14f62fe6)..
[2015-07-15T16:12:06.809Z] DEBUG [29176] : Checking if the received command stage is valid..
[2015-07-15T16:12:06.809Z] INFO  [29176] : No stage_num in command. Valid stage..
[2015-07-15T16:12:06.809Z] INFO  [29176] : Command processor should execute command.
[2015-07-15T16:12:06.809Z] DEBUG [29176] : Storing current stage..
[2015-07-15T16:12:06.809Z] DEBUG [29176] : Stage_num does not exist. Not saving null stage. Returning..
[2015-07-15T16:12:06.809Z] INFO  [29176] : Executing command: CMD-AppDeploy...
[2015-07-15T16:12:06.809Z] DEBUG [29176] : Reading config file: /etc/elasticbeanstalk/.aws-eb-stack.properties
[2015-07-15T16:12:06.810Z] DEBUG [29176] : Refreshing metadata..
[2015-07-15T16:12:07.076Z] DEBUG [29176] : Refreshed environment metadata.
[2015-07-15T16:12:07.076Z] DEBUG [29176] : Retrieving metadata for key: AWS::ElasticBeanstalk::Ext||_ContainerConfigFileContent||commands..
[2015-07-15T16:12:07.076Z] DEBUG [29176] : Retrieving metadata for key: AWS::ElasticBeanstalk::Ext||_API||_Commands..
[2015-07-15T16:12:07.077Z] INFO  [29176] : Found enabled addons: ["logpublish"].
[2015-07-15T16:12:07.078Z] INFO  [29176] : Updating Command definition of addon logpublish.
[2015-07-15T16:12:07.078Z] DEBUG [29176] : Loaded definition of Command CMD-AppDeploy.
[2015-07-15T16:12:07.078Z] INFO  [29176] : Executing command CMD-AppDeploy activities...
[2015-07-15T16:12:07.078Z] DEBUG [29176] : Setting environment variables..
[2015-07-15T16:12:07.078Z] INFO  [29176] : Running AddonsBefore for command CMD-AppDeploy...
[2015-07-15T16:12:07.078Z] DEBUG [29176] : Running stages of Command CMD-AppDeploy from stage 0 to stage 1...
[2015-07-15T16:12:07.078Z] INFO  [29176] : Running stage 0 of command CMD-AppDeploy...
[2015-07-15T16:12:07.078Z] INFO  [29176] : Running leader election...
[2015-07-15T16:12:07.337Z] INFO  [29176] : Instance is Leader.
[2015-07-15T16:12:07.337Z] DEBUG [29176] : Loaded 7 actions for stage 0.
[2015-07-15T16:12:07.337Z] INFO  [29176] : Running 1 of 7 actions: InfraWriteConfig...
[2015-07-15T16:12:07.339Z] INFO  [29176] : Running 2 of 7 actions: InfraWriteApp1...
[2015-07-15T16:12:07.344Z] INFO  [29176] : Running 3 of 7 actions: InfraWriteApp2...
[2015-07-15T16:12:10.207Z] INFO  [29176] : Running 4 of 7 actions: EbExtensionPreBuild...
[2015-07-15T16:12:11.232Z] INFO  [29176] : Running 5 of 7 actions: AppDeployPreHook...
[2015-07-15T16:12:15.830Z] INFO  [29176] : Running 6 of 7 actions: EbExtensionPostBuild...
[2015-07-15T16:12:55.180Z] INFO  [29176] : Running 7 of 7 actions: InfraCleanEbextension...
[2015-07-15T16:12:55.183Z] INFO  [29176] : Running stage 1 of command CMD-AppDeploy...
[2015-07-15T16:12:55.183Z] DEBUG [29176] : Loaded 2 actions for stage 1.
[2015-07-15T16:12:55.183Z] INFO  [29176] : Running 1 of 2 actions: AppDeployEnactHook...
[2015-07-15T16:12:59.619Z] INFO  [29176] : Running 2 of 2 actions: AppDeployPostHook...
[2015-07-15T16:12:59.619Z] INFO  [29176] : Running AddonsAfter for command CMD-AppDeploy...
[2015-07-15T16:12:59.700Z] INFO  [29176] : Command CMD-AppDeploy succeeded!
[2015-07-15T16:12:59.700Z] INFO  [29176] : Command processor returning results: 
{"status":"SUCCESS","api_version":"1.0","results":[{"status":"SUCCESS","msg":"","returncode":0,"events":[]}]}
[2015-07-15T16:19:37.700Z] DEBUG [29705] : Reading config file: /etc/elasticbeanstalk/.aws-eb-stack.properties
[2015-07-15T16:19:37.701Z] INFO  [29705] : Received command CMD-BundleLogs: {"command_name":"CMD-BundleLogs","execution_data":"{\"aws_access_key_id\":\"ASIAIEVENG2D2URBKRYA\",\"policy\":\"eyJjb25kaXRpb25zIjpbWyJzdGFydHMtd2l0aCIsIiR4LWFtei1tZXRhLXB1Ymxpc2hfbWVjaGFuaXNtIiwiIl0sWyJlcSIsIiRhY2wiLCJwcml2YXRlIl0sWyJzdGFydHMtd2l0aCIsIiRrZXkiLCJyZXNvdXJjZXNcL2Vudmlyb25tZW50c1wvbG9nc1wvIl0sWyJlcSIsIiRidWNrZXQiLCJlbGFzdGljYmVhbnN0YWxrLWFwLW5vcnRoZWFzdC0xLTA4NTMyNjkwMTY3OCJdLFsic3RhcnRzLXdpdGgiLCIkeC1hbXotc2VjdXJpdHktdG9rZW4iLCIiXSxbInN0YXJ0cy13aXRoIiwiJHgtYW16LW1ldGEtZmlsZV9uYW1lIiwiIl0sWyJzdGFydHMtd2l0aCIsIiR4LWFtei1tZXRhLXRpbWVfc3RhbXAiLCIiXSxbInN0YXJ0cy13aXRoIiwiJHgtYW16LW1ldGEtYmF0Y2hfaWQiLCIiXSxbInN0YXJ0cy13aXRoIiwiJENvbnRlbnQtVHlwZSIsIiJdXSwiZXhwaXJhdGlvbiI6IjIwMTUtMDctMTVUMTY6NDk6MzUuNDU5WiJ9\",\"security_token\":\"AQoDYXdzEPH\\\/\\\/\\\/\\\/\\\/\\\/\\\/\\\/\\\/\\\/wEasALKeaRSbvEq4xYzCWUj68fgB7sH1BeKTMbsyB60JMaFk34vR8nb1AnP1oX55ZAfIkC1i6clOTFC8GakszVAv95c7ecvuVdGlI90cVFvUqde7hMvnkM8EvZRmCADVy0a0PGvimV32haAdSFw+3TtGbHXq1abgJPHIVLVfh8KBf+apzLxZSl7ZosKyDz29w5kTpp4DVRjDMMtaCzyPNfAUsOi9YoUuOEsiC3UMfGT2uvZrJQiS7UWurmwFkOuZorf6dhysysKTxvUtQIunzI8jKbLaeiNF59FeZvFW8vy3jzJPeZJCIdGX3YkBsRQEp0pFAR1j64geIOxPuHNGsnxCTRIB3vLudAJ3NFs0j3enN74sskeuVsdrfiAwrAQqFHKW+7ZiZplkSIijR2NUCXk1aOLIJeQmq0F\",\"signature\":\"I7Ot6+7wMAn0pC73Dm8YMHwr9zg=\"}","request_id":"484c09d0-2b0d-11e5-a433-17a42bc445eb","resource_name":"AWSEBAutoScalingGroup","data":"484c09d0-2b0d-11e5-a433-17a42bc445eb","instance_ids":["i-14f62fe6"],"command_timeout":"600","api_version":"1.0"}
[2015-07-15T16:19:37.701Z] DEBUG [29705] : Checking if the command processor should execute...
[2015-07-15T16:19:37.703Z] DEBUG [29705] : Checking whether the command is applicable to instance (i-14f62fe6)..
[2015-07-15T16:19:37.703Z] INFO  [29705] : Command is applicable to this instance (i-14f62fe6)..
[2015-07-15T16:19:37.703Z] DEBUG [29705] : Checking if the received command stage is valid..
[2015-07-15T16:19:37.703Z] INFO  [29705] : No stage_num in command. Valid stage..
[2015-07-15T16:19:37.703Z] INFO  [29705] : Command processor should execute command.
[2015-07-15T16:19:37.703Z] DEBUG [29705] : Storing current stage..
[2015-07-15T16:19:37.703Z] DEBUG [29705] : Stage_num does not exist. Not saving null stage. Returning..
[2015-07-15T16:19:37.703Z] INFO  [29705] : Executing command: CMD-BundleLogs...
[2015-07-15T16:19:37.703Z] DEBUG [29705] : Reading config file: /etc/elasticbeanstalk/.aws-eb-stack.properties
[2015-07-15T16:19:37.703Z] DEBUG [29705] : Refreshing metadata..
[2015-07-15T16:19:37.915Z] DEBUG [29705] : Refreshed environment metadata.
[2015-07-15T16:19:37.915Z] DEBUG [29705] : Retrieving metadata for key: AWS::ElasticBeanstalk::Ext||_ContainerConfigFileContent||commands..
[2015-07-15T16:19:37.915Z] DEBUG [29705] : Retrieving metadata for key: AWS::ElasticBeanstalk::Ext||_API||_Commands..
[2015-07-15T16:19:37.916Z] INFO  [29705] : Found enabled addons: ["logpublish"].
[2015-07-15T16:19:37.917Z] INFO  [29705] : Updating Command definition of addon logpublish.
[2015-07-15T16:19:37.917Z] DEBUG [29705] : Loaded definition of Command CMD-BundleLogs.
[2015-07-15T16:19:37.917Z] INFO  [29705] : Executing command CMD-BundleLogs activities...
[2015-07-15T16:19:37.917Z] DEBUG [29705] : Setting environment variables..
[2015-07-15T16:19:37.917Z] INFO  [29705] : Running AddonsBefore for command CMD-BundleLogs...
[2015-07-15T16:19:37.917Z] DEBUG [29705] : Running stages of Command CMD-BundleLogs from stage 0 to stage 0...
[2015-07-15T16:19:37.917Z] INFO  [29705] : Running stage 0 of command CMD-BundleLogs...
[2015-07-15T16:19:37.917Z] DEBUG [29705] : Loaded 1 actions for stage 0.
[2015-07-15T16:19:37.917Z] INFO  [29705] : Running 1 of 1 actions: BundleLogs...
