2015-07-15 11:25:01,751 [INFO] (3235 MainThread) [clearStaleLogPublishingRecords.py-38] [root clearStaleLogPublishingRecords main] Clearing stale log publish records publish log task with batch id 2217031e-2ae4-11e5-bca7-06a1bbcab60b
2015-07-15 11:25:01,751 [INFO] (3235 MainThread) [file_tools.py-34] [root file_tools __init__] Created directory /tmp/.log-publish-records for recording published log file entries
2015-07-15 11:25:01,751 [INFO] (3235 MainThread) [clearStaleLogPublishingRecords.py-48] [root clearStaleLogPublishingRecords main] Successfully cleared stale log publishing records
2015-07-15 11:30:02,116 [INFO] (3269 MainThread) [publishLogs.py-61] [root publishLogs main] Starting publish log task with batch id d51f1280-2ae4-11e5-b8b6-06a1bbcab60b
2015-07-15 11:30:02,119 [INFO] (3269 MainThread) [publishLogs.py-86] [root publishLogs main] Log publication is disabled
2015-07-15 11:45:01,188 [INFO] (3366 MainThread) [clearStaleLogPublishingRecords.py-38] [root clearStaleLogPublishingRecords main] Clearing stale log publish records publish log task with batch id ed029208-2ae6-11e5-9f99-06a1bbcab60b
2015-07-15 11:45:01,188 [INFO] (3366 MainThread) [clearStaleLogPublishingRecords.py-48] [root clearStaleLogPublishingRecords main] Successfully cleared stale log publishing records
2015-07-15 11:50:01,278 [INFO] (3428 MainThread) [publishLogs.py-61] [root publishLogs main] Starting publish log task with batch id 9fe0b7b0-2ae7-11e5-a6dc-06a1bbcab60b
2015-07-15 11:50:01,290 [INFO] (3428 MainThread) [publishLogs.py-86] [root publishLogs main] Log publication is disabled
2015-07-15 12:05:01,542 [INFO] (3558 MainThread) [clearStaleLogPublishingRecords.py-38] [root clearStaleLogPublishingRecords main] Clearing stale log publish records publish log task with batch id b87a0c84-2ae9-11e5-82c5-06a1bbcab60b
2015-07-15 12:05:01,542 [INFO] (3558 MainThread) [clearStaleLogPublishingRecords.py-48] [root clearStaleLogPublishingRecords main] Successfully cleared stale log publishing records
2015-07-15 12:10:01,661 [INFO] (3592 MainThread) [publishLogs.py-61] [root publishLogs main] Starting publish log task with batch id 6b5c9d44-2aea-11e5-af88-06a1bbcab60b
2015-07-15 12:10:01,665 [INFO] (3592 MainThread) [publishLogs.py-86] [root publishLogs main] Log publication is disabled
2015-07-15 12:25:01,737 [INFO] (26948 MainThread) [clearStaleLogPublishingRecords.py-38] [root clearStaleLogPublishingRecords main] Clearing stale log publish records publish log task with batch id 83d94b7c-2aec-11e5-893e-06a1bbcab60b
2015-07-15 12:25:01,737 [INFO] (26948 MainThread) [clearStaleLogPublishingRecords.py-48] [root clearStaleLogPublishingRecords main] Successfully cleared stale log publishing records
2015-07-15 12:30:01,824 [INFO] (26982 MainThread) [publishLogs.py-61] [root publishLogs main] Starting publish log task with batch id 36b6fb72-2aed-11e5-8aca-06a1bbcab60b
2015-07-15 12:30:01,828 [INFO] (26982 MainThread) [publishLogs.py-86] [root publishLogs main] Log publication is disabled
2015-07-15 12:45:01,899 [INFO] (27108 MainThread) [clearStaleLogPublishingRecords.py-38] [root clearStaleLogPublishingRecords main] Clearing stale log publish records publish log task with batch id 4f337dc2-2aef-11e5-a3dc-06a1bbcab60b
2015-07-15 12:45:01,899 [INFO] (27108 MainThread) [clearStaleLogPublishingRecords.py-48] [root clearStaleLogPublishingRecords main] Successfully cleared stale log publishing records
2015-07-15 12:50:01,986 [INFO] (27142 MainThread) [publishLogs.py-61] [root publishLogs main] Starting publish log task with batch id 02111d1e-2af0-11e5-9e5f-06a1bbcab60b
2015-07-15 12:50:01,990 [INFO] (27142 MainThread) [publishLogs.py-86] [root publishLogs main] Log publication is disabled
2015-07-15 13:05:01,086 [INFO] (27270 MainThread) [clearStaleLogPublishingRecords.py-38] [root clearStaleLogPublishingRecords main] Clearing stale log publish records publish log task with batch id 19f8eb62-2af2-11e5-8c84-06a1bbcab60b
2015-07-15 13:05:01,086 [INFO] (27270 MainThread) [clearStaleLogPublishingRecords.py-48] [root clearStaleLogPublishingRecords main] Successfully cleared stale log publishing records
2015-07-15 13:10:01,172 [INFO] (27332 MainThread) [publishLogs.py-61] [root publishLogs main] Starting publish log task with batch id ccd65530-2af2-11e5-acdc-06a1bbcab60b
2015-07-15 13:10:01,175 [INFO] (27332 MainThread) [publishLogs.py-86] [root publishLogs main] Log publication is disabled
2015-07-15 13:25:01,245 [INFO] (27432 MainThread) [clearStaleLogPublishingRecords.py-38] [root clearStaleLogPublishingRecords main] Clearing stale log publish records publish log task with batch id e5529f4a-2af4-11e5-a941-06a1bbcab60b
2015-07-15 13:25:01,245 [INFO] (27432 MainThread) [clearStaleLogPublishingRecords.py-48] [root clearStaleLogPublishingRecords main] Successfully cleared stale log publishing records
2015-07-15 13:30:01,341 [INFO] (27466 MainThread) [publishLogs.py-61] [root publishLogs main] Starting publish log task with batch id 9831972e-2af5-11e5-b9a1-06a1bbcab60b
2015-07-15 13:30:01,344 [INFO] (27466 MainThread) [publishLogs.py-86] [root publishLogs main] Log publication is disabled
2015-07-15 13:45:01,417 [INFO] (27590 MainThread) [clearStaleLogPublishingRecords.py-38] [root clearStaleLogPublishingRecords main] Clearing stale log publish records publish log task with batch id b0ae511e-2af7-11e5-9141-06a1bbcab60b
2015-07-15 13:45:01,417 [INFO] (27590 MainThread) [clearStaleLogPublishingRecords.py-48] [root clearStaleLogPublishingRecords main] Successfully cleared stale log publishing records
2015-07-15 13:50:01,511 [INFO] (27624 MainThread) [publishLogs.py-61] [root publishLogs main] Starting publish log task with batch id 638d0082-2af8-11e5-8647-06a1bbcab60b
2015-07-15 13:50:01,519 [INFO] (27624 MainThread) [publishLogs.py-86] [root publishLogs main] Log publication is disabled
2015-07-15 14:05:01,626 [INFO] (27780 MainThread) [clearStaleLogPublishingRecords.py-38] [root clearStaleLogPublishingRecords main] Clearing stale log publish records publish log task with batch id 7c0fc052-2afa-11e5-b1fe-06a1bbcab60b
2015-07-15 14:05:01,627 [INFO] (27780 MainThread) [clearStaleLogPublishingRecords.py-48] [root clearStaleLogPublishingRecords main] Successfully cleared stale log publishing records
2015-07-15 14:10:01,715 [INFO] (27814 MainThread) [publishLogs.py-61] [root publishLogs main] Starting publish log task with batch id 2eed9622-2afb-11e5-824f-06a1bbcab60b
2015-07-15 14:10:01,718 [INFO] (27814 MainThread) [publishLogs.py-86] [root publishLogs main] Log publication is disabled
2015-07-15 14:25:01,789 [INFO] (27912 MainThread) [clearStaleLogPublishingRecords.py-38] [root clearStaleLogPublishingRecords main] Clearing stale log publish records publish log task with batch id 476a1cc8-2afd-11e5-8a0e-06a1bbcab60b
2015-07-15 14:25:01,790 [INFO] (27912 MainThread) [clearStaleLogPublishingRecords.py-48] [root clearStaleLogPublishingRecords main] Successfully cleared stale log publishing records
2015-07-15 14:30:01,888 [INFO] (27944 MainThread) [publishLogs.py-61] [root publishLogs main] Starting publish log task with batch id fa497582-2afd-11e5-934d-06a1bbcab60b
2015-07-15 14:30:01,895 [INFO] (27944 MainThread) [publishLogs.py-86] [root publishLogs main] Log publication is disabled
2015-07-15 14:45:01,967 [INFO] (28068 MainThread) [clearStaleLogPublishingRecords.py-38] [root clearStaleLogPublishingRecords main] Clearing stale log publish records publish log task with batch id 12c6c3ec-2b00-11e5-81d1-06a1bbcab60b
2015-07-15 14:45:01,968 [INFO] (28068 MainThread) [clearStaleLogPublishingRecords.py-48] [root clearStaleLogPublishingRecords main] Successfully cleared stale log publishing records
2015-07-15 14:50:02,061 [INFO] (28102 MainThread) [publishLogs.py-61] [root publishLogs main] Starting publish log task with batch id c5a54c86-2b00-11e5-a8f9-06a1bbcab60b
2015-07-15 14:50:02,064 [INFO] (28102 MainThread) [publishLogs.py-86] [root publishLogs main] Log publication is disabled
2015-07-15 15:05:01,157 [INFO] (28261 MainThread) [clearStaleLogPublishingRecords.py-38] [root clearStaleLogPublishingRecords main] Clearing stale log publish records publish log task with batch id dd8c992e-2b02-11e5-8f5d-06a1bbcab60b
2015-07-15 15:05:01,158 [INFO] (28261 MainThread) [clearStaleLogPublishingRecords.py-48] [root clearStaleLogPublishingRecords main] Successfully cleared stale log publishing records
2015-07-15 15:10:01,244 [INFO] (28295 MainThread) [publishLogs.py-61] [root publishLogs main] Starting publish log task with batch id 906a19a4-2b03-11e5-a56f-06a1bbcab60b
2015-07-15 15:10:01,247 [INFO] (28295 MainThread) [publishLogs.py-86] [root publishLogs main] Log publication is disabled
2015-07-15 15:25:01,314 [INFO] (28395 MainThread) [clearStaleLogPublishingRecords.py-38] [root clearStaleLogPublishingRecords main] Clearing stale log publish records publish log task with batch id a8e60d7e-2b05-11e5-b554-06a1bbcab60b
2015-07-15 15:25:01,315 [INFO] (28395 MainThread) [clearStaleLogPublishingRecords.py-48] [root clearStaleLogPublishingRecords main] Successfully cleared stale log publishing records
2015-07-15 15:30:01,566 [INFO] (28457 MainThread) [publishLogs.py-61] [root publishLogs main] Starting publish log task with batch id 5bdcbdb0-2b06-11e5-9eba-06a1bbcab60b
2015-07-15 15:30:01,575 [INFO] (28457 MainThread) [publishLogs.py-86] [root publishLogs main] Log publication is disabled
2015-07-15 15:45:01,644 [INFO] (28553 MainThread) [clearStaleLogPublishingRecords.py-38] [root clearStaleLogPublishingRecords main] Clearing stale log publish records publish log task with batch id 7459c9ee-2b08-11e5-ab12-06a1bbcab60b
2015-07-15 15:45:01,644 [INFO] (28553 MainThread) [clearStaleLogPublishingRecords.py-48] [root clearStaleLogPublishingRecords main] Successfully cleared stale log publishing records
2015-07-15 15:50:01,729 [INFO] (28615 MainThread) [publishLogs.py-61] [root publishLogs main] Starting publish log task with batch id 273723a4-2b09-11e5-8ccd-06a1bbcab60b
2015-07-15 15:50:01,732 [INFO] (28615 MainThread) [publishLogs.py-86] [root publishLogs main] Log publication is disabled
2015-07-15 16:05:01,863 [INFO] (28741 MainThread) [clearStaleLogPublishingRecords.py-38] [root clearStaleLogPublishingRecords main] Clearing stale log publish records publish log task with batch id 3fbca4c4-2b0b-11e5-b4f7-06a1bbcab60b
2015-07-15 16:05:01,863 [INFO] (28741 MainThread) [clearStaleLogPublishingRecords.py-48] [root clearStaleLogPublishingRecords main] Successfully cleared stale log publishing records
2015-07-15 16:10:03,308 [INFO] (28835 MainThread) [publishLogs.py-61] [root publishLogs main] Starting publish log task with batch id f3698136-2b0b-11e5-a823-06a1bbcab60b
2015-07-15 16:10:03,311 [INFO] (28835 MainThread) [publishLogs.py-86] [root publishLogs main] Log publication is disabled
